SPARTA (24 Sep 2025)
Running on 64 MPI task(s)
Created orthogonal box = (-3 -3 -3) to (3 3 3)
Loaded NRLMSIS data: rho=7.551843e-05 nrho=1.5701e+21 T=219.3036 vx=7862.4
MEAN FREE PATH = 0.00104713930222873 m
MEAN MOLEC VEL = 400.37943232621 m/s
CELL SIZE MUST BE LESS THAN 0.000349046434076243 m
MEAN COLL TIME = 2.61536736826074e-06 s
MEAN TRANSIT TIME = 8.7178912275358e-07 s
TIMESTEP MUST BE < 2.90596374251193e-07 s
Created 250000000 child grid cells
  CPU time = 3.5451 secs
  create/ghost percent = 34.2567 65.7433
Balance grid migrated 242187500 cells
  CPU time = 8.27622 secs
  reassign/sort/migrate/ghost percent = 43.4156 1.37256 36.3755 18.8363
Reading surface file ...
  12 triangles
  -0.5 0.5 xlo xhi
  -0.5 0.5 ylo yhi
  -0.5 0.5 zlo zhi
  1 min triangle edge length
  0.5 min triangle area
  69224 = cells with surfs
  72396 = total surfs in all grid cells
  6 = max surfs in one grid cell
  83.3333 = min surf-size/cell-size ratio
  69224 0 = cells overlapping surfs, overlap cells with unmarked corner pts
  2 tiny edges removed
  248814592 1116184 69224 = cells outside/inside/overlapping surfs
  69224 = surf cells with 1,2,etc splits
  214.99999999746 215 = cell-wise and global flow volume
  CPU time = 2.31247 secs
  read/check/sort/surf2grid/ghost/inout/particle percent = 0.159302 0.162966 23.2883 15.6448 60.7447 114.774 0.000542018
  surf2grid time = 0.36178 secs
  map/comm1/comm2/comm3/comm4/split percent = 20.4442 0 0 0 0 60.2087
0 = initial surface count in group ampt_xnorm
4 = final surface count in group ampt_xnorm
0 = initial surface count in group ampt_yznorm
8 = final surface count in group ampt_yznorm
particles per particle = 3140200000000
Creating particles ...
Created 497685185 particles
  CPU time = 1.98722 secs
Memory usage per proc in Mbytes:
  particles (ave,min,max) = 741.992 718.75 745.312
  grid      (ave,min,max) = 749.753 740.139 753.302
  surf      (ave,min,max) = 0.00151062 0.00151062 0.00151062
  total     (ave,min,max) = 2058.02 2036.45 2064.85
Step CPU Np Natt Ncoll c_Tbox c_drag c_drag_xnorm c_drag_walls 
       0            0 497685185        0        0    71950.164            0            0            0 
     100    96.418118 497676574 19945287  9726208    71884.389    5395.0433    5043.6057    351.43754 
     200     204.1366 497665701 22503249 10629654    71840.631    5437.5842    5056.7016    380.88252 
     300    318.91616 497659737 23730417 11068888    71810.379    5444.5917    5069.2502    375.34148 
     400    439.37654 497654417 24438155 11357098    71786.574     5434.398    5074.3956    360.00244 
     500    564.37721 497649510 24921490 11576518    71766.165     5413.571    5073.9023    339.66871 
     600    695.69637 497642666 25309991 11770434    71747.671    5389.3241    5067.8376    321.48653 
