SPARTA (24 Sep 2025)
Running on 48 MPI task(s)
Created orthogonal box = (-0.75 -0.5 -0.5) to (0.75 0.5 0.5)
Loaded NRLMSIS data: rho=2.28371073913e-08 nrho=4.74805e+17 T=386.612465 vx=7832.1
MEAN FREE PATH = 3.46271157466005 m
MEAN MOLEC VEL = 531.602138572453 m/s
CELL SIZE MUST BE LESS THAN 1.15423719155335 m
MEAN COLL TIME = 0.00651372769861066 s
MEAN TRANSIT TIME = 0.00217124256620355 s
TIMESTEP MUST BE < 0.00072374752206785 s
Created 1500000 child grid cells
  CPU time = 0.0563547 secs
  create/ghost percent = 6.99568 93.0043
Balance grid migrated 1428378 cells
  CPU time = 0.0626437 secs
  reassign/sort/migrate/ghost percent = 33.1154 0.986591 40.8651 25.033
Reading surface file ...
  12 triangles
  -0.5 0.5 xlo xhi
  -0.1 0.1 ylo yhi
  -0.1 0.1 zlo zhi
  0.2 min triangle edge length
  0.02 min triangle area
  10168 = cells with surfs
  11684 = total surfs in all grid cells
  6 = max surfs in one grid cell
  20 = min surf-size/cell-size ratio
  10168 8 = cells overlapping surfs, overlap cells with unmarked corner pts
  2596 tiny edges removed
  1450632 39200 10168 = cells outside/inside/overlapping surfs
  10168 = surf cells with 1,2,etc splits
  1.46000000000047 1.46 = cell-wise and global flow volume
  CPU time = 0.0271153 secs
  read/check/sort/surf2grid/ghost/inout/particle percent = 5.86877 6.89905 9.84655 17.185 60.2007 37.6802 0.0190224
  surf2grid time = 0.00465976 secs
  map/comm1/comm2/comm3/comm4/split percent = 19.5699 0 0 0 0 63.2744
0 = initial surface count in group ampt_xnorm
4 = final surface count in group ampt_xnorm
0 = initial surface count in group ampt_yznorm
8 = final surface count in group ampt_yznorm
particles per particle = 47480500000
Creating particles ...
Created 9733333 particles
  CPU time = 0.0429916 secs
Memory usage per proc in Mbytes:
  particles (ave,min,max) = 20.0521 18.75 20.3125
  grid      (ave,min,max) = 11.3458 7.70129 11.5763
  surf      (ave,min,max) = 0.00151062 0.00151062 0.00151062
  total     (ave,min,max) = 36.679 32.3927 37.2052
Step CPU Np Natt Ncoll c_Tbox c_drag c_drag_xnorm c_drag_walls 
       0            0  9733333        0        0    64060.986            0            0            0 
     100    1.4371644  9733016        0        0    63874.794  0.070819049  0.053213866  0.017605183 
     200    2.9472368  9733717       11        4    63687.916  0.071222516  0.053369272  0.017853244 
     300    4.4962513  9733823       13        6    63500.508  0.071313328  0.053350826  0.017962503 
     400    6.5000866  9751078       32       12    63318.737  0.071302834  0.053336786  0.017966049 
     500    8.2577634  9771839       44       20    63134.805  0.071365874   0.05330853  0.018057344 
     600    10.206735  9793366       49       15    62950.916   0.07144495  0.053387952  0.018056999 
     700    12.039203  9816758       51       15    62770.993  0.071439142  0.053425293  0.018013849 
     800    13.985098  9839926       57       19    62591.231   0.07137593  0.053420428  0.017955501 
     900     15.77575  9864367       66       28    62413.353  0.071359416  0.053420526   0.01793889 
    1000     17.58359  9889940       80       28    62236.352  0.071326586   0.05336872  0.017957866 
    1100    19.393797  9914734       98       35    62058.109  0.071317845  0.053393811  0.017924035 
    1200    21.249296  9939911      103       45    61881.276  0.071301099  0.053406367  0.017894732 
    1300     23.12791  9966250       93       34    61705.203  0.071333926  0.053427653  0.017906273 
    1400    25.013676  9993165       87       33    61532.062  0.071317045  0.053409598  0.017907447 
    1500    26.929708 10021023      102       50     61361.84  0.071291202  0.053398789  0.017892413 
    1600    28.871281 10048520      104       30    61190.542  0.071276839  0.053390548   0.01788629 
    1700    30.845226 10077423      105       44    61021.189  0.071253014  0.053376498  0.017876516 
    1800    32.804799 10105923      115       43    60851.945  0.071241191  0.053362963  0.017878228 
    1900    34.861189 10134437      115       43    60682.291  0.071262604  0.053364467  0.017898137 
    2000    36.899296 10164279      163       56    60518.644  0.071249375  0.053364329  0.017885047 
    2100    38.936917 10190914      126       39    60353.846  0.071231569  0.053343298  0.017888271 
    2200    40.999418 10218590      127       52    60193.561  0.071194324  0.053333507  0.017860817 
    2300    43.096107 10246629      117       44    60035.188  0.071163863  0.053310936  0.017852927 
    2400    45.213608 10273860      139       53    59876.634  0.071132121  0.053273356  0.017858766 
    2500    47.360219 10301557      154       57    59721.396  0.071115686  0.053262523  0.017853163 
    2600    49.522175 10327572      167       71    59563.435  0.071144811  0.053288514  0.017856297 
    2700    51.735924 10354982      160       67    59412.632  0.071121777  0.053267819  0.017853958 
    2800    53.943063 10382340      153       55    59266.054  0.071102868  0.053254599  0.017848269 
    2900    56.180223 10408229      156       65    59123.052  0.071068187  0.053235252  0.017832936 
    3000    58.433957 10433036      173       63     58979.58  0.071060454  0.053228082  0.017832372 
    3100    60.712707 10457678      167       66    58843.051   0.07104371  0.053210682  0.017833028 
    3200     63.01958 10483348      186       77    58711.024  0.071011159  0.053179309  0.017831851 
    3300    65.365066 10507550      184       63    58574.598  0.071019422  0.053186387  0.017833035 
    3400     67.71206 10531358      178       62    58444.054   0.07102197  0.053186684  0.017835287 
    3500    70.082351 10553787      175       64    58318.101  0.070995335  0.053169024  0.017826311 
    3600    72.466405 10576218      189       67    58190.925   0.07100036  0.053167406  0.017832954 
    3700    74.861986 10598642      192       70    58065.717  0.070992732  0.053153221  0.017839512 
    3800    77.279291 10620523      200       77    57945.041  0.070982916  0.053151304  0.017831611 
    3900    79.713639 10643148      200       87    57826.877  0.070975758  0.053140699  0.017835059 
    4000    82.193761 10665439      198       74    57711.429  0.070982502  0.053139013  0.017843489 
    4100    84.662367 10686241      197       80    57599.261  0.070973811  0.053119558  0.017854253 
    4200    87.237544 10709022      218       96    57486.281  0.070973071  0.053112512  0.017860559 
    4300    89.732446 10729227      198       74    57378.243  0.070969659  0.053099208  0.017870451 
    4400    92.239645 10749568      220       66     57271.17   0.07097551  0.053098351  0.017877159 
    4500    94.752169 10770837      223      100    57168.098  0.070954643  0.053078128  0.017876514 
    4600    97.276356 10790030      223       82    57063.466  0.070955857  0.053074886  0.017880972 
    4700     99.81238 10808665      247      108    56962.021  0.070947972  0.053055701  0.017892271 
    4800    102.36143 10828421      238       89    56863.127   0.07094296  0.053042252  0.017900708 
    4900    104.91889 10849164      242       94    56765.284  0.070934177  0.053027636  0.017906541 
    5000    107.53259 10868104      224       98    56668.436  0.070935024  0.053024911  0.017910112 
Loop time of 107.533 on 48 procs for 5000 steps with 10868104 particles

MPI task timing breakdown:
Section |  min time  |  avg time  |  max time  |%varavg| %total
---------------------------------------------------------------
Move    | 37.959     | 50.572     | 59.819     |  68.0 | 47.03
Coll    | 6.3003     | 7.7582     | 12.821     |  53.3 |  7.21
Sort    | 20.412     | 23.133     | 28.814     |  36.2 | 21.51
Comm    | 1.1649     | 1.2397     | 1.3035     |   3.1 |  1.15
Modify  | 2.505      | 12.61      | 15.839     |  86.0 | 11.73
Output  | 0.20404    | 0.20418    | 0.20921    |   0.2 |  0.19
Other   |            | 12.02      |            |       | 11.17

Particle moves    = 51454569368 (51.5B)
Cells touched     = 55504521096 (55.5B)
Particle comms    = 86540651 (86.5M)
Boundary collides = 0 (0K)
Boundary exits    = 24969427 (25M)
SurfColl checks   = 779835232 (780M)
SurfColl occurs   = 1474865 (1.47M)
Surf reactions    = 0 (0K)
Collide attempts  = 698460 (0.698M)
Collide occurs    = 266050 (0.266M)
Gas reactions     = 0 (0K)
Particles stuck   = 0
Axisymm bad moves = 0

Particle-moves/CPUsec/proc: 9.96879e+06
Particle-moves/step: 1.02909e+07
Cell-touches/particle/step: 1.07871
Particle comm iterations/step: 1
Particle fraction communicated: 0.00168188
Particle fraction colliding with boundary: 0
Particle fraction exiting boundary: 0.000485271
Surface-checks/particle/step: 0.0151558
Surface-collisions/particle/step: 2.86634e-05
Surface-reactions/particle/step: 0
Collision-attempts/particle/step: 1.35743e-05
Collisions/particle/step: 5.17058e-06
Gas-reactions/particle/step: 0

Particles: 226419 ave 410324 max 183089 min
Histogram: 7 34 3 0 0 0 0 0 0 4
Cells:     31250 ave 31250 max 31250 min
Histogram: 48 0 0 0 0 0 0 0 0 0
GhostCell: 12513.1 ave 15490 max 10090 min
Histogram: 3 6 10 4 5 9 0 8 0 3
EmptyCell: 4478.35 ave 6193 max 2808 min
Histogram: 2 0 13 10 0 3 8 6 0 6
Surfs:     12 ave 12 max 12 min
Histogram: 48 0 0 0 0 0 0 0 0 0
GhostSurf: 0 ave 0 max 0 min
Histogram: 48 0 0 0 0 0 0 0 0 0
Using SLURM job id 53113838 for runtime/credits
Row: ['120', '0.0709', '2.53', '1.15/0.01', '0.000724/1e-07', '150x100x100', '10M', '6.67', 'himem', '48', '21.51 ms', '5000', '00:01:50', '', '0.003085']
Appended row for altitude=120 km to /storage/home/jxa5508/VLEO-DSMC/data/ampt_box_log.tsv
Updated table in /storage/home/jxa5508/VLEO-DSMC/README.md
Saved /storage/home/jxa5508/VLEO-DSMC/outputs/Ethan_drag_theory_drag.png
Saved /storage/home/jxa5508/VLEO-DSMC/outputs/Ethan_drag_theory_Cd.png
