SPARTA (24 Sep 2025)
Running on 48 MPI task(s)
Created orthogonal box = (-0.75 -0.5 -0.5) to (0.75 0.5 0.5)
Loaded NRLMSIS data: rho=5.795833478261e-07 nrho=1.205008e+19 T=182.236065 vx=7844.2
MEAN FREE PATH = 0.136439938090381 m
MEAN MOLEC VEL = 364.977320611674 m/s
CELL SIZE MUST BE LESS THAN 0.0454799793634603 m
MEAN COLL TIME = 0.000373831277685195 s
MEAN TRANSIT TIME = 0.000124610425895065 s
TIMESTEP MUST BE < 4.15368086316883e-05 s
Created 1500000 child grid cells
  CPU time = 0.0271686 secs
  create/ghost percent = 14.1015 85.8985
Balance grid migrated 1428378 cells
  CPU time = 0.0614139 secs
  reassign/sort/migrate/ghost percent = 32.1339 0.977416 41.7924 25.0963
Reading surface file ...
  12 triangles
  -0.5 0.5 xlo xhi
  -0.1 0.1 ylo yhi
  -0.1 0.1 zlo zhi
  0.2 min triangle edge length
  0.02 min triangle area
  10168 = cells with surfs
  11684 = total surfs in all grid cells
  6 = max surfs in one grid cell
  20 = min surf-size/cell-size ratio
  10168 8 = cells overlapping surfs, overlap cells with unmarked corner pts
  2596 tiny edges removed
  1450632 39200 10168 = cells outside/inside/overlapping surfs
  10168 = surf cells with 1,2,etc splits
  1.46000000000047 1.46 = cell-wise and global flow volume
  CPU time = 0.026296 secs
  read/check/sort/surf2grid/ghost/inout/particle percent = 4.90415 6.84698 9.92959 16.7647 61.5546 38.6109 0.0541452
  surf2grid time = 0.00440843 secs
  map/comm1/comm2/comm3/comm4/split percent = 19.5385 0 0 0 0 62.0096
0 = initial surface count in group ampt_xnorm
4 = final surface count in group ampt_xnorm
0 = initial surface count in group ampt_yznorm
8 = final surface count in group ampt_yznorm
particles per particle = 1205008000000
Creating particles ...
Created 9733333 particles
  CPU time = 0.0428277 secs
Memory usage per proc in Mbytes:
  particles (ave,min,max) = 20.0521 18.75 20.3125
  grid      (ave,min,max) = 11.3458 7.70129 11.5763
  surf      (ave,min,max) = 0.00151062 0.00151062 0.00151062
  total     (ave,min,max) = 36.679 32.3927 37.2052
Step CPU Np Natt Ncoll c_Tbox c_drag c_drag_xnorm c_drag_walls 
       0            0  9733333        0        0    69565.831            0            0            0 
     100    1.4072068  9733507      133       61    69384.787    1.8221188    1.4991563   0.32296248 
     200    2.8886671  9734015      343      158    69206.801    1.8238313    1.4986606   0.32517063 
     300    4.4012289  9733449      612      282    69027.899    1.8228242    1.4952075   0.32761668 
     400    6.0150804  9750636     4881     2660    68855.632    1.8161152    1.4861466   0.32996856 
     500    7.6212642  9770854    10414     5502    68678.064    1.8195372    1.4830612   0.33647605 
     600    9.3153381  9793645     1870      910    68504.252    1.8200203    1.4776925   0.34232783 
     700    11.042739  9815748     1509      710    68334.169    1.8199653    1.4750668    0.3448985 
     800    12.774772  9838484     3448     1759    68165.937    1.8158455    1.4708149   0.34503069 
     900    14.492583  9862766     8387     4497    67999.454    1.8122491    1.4664107   0.34583836 
    1000    16.272886  9885079     6767     3569    67832.047    1.8091274    1.4608111    0.3483163 
    1100    18.076954  9908544     3037     1482    67668.587    1.8082074    1.4565952   0.35161216 
    1200     19.86573  9932394     3294     1625    67505.218    1.8073005    1.4530541   0.35424642 
    1300    21.682668  9956606     6307     3325    67342.083    1.8051364    1.4491272   0.35600927 
    1400    23.550654  9981710     8116     4298    67183.753    1.8035492    1.4456811   0.35786808 
    1500    25.433812 10005514     5608     2873    67028.273    1.8016576    1.4416788   0.35997873 
    1600    27.350644 10031379     3945     2027    66874.395    1.8005138     1.438556   0.36195773 
    1700    29.300718 10056434     5343     2728    66722.747     1.799576    1.4352498   0.36432617 
    1800    31.276606 10082135     7515     4032    66573.076    1.7990693    1.4326202    0.3664491 
    1900    33.238832 10106239     7266     3816    66423.717    1.7987269    1.4302826   0.36844435 
    2000    35.217501 10131893     5461     2849     66274.07    1.7986525    1.4278238   0.37082873 
    2100    37.229868 10157837     5233     2669    66128.523    1.7988629    1.4259581   0.37290482 
    2200    39.234526 10184110     6784     3537    65983.061    1.7990688    1.4235104   0.37555832 
    2300    41.278155 10210229     7580     4050    65837.103    1.7992571    1.4212844    0.3779727 
    2400    43.313631 10236370     6604     3438    65692.789    1.8001591    1.4196332   0.38052588 
    2500    45.351419 10262742     5944     3029      65547.2    1.8007851    1.4175449   0.38324017 
    2600    47.407122 10289722     6725     3437    65402.689    1.8024626    1.4161375   0.38632516 
    2700     49.46548 10317897     7629     3983    65254.176    1.8049277    1.4155496    0.3893781 
    2800    51.538055 10345767     7333     3899    65109.516    1.8067082    1.4139982   0.39271001 
    2900    53.615035 10373701     6857     3484    64963.617    1.8095879    1.4132101   0.39637787 
    3000    55.729237 10403358     7061     3625    64819.205    1.8121552    1.4121181   0.40003713 
    3100    57.834617 10434485     7570     4059    64674.924    1.8151865    1.4114123   0.40377416 
    3200    59.934255 10464846     7687     4041    64530.632    1.8183086    1.4105271   0.40778141 
    3300    62.044663 10495172     7553     3861    64386.875    1.8218739    1.4097808   0.41209316 
    3400    64.161184 10528117     7654     3905    64246.308    1.8253856    1.4089443   0.41644135 
    3500    66.281807 10558925     7907     4090    64106.788    1.8287868    1.4080026   0.42078424 
    3600    68.411055 10590554     7902     4110    63967.936    1.8327072    1.4074939   0.42521323 
    3700    70.546198 10619881     8105     4086    63829.527    1.8366608     1.407099    0.4295617 
    3800    72.706622 10649783     8195     4162    63690.686    1.8407751    1.4065815   0.43419354 
    3900    74.846831 10681697     8374     4336    63561.781    1.8442681    1.4055487   0.43871933 
    4000    77.070829 10710671     8536     4397    63429.691    1.8484582    1.4049183   0.44353995 
    4100    79.220924 10739919     8612     4448    63302.554    1.8521155    1.4039847    0.4481308 
    4200     81.37483 10768762     8608     4327      63177.9    1.8563968    1.4036412   0.45275555 
    4300    83.553643 10798863     8947     4491    63057.365    1.8607971    1.4031974   0.45759968 
    4400    85.725332 10826377     8947     4495    62941.432     1.865264    1.4028203   0.46244368 
    4500    87.898981 10854987     9058     4679    62827.033     1.869682     1.402498   0.46718406 
    4600    90.080356 10880837     9041     4613    62716.227    1.8738598    1.4020233   0.47183644 
    4700    92.287188 10907562     9209     4684    62608.885    1.8782253    1.4015991   0.47662618 
    4800    94.472039 10933383     9436     4770    62505.986    1.8823943    1.4010995   0.48129478 
    4900      96.6519 10957536     9451     4688    62406.795    1.8867341    1.4007357   0.48599846 
    5000    98.836919 10980558     9520     4803    62309.487    1.8911287    1.4003964   0.49073224 
Loop time of 98.8371 on 48 procs for 5000 steps with 10980558 particles

MPI task timing breakdown:
Section |  min time  |  avg time  |  max time  |%varavg| %total
---------------------------------------------------------------
Move    | 38.761     | 49.554     | 55.661     |  67.1 | 50.14
Coll    | 6.7026     | 7.9453     | 12.586     |  41.7 |  8.04
Sort    | 19.396     | 22.518     | 26.145     |  33.1 | 22.78
Comm    | 1.0081     | 1.0916     | 1.1419     |   3.2 |  1.10
Modify  | 2.1533     | 9.8147     | 13.569     |  80.2 |  9.93
Output  | 0.17952    | 0.17964    | 0.18414    |   0.2 |  0.18
Other   |            | 7.734      |            |       |  7.82

Particle moves    = 51490638908 (51.5B)
Cells touched     = 55614691157 (55.6B)
Particle comms    = 88968595 (89M)
Boundary collides = 0 (0K)
Boundary exits    = 24901212 (24.9M)
SurfColl checks   = 768089692 (768M)
SurfColl occurs   = 2373500 (2.37M)
Surf reactions    = 0 (0K)
Collide attempts  = 32799119 (32.8M)
Collide occurs    = 16916838 (16.9M)
Gas reactions     = 0 (0K)
Particles stuck   = 0
Axisymm bad moves = 0

Particle-moves/CPUsec/proc: 1.08534e+07
Particle-moves/step: 1.02981e+07
Cell-touches/particle/step: 1.08009
Particle comm iterations/step: 1
Particle fraction communicated: 0.00172786
Particle fraction colliding with boundary: 0
Particle fraction exiting boundary: 0.000483607
Surface-checks/particle/step: 0.0149171
Surface-collisions/particle/step: 4.60958e-05
Surface-reactions/particle/step: 0
Collision-attempts/particle/step: 0.000636992
Collisions/particle/step: 0.000328542
Gas-reactions/particle/step: 0

Particles: 228762 ave 307142 max 168104 min
Histogram: 4 2 2 12 15 9 0 0 0 4
Cells:     31250 ave 31250 max 31250 min
Histogram: 48 0 0 0 0 0 0 0 0 0
GhostCell: 12513.1 ave 15490 max 10090 min
Histogram: 3 6 10 4 5 9 0 8 0 3
EmptyCell: 4478.35 ave 6193 max 2808 min
Histogram: 2 0 13 10 0 3 8 6 0 6
Surfs:     12 ave 12 max 12 min
Histogram: 48 0 0 0 0 0 0 0 0 0
GhostSurf: 0 ave 0 max 0 min
Histogram: 48 0 0 0 0 0 0 0 0 0
Using SLURM job id 53112349 for runtime/credits
Row: ['100', '1.89', '2.65', '0.0455/0.01', '4.15e-05/1e-07', '150x100x100', '10M', '6.67', 'himem', '48', '19.77 ms', '5000', '00:01:41', '0.003085']
Appended row for altitude=100 km to /storage/home/jxa5508/VLEO-DSMC/data/ampt_box_log.tsv
Updated table in /storage/home/jxa5508/VLEO-DSMC/README.md
Saved /storage/home/jxa5508/VLEO-DSMC/outputs/Ethan_drag_theory_drag.png
Saved /storage/home/jxa5508/VLEO-DSMC/outputs/Ethan_drag_theory_Cd.png
