SPARTA (24 Sep 2025)
Running on 64 MPI task(s)
Created orthogonal box = (-3 -3 -3) to (3 3 3)
Loaded NRLMSIS data: rho=7.551843e-05 nrho=1.5701e+21 T=219.3036 vx=7862.4
MEAN FREE PATH = 0.00104713930222873 m
MEAN MOLEC VEL = 400.37943232621 m/s
CELL SIZE MUST BE LESS THAN 0.000349046434076243 m
MEAN COLL TIME = 2.61536736826074e-06 s
MEAN TRANSIT TIME = 8.7178912275358e-07 s
TIMESTEP MUST BE < 2.90596374251193e-07 s
WARNING: Could not acquire nearby ghost cells b/c grid partition is not clumped (../grid.cpp:473)
Created 250000000 child grid cells
  CPU time = 1.68889 secs
  create/ghost percent = 61.7523 38.2477
Balance grid migrated 246093438 cells
  CPU time = 9.3607 secs
  reassign/sort/migrate/ghost percent = 34.1201 1.20798 30.1803 34.4916
Reading surface file ...
  12 triangles
  -0.5 0.5 xlo xhi
  -0.5 0.5 ylo yhi
  -0.5 0.5 zlo zhi
  1 min triangle edge length
  0.5 min triangle area
  69224 = cells with surfs
  72396 = total surfs in all grid cells
  6 = max surfs in one grid cell
  83.3333 = min surf-size/cell-size ratio
  69224 0 = cells overlapping surfs, overlap cells with unmarked corner pts
  2 tiny edges removed
  248814592 1116184 69224 = cells outside/inside/overlapping surfs
  69224 = surf cells with 1,2,etc splits
  214.99999999746 215 = cell-wise and global flow volume
  CPU time = 3.7026 secs
  read/check/sort/surf2grid/ghost/inout/particle percent = 0.113063 0.0398864 19.1468 12.4173 68.283 85.8431 0.000860854
  surf2grid time = 0.459763 secs
  map/comm1/comm2/comm3/comm4/split percent = 24.3688 0 0 0 0 51.5731
0 = initial surface count in group ampt_xnorm
4 = final surface count in group ampt_xnorm
0 = initial surface count in group ampt_yznorm
8 = final surface count in group ampt_yznorm
particles per particle = 1256080000000
Creating particles ...
