SPARTA (24 Sep 2025)
Running on 64 MPI task(s)
Created orthogonal box = (-3 -3 -3) to (3 3 3)
Loaded NRLMSIS data: rho=7.977337e-05 nrho=1.658564e+21 T=223.2864 vx=7862.4
MEAN FREE PATH = 0.000991287143762499 m
MEAN MOLEC VEL = 403.998713462698 m/s
CELL SIZE MUST BE LESS THAN 0.000330429047920833 m
MEAN COLL TIME = 2.45368886268502e-06 s
MEAN TRANSIT TIME = 8.17896287561674e-07 s
TIMESTEP MUST BE < 2.72632095853891e-07 s
Created 250000000 child grid cells
  CPU time = 3.46155 secs
  create/ghost percent = 34.2767 65.7233
Balance grid migrated 242187500 cells
  CPU time = 8.1824 secs
  reassign/sort/migrate/ghost percent = 45.3308 1.38543 35.8612 17.4226
Reading surface file ...
  12 triangles
  -0.5 0.5 xlo xhi
  -0.5 0.5 ylo yhi
  -0.5 0.5 zlo zhi
  1 min triangle edge length
  0.5 min triangle area
  69224 = cells with surfs
  72396 = total surfs in all grid cells
  6 = max surfs in one grid cell
  83.3333 = min surf-size/cell-size ratio
  69224 0 = cells overlapping surfs, overlap cells with unmarked corner pts
  2 tiny edges removed
  248814592 1116184 69224 = cells outside/inside/overlapping surfs
  69224 = surf cells with 1,2,etc splits
  214.99999999746 215 = cell-wise and global flow volume
  CPU time = 2.37322 secs
  read/check/sort/surf2grid/ghost/inout/particle percent = 0.0916985 0.161855 21.922 17.4612 60.3632 104.775 0.000696269
  surf2grid time = 0.414393 secs
  map/comm1/comm2/comm3/comm4/split percent = 17.8042 0 0 0 0 62.7304
0 = initial surface count in group ampt_xnorm
4 = final surface count in group ampt_xnorm
0 = initial surface count in group ampt_yznorm
8 = final surface count in group ampt_yznorm
particles per particle = 3317128000000
Creating particles ...
Created 497685185 particles
  CPU time = 1.97012 secs
Memory usage per proc in Mbytes:
  particles (ave,min,max) = 741.992 718.75 745.312
  grid      (ave,min,max) = 749.753 740.139 753.302
  surf      (ave,min,max) = 0.00151062 0.00151062 0.00151062
  total     (ave,min,max) = 2058.02 2036.45 2064.85
Step CPU Np Natt Ncoll c_Tbox c_drag c_drag_xnorm c_drag_walls 
       0            0 497685185        0        0    71887.714            0            0            0 
     100    95.792056 497676782 21285724 10310227    71819.256    5706.4779    5328.4101    378.06771 
     200    204.02685 497668593 23977863 11261970    71775.343    5744.8209    5340.1106    404.71026 
     300    319.00037 497664393 25249621 11725971    71745.377    5749.6179    5354.0267    395.59121 
     400    439.99518 497660412 26013168 12045936    71721.807    5740.8692    5361.9409    378.92836 
     500    566.27278 497657630 26533676 12281712    71701.655    5714.0286    5357.1469    356.88177 
     600    696.40645 497649981 26933217 12484671    71683.165      5688.44    5350.2684    338.17156 
     700    832.67527 497646844 27276960 12665274    71665.738    5661.1296    5339.1894    321.94013 
     800    970.24595 497640179 27600728 12850618    71648.971    5635.8935    5327.3274    308.56615 
     900    1111.5252 497630772 27906080 13018481     71632.74    5609.3937    5311.3993    297.99439 
    1000    1255.9199 497626067 28193462 13185272     71616.71    5583.7191    5294.4402    289.27889 
    1100    1403.9369 497623229 28477522 13347608     71601.03    5557.8458    5275.9529    281.89296 
    1200    1555.0021 497614700 28758849 13514635    71585.541    5532.6064    5256.6686    275.93774 
    1300    1709.5088 497604793 29018357 13668291    71570.292     5505.594    5234.8332    270.76084 
    1400    1868.3764 497594595 29275560 13819428    71555.201    5479.4942    5212.9278    266.56638 
    1500    2028.9688 497588592 29537143 13981319    71540.206    5454.8101    5191.7555    263.05459 
    1600    2192.3081 497586781 29775760 14122992    71525.459     5428.439    5168.1642    260.27481 
    1700    2358.4415 497581326 30019514 14278416     71510.79    5402.6857    5144.8944    257.79133 
    1800    2528.8374 497573025 30282239 14440624     71496.39    5377.5357    5121.7441    255.79162 
    1900    2700.8064 497567613 30519621 14590592    71481.998    5352.7808     5098.827    253.95376 
