SPARTA (24 Sep 2025)
Running on 8 MPI task(s)
Created orthogonal box = (-3 -3 -3) to (3 3 3)
Loaded NRLMSIS data: rho=7.977337e-05 nrho=1.658564e+21 T=223.2864 vx=7862.4
MEAN FREE PATH = 0.000991287143762499 m
MEAN MOLEC VEL = 403.998713462698 m/s
CELL SIZE MUST BE LESS THAN 0.000330429047920833 m
MEAN COLL TIME = 2.45368886268502e-06 s
MEAN TRANSIT TIME = 8.17896287561674e-07 s
TIMESTEP MUST BE < 2.72632095853891e-07 s
WARNING: Per-processor grid cell memory will be large because global gridcut < 0.0 (../grid.cpp:502)
Created 562500 child grid cells
  CPU time = 0.300534 secs
  create/ghost percent = 4.18705 95.813
WARNING: Per-processor grid cell memory will be large because global gridcut < 0.0 (../grid.cpp:502)
Balance grid migrated 493899 cells
  CPU time = 0.263799 secs
  reassign/sort/migrate/ghost percent = 8.90857 0.580047 17.505 73.0064
Reading surface file ...
  12 triangles
  -0.5 0.5 xlo xhi
  -0.5 0.5 ylo yhi
  -0.5 0.5 zlo zhi
  1 min triangle edge length
  0.5 min triangle area
  1106 0 = cells overlapping surfs, overlap cells with unmarked corner pts
  1 tiny edges removed
WARNING: Per-processor grid cell memory will be large because global gridcut < 0.0 (../grid.cpp:502)
  559458 1936 1106 = cells outside/inside/overlapping surfs
  1106 = surf cells with 1,2,etc splits
  215.000000000179 215 = cell-wise and global flow volume
  CPU time = 0.304651 secs
  read/check/sort/surf2grid/ghost/inout/particle percent = 1.04799 0.0919329 2.97764 8.05618 87.8263 7.19039 0.00157459
  surf2grid time = 0.0245433 secs
  map/comm1/comm2/comm3/comm4/split percent = 32.9052 0.253177 24.2995 5.04804 8.2145 14.6481
0 = initial surface count in group ampt_xnorm
4 = final surface count in group ampt_xnorm
0 = initial surface count in group ampt_yznorm
8 = final surface count in group ampt_yznorm
particles per particle = 3.317128e+15
Creating particles ...
Created 497685 particles
  CPU time = 0.0172801 secs
Memory usage per proc in Mbytes:
  particles (ave,min,max) = 6.25 6.25 6.25
  grid      (ave,min,max) = 69.2638 69.2638 69.2638
  surf      (ave,min,max) = 0.00151062 0.00151062 0.00151062
  total     (ave,min,max) = 85.7861 85.786 85.7862
Step CPU Np Natt Ncoll c_Tbox c_drag c_drag_xnorm c_drag_walls 
       0            0   497685        0        0    71901.228            0            0            0 
     100    1.2462862   497610    14778     6952    71842.415    6951.9318    6602.8291     349.1027 
     200    2.5325779   497560    16682     7592    71799.835      6990.73    6647.8431    342.88691 
     300    3.8634208   497541    13646     6186    71767.332    6475.6924    6142.8858    332.80668 
     400    5.1741515   497630    17164     7754    71732.792    6504.4512    6114.7476    389.70356 
     500    6.5075752   497795    19420     8909    71703.347    6320.3968    5943.4759    376.92088 
     600    7.8240726   497873    18017     8189    71672.786    6404.4849     6049.651    354.83383 
     700    9.0788925   497848    19302     8886    71646.793    6299.7085      5939.42     360.2885 
     800    10.364951   497836    21164     9656    71622.299    6176.7889    5820.4921    356.29671 
     900    11.678616   497771    20522     9717    71597.467    6122.7394     5772.937    349.80244 
    1000    12.953331   497715    21162     9855    71575.058    6102.9078    5755.1371    347.77067 
    1100    14.244946   497634    22900    10876     71547.77    6131.9547    5785.2932    346.66146 
    1200     15.53742   497644    22766    10796    71521.176    6128.4712    5774.9182    353.55304 
    1300    16.806547   497669    23140    11030    71498.401    6099.2408     5746.456    352.78478 
    1400    18.114353   497613    24067    11436    71470.981    6146.7832    5789.1174    357.66576 
    1500    19.408159   497600    24404    11584    71448.591     6097.465    5741.2123    356.25265 
    1600     20.68081   497456    24600    11829    71426.672    6081.0852    5722.1264    358.95884 
    1700     21.97148   497498    25228    12128    71404.919    6017.0547    5660.7651     356.2896 
    1800    23.300236   497361    25608    12415      71386.2     6008.278    5654.0033    354.27476 
    1900    24.576181   497392    25760    12375    71365.682    5974.8538    5622.1964    352.65737 
    2000    25.875907   497525    26167    12730    71343.576    5922.4781    5568.8796    353.59856 
    2100    27.169954   497458    26474    12934    71316.738    5916.4014    5565.0475     351.3539 
    2200    28.424221   497543    27105    13456    71296.211    5862.5609    5511.6264    350.93443 
    2300    29.661067   497684    27248    13493    71275.319    5853.9639     5502.264    351.69995 
    2400    30.909192   497529    27685    13596    71248.023    5851.5072     5498.069    353.43823 
    2500    32.172181   497428    28020    13759    71224.551     5851.885    5488.4417    363.44326 
    2600    33.527877   497301    28414    13950      71201.9    5851.1388    5487.9403    363.19853 
    2700    34.907785   497220    28689    14230    71178.852    5847.1923    5484.9021     362.2902 
    2800    36.164811   497176    29006    14566    71157.431    5827.6225    5466.8184    360.80405 
    2900    37.431849   497129    29196    14380    71137.606    5808.5781     5450.177    358.40102 
    3000     38.70273   497408    29874    14969    71109.968    5788.0165     5424.566    363.45046 
    3100    39.978494   497322    29744    14876    71093.461    5759.0588      5398.37    360.68887 
    3200    41.280447   497324    29943    15028    71072.724    5752.6414    5390.0042     362.6372 
    3300     42.57186   497614    30436    15347     71051.02    5726.5649    5359.8068    366.75808 
    3400    43.881339   497757    30671    15523    71029.758    5711.9474    5344.4264    367.52102 
    3500     45.19835   497925    31113    15734     71008.89     5703.022    5330.8204    372.20165 
    3600    46.546451   498224    31339    15916    70984.133    5689.2718    5313.3351    375.93673 
    3700    47.897283   498223    31296    15936    70961.408    5671.0051    5291.9953    379.00985 
    3800    49.301463   498337    31700    16302     70938.44     5675.365    5297.2943    378.07067 
    3900    50.612873   498470    31845    16140    70914.612    5661.5098     5281.618    379.89178 
    4000    51.963111   498685    32450    16542     70889.65    5653.7784    5270.0904    383.68794 
    4100    53.268057   499025    32336    16593    70869.111    5656.1253    5269.5664    386.55891 
    4200    54.596449   499298    33001    16842    70843.711    5645.0785    5255.0979    389.98056 
    4300    55.948444   499592    32744    17028    70824.686    5644.9012    5255.1652    389.73599 
    4400     57.29555   499870    33178    17263    70808.907    5621.3224    5229.8092    391.51313 
    4500    58.615603   499876    33302    17293    70784.943    5613.6311    5221.7545    391.87666 
    4600    59.982141   499976    33679    17455    70763.008    5607.5889    5213.3498    394.23909 
    4700    61.352273   500202    33820    17495     70743.31    5585.5531    5193.7151    391.83798 
    4800    62.683999   500332    33991    17713    70723.438    5572.5388    5181.5065     391.0323 
    4900    64.022968   500473    34333    18036    70698.212    5570.0579    5177.9668    392.09114 
    5000    65.456689   500726    34507    18132    70673.384    5576.6117    5180.5661    396.04558 
    5100    66.772983   500909    34825    18432    70655.539     5569.006    5172.4883    396.51772 
    5200    68.093857   501064    35095    18513    70629.599    5555.3439    5159.0127    396.33126 
    5300    69.385634   501337    34949    18289    70609.628    5546.1671    5150.0692    396.09786 
    5400    70.680648   501691    35460    18713    70579.972    5535.1811    5135.1737    400.00733 
    5500    71.999105   501835    35479    18809    70557.883    5521.0608    5119.7139    401.34694 
    5600    73.303109   502096    35739    18657    70535.934    5495.0712    5096.0898    398.98142 
    5700    74.621178   502307    36138    19171    70510.916    5486.6148    5086.7014    399.91344 
    5800    75.961912   502596    36181    19335    70488.957    5472.9161    5073.2137    399.70248 
    5900     77.31167   502906    36126    19310    70462.615    5473.6092    5072.8748    400.73435 
    6000    78.721772   503185    36766    19520    70428.757    5466.4189    5065.7705    400.64841 
    6100    80.101219   503449    36999    19987    70411.446    5456.1012    5055.9867    400.11452 
    6200    81.446946   503718    37318    20047    70386.552    5448.2389    5048.5007    399.73813 
    6300    82.787682   503904    37255    19875    70360.256    5444.8922    5043.3166    401.57554 
    6400    84.219168   504163    37844    20266    70329.597    5444.2879    5042.8737    401.41429 
    6500    85.552238   504397    37809    20261    70310.788    5432.1952    5030.9632    401.23209 
    6600     86.89355   504574    37819    20354    70283.168    5430.0797    5024.4241     405.6556 
    6700    88.240518   504938    38475    20561    70251.715    5431.3587    5023.9991    407.35964 
    6800    89.639077   505334    38708    20862    70225.671    5437.5367    5028.4404    409.09624 
    6900     90.97265   505646    38819    21008    70199.249    5435.5032    5026.2224    409.28072 
    7000    92.306908   505983    38950    20902    70170.605    5427.1871    5016.6611    410.52598 
    7100    93.644991   506178    39251    21056    70144.419    5426.1007    5015.8527    410.24805 
    7200    94.987695   506317    39427    21313    70117.838     5427.102    5016.9209    410.18115 
    7300    96.425587   506439    39985    21411    70085.294    5428.8628     5018.266    410.59681 
    7400    97.782225   506481    39831    21636    70060.072    5426.7979    5016.5387    410.25914 
    7500    99.077341   506596    40194    21666    70032.764    5438.3622    5026.2472    412.11503 
    7600     100.4247   506819    40136    21569    70004.758    5428.1377    5015.7788    412.35892 
    7700    101.71918   507082    40106    21675    69965.542    5425.0334    5012.5161    412.51727 
    7800    103.04683   507459    40583    21975    69942.261     5417.355    5004.2114    413.14365 
    7900    104.36017   508037    40593    21934    69924.696    5407.5488    4994.1172    413.43157 
    8000    105.68484   508492    41167    22305    69891.365    5403.1439    4988.3722    414.77171 
Loop time of 105.685 on 8 procs for 8000 steps with 508492 particles

MPI task timing breakdown:
Section |  min time  |  avg time  |  max time  |%varavg| %total
---------------------------------------------------------------
Move    | 23.943     | 24.857     | 25.607     |  11.5 | 23.52
Coll    | 15.204     | 16.933     | 18.882     |  35.7 | 16.02
Sort    | 18.673     | 19.074     | 19.439     |   5.0 | 18.05
Comm    | 0.37524    | 1.3906     | 2.5704     |  68.6 |  1.32
Modify  | 2.3581     | 4.0018     | 5.5145     |  67.8 |  3.79
Output  | 39.365     | 39.366     | 39.374     |   0.0 | 37.25
Other   |            | 0.06245    |            |       |  0.06

Particle moves    = 4004182344 (4B)
Cells touched     = 4058015365 (4.06B)
Particle comms    = 1502969 (1.5M)
Boundary collides = 0 (0K)
Boundary exits    = 511899 (0.512M)
SurfColl checks   = 18576586 (18.6M)
SurfColl occurs   = 38475 (38.5K)
Surf reactions    = 0 (0K)
Collide attempts  = 247712785 (248M)
Collide occurs    = 127254517 (127M)
Gas reactions     = 0 (0K)
Particles stuck   = 0
Axisymm bad moves = 0

Particle-moves/CPUsec/proc: 4.73599e+06
Particle-moves/step: 500523
Cell-touches/particle/step: 1.01344
Particle comm iterations/step: 1
Particle fraction communicated: 0.00037535
Particle fraction colliding with boundary: 0
Particle fraction exiting boundary: 0.000127841
Surface-checks/particle/step: 0.0046393
Surface-collisions/particle/step: 9.6087e-06
Surface-reactions/particle/step: 0
Collision-attempts/particle/step: 0.0618635
Collisions/particle/step: 0.0317804
Gas-reactions/particle/step: 0

Particles: 63561.5 ave 64812 max 62508 min
Histogram: 3 1 0 0 0 0 0 1 2 1
Cells:     70312.5 ave 70313 max 70312 min
Histogram: 4 0 0 0 0 0 0 0 0 4
GhostCell: 492188 ave 492188 max 492187 min
Histogram: 4 0 0 0 0 0 0 0 0 4
EmptyCell: 0 ave 0 max 0 min
Histogram: 8 0 0 0 0 0 0 0 0 0
Surfs:     12 ave 12 max 12 min
Histogram: 8 0 0 0 0 0 0 0 0 0
GhostSurf: 0 ave 0 max 0 min
Histogram: 8 0 0 0 0 0 0 0 0 0
