SPARTA (24 Sep 2025)
Running on 8 MPI task(s)
Created orthogonal box = (-3 -3 -3) to (3 3 3)
Loaded NRLMSIS data: rho=7.977337e-05 nrho=1.658564e+21 T=223.2864 vx=7862.4
MEAN FREE PATH = 0.000991287143762499 m
MEAN MOLEC VEL = 403.998713462698 m/s
CELL SIZE MUST BE LESS THAN 0.000330429047920833 m
MEAN COLL TIME = 2.45368886268502e-06 s
MEAN TRANSIT TIME = 8.17896287561674e-07 s
TIMESTEP MUST BE < 2.72632095853891e-07 s
WARNING: Per-processor grid cell memory will be large because global gridcut < 0.0 (../grid.cpp:502)
Created 562500 child grid cells
  CPU time = 0.222353 secs
  create/ghost percent = 4.35098 95.649
WARNING: Per-processor grid cell memory will be large because global gridcut < 0.0 (../grid.cpp:502)
Balance grid migrated 493899 cells
  CPU time = 0.202026 secs
  reassign/sort/migrate/ghost percent = 8.82227 0.510079 18.7403 71.9274
Reading surface file ...
  12 triangles
  -0.5 0.5 xlo xhi
  -0.5 0.5 ylo yhi
  -0.5 0.5 zlo zhi
  1 min triangle edge length
  0.5 min triangle area
  1106 0 = cells overlapping surfs, overlap cells with unmarked corner pts
  1 tiny edges removed
WARNING: Per-processor grid cell memory will be large because global gridcut < 0.0 (../grid.cpp:502)
  559458 1936 1106 = cells outside/inside/overlapping surfs
  1106 = surf cells with 1,2,etc splits
  215.000000000179 215 = cell-wise and global flow volume
  CPU time = 0.24119 secs
  read/check/sort/surf2grid/ghost/inout/particle percent = 1.26877 0.0762081 2.24525 9.19171 87.2181 6.14765 0.0206468
  surf2grid time = 0.0221694 secs
  map/comm1/comm2/comm3/comm4/split percent = 34.5724 0.219302 26.8788 4.98899 8.12816 12.3574
0 = initial surface count in group ampt_xnorm
4 = final surface count in group ampt_xnorm
0 = initial surface count in group ampt_yznorm
8 = final surface count in group ampt_yznorm
particles per particle = 3.317128e+15
Creating particles ...
Created 497685 particles
  CPU time = 0.0161458 secs
Memory usage per proc in Mbytes:
  particles (ave,min,max) = 6.25 6.25 6.25
  grid      (ave,min,max) = 69.2638 69.2638 69.2638
  surf      (ave,min,max) = 0.00151062 0.00151062 0.00151062
  total     (ave,min,max) = 85.7861 85.786 85.7862
Step CPU Np Natt Ncoll c_Tbox c_drag c_drag_xnorm c_drag_walls 
       0            0   497685        0        0    71884.738            0            0            0 
     100    1.2110914   497641    14760     6857    71825.323    7126.7809    6707.2906    419.49026 
     200    2.4480375   497607    16755     7552    71787.067     6535.928    6173.4346    362.49338 
     300    3.7054992   497533    13631     6157    71751.176    6539.0952    6176.5162    362.57895 
     400     4.908663   497617    17178     7796    71716.761    6484.4433    6141.7913    342.65201 
     500    6.1460587   497633    19484     8789     71689.78    6343.4625    6007.5435    335.91897 
     600    7.3625531   497688    18026     8227     71659.53    6273.0871    5937.7744    335.31267 
     700    8.5903367   497678    19010     8625    71634.485    6235.8724    5892.7843    343.08813 
     800    9.8341935   497716    21273     9815    71609.457    6170.4917    5832.6455    337.84622 
     900    11.085548   497548    20874     9824    71583.519    6046.7293    5709.3218     337.4075 
    1000    12.362326   497484    20951     9768    71563.053    5965.9268     5637.025     328.9018 
    1100    13.596628   497407    22783    10670    71540.285    5996.2723    5653.8418    342.43047 
    1200    14.837857   497409    22730    10758    71516.161    5971.5345    5618.7958    352.73868 
    1300    16.069197   497580    22928    10962    71493.598    5887.2338    5541.8483    345.38549 
    1400    17.354787   497569    23797    11357     71466.87    5880.6572    5534.8063    345.85092 
    1500     18.61398   497476    24241    11646    71448.707    5875.7246    5526.0904    349.63417 
    1600    19.895489   497329    24400    11719    71420.142    5909.4422    5558.5598    350.88233 
    1700    21.135489   497434    25099    12077    71392.193    5968.9477    5602.7745    366.17319 
    1800    22.342072   497413    25769    12574    71371.918    5961.2843    5596.5279    364.75639 
    1900    23.574756   497376    25935    12520    71348.611    5948.5468    5587.0653     361.4815 
    2000    24.818968   497431    26461    12775    71319.735    5928.8965    5559.2079    369.68854 
    2100    26.072114   497400    26809    13134    71304.354    5876.6867     5505.601    371.08566 
    2200    27.302164   497442    27015    13255    71278.395    5868.4133    5496.5415    371.87182 
    2300    28.552171   497628    27535    13410    71258.027    5866.8588    5493.4618      373.397 
    2400    29.779829   497532    27746    13629    71233.161    5843.1315     5472.546    370.58553 
    2500    31.012871   497345    27830    13627    71210.832    5831.2498    5456.0301    375.21979 
    2600    32.238696   497172    28334    14047    71187.322    5837.3421    5463.1569    374.18512 
    2700    33.479227   497127    28571    14171    71167.576    5835.0861    5462.5503    372.53586 
    2800    34.716995   497218    28662    14241      71144.3    5811.9246    5436.9414    374.98317 
    2900    35.960768   497215    29237    14595    71123.263     5797.511    5423.8488    373.66223 
    3000    37.198747   497287    29379    14836    71096.894    5785.0773     5411.175    373.90237 
    3100    38.453857   497183    29562    14606    71075.064    5771.4613    5394.0267    377.43455 
    3200    39.700146   497137    29978    15017    71057.898    5729.3944    5353.0275    376.36688 
    3300    40.951109   497289    30373    15379    71037.086    5705.0717    5329.7035    375.36826 
    3400    42.209017   497559    30574    15329    71017.572    5710.7015    5333.3267    377.37473 
    3500    43.454622   497647    30673    15467    70995.977    5712.4339    5333.7233    378.71065 
    3600    44.723522   498103    31075    15678    70967.975    5693.7028    5313.3283    380.37451 
    3700    45.976872   498224    31574    15844    70945.703    5683.4219    5299.8728    383.54916 
    3800    47.217849   498443    31775    16206    70924.588    5686.6851    5301.5028    385.18234 
    3900    48.445392   498611    31934    16277    70904.169    5686.2931    5299.1099     387.1832 
    4000    49.685005   498814    32068    16509    70883.173    5670.5387    5280.5481    389.99057 
    4100    50.918686   499241    32322    16693    70859.124    5669.4631    5274.7293    394.73385 
    4200    52.156422   499512    32733    16698    70838.009    5653.2756    5259.5941    393.68148 
    4300    53.423829   499668    32673    16906    70821.721      5637.27    5241.4191    395.85094 
    4400    54.657265   499715    32975    17179    70793.639    5630.0266    5232.4805     397.5461 
    4500     55.90447   499776    33075    17190    70777.277    5628.6894     5230.065    398.62436 
    4600    57.172614   499836    33599    17614    70753.332    5621.3973    5221.4158    399.98143 
    4700    58.438563   499991    33677    17475     70734.93    5606.2464    5205.6842    400.56215 
    4800    59.721601   500035    33957    17841    70712.236     5589.525    5188.0906    401.43437 
    4900    60.996413   500277    34421    17923    70689.214    5571.9727    5169.9556    402.01703 
    5000    62.273695   500466    34308    17865    70666.211    5563.3507    5158.9661    404.38457 
    5100    63.553095   500602    34454    18064    70642.758    5548.4776    5145.5619    402.91571 
    5200    64.816637   500888    34996    18507    70623.404     5539.784    5138.7688    401.01524 
    5300    66.078226   501207    35208    18559    70600.529    5529.0596    5126.5642    402.49541 
    5400    67.326623   501473    35353    18672     70575.22    5515.1323     5110.093     405.0393 
    5500    68.586454   501640    35503    18709    70558.859    5503.7753    5098.6766    405.09869 
    5600    69.874992   502024    35858    19058    70530.302    5499.6048    5092.8396    406.76519 
    5700    71.138852   502060    36154    19196    70507.222    5490.7098    5082.8962    407.81369 
    5800    72.412028   502362    36693    19502    70475.618    5480.3095    5071.2952    409.01424 
    5900    73.696644   502632    36572    19574    70454.056    5478.0244    5068.0766    409.94783 
    6000    74.973418   502948    36871    19554    70428.079    5473.6778    5064.3816    409.29621 
    6100    76.237748   503187    36923    19771    70403.909    5465.2744    5054.9766    410.29781 
    6200    77.515797   503590    37489    20031    70378.541    5457.6993    5044.8973    412.80197 
    6300    78.827468   503806    37259    19834     70353.09    5447.8606     5033.845    414.01562 
    6400    80.092801   504172    37722    20069    70327.088    5444.3517    5031.0221    413.32962 
    6500    81.368156   504298    37832    20143     70307.53    5440.2466    5024.6844    415.56221 
    6600     82.62668   504514    38050    20454    70276.005    5447.6333    5029.4841    418.14911 
    6700    83.896472   504827    38257    20639    70252.638    5447.9972    5028.6408    419.35645 
    6800    85.147639   505142    38711    20756    70220.294    5445.1375    5023.1997     421.9378 
    6900     86.40257   505317    38721    20719    70191.132    5451.5446    5028.8869    422.65769 
    7000    87.665684   505627    38976    20873    70165.562    5452.9329    5029.8884    423.04453 
    7100       88.922   505997    39020    21263    70140.292    5444.6711    5020.9745    423.69664 
    7200    90.167326   506258    39129    21062    70108.605    5437.8353     5014.102    423.73329 
    7300    91.421332   506387    39464    21131    70089.851    5427.0655    5003.8648    423.20078 
    7400    92.686737   506497    39967    21693    70056.321    5421.1301    4998.6057     422.5244 
    7500     93.94079   506755    40263    21797    70031.791    5420.6582    4999.0151    421.64303 
    7600    95.201947   506975    40355    21828    70002.495    5424.5958    5002.6537    421.94207 
    7700    96.462277   507088    40683    22094    69973.401     5420.809     4997.884    422.92497 
    7800    97.732973   507494    40590    22075    69936.327    5418.2076    4996.0561    422.15152 
    7900    99.001971   508108    41094    22075    69915.005     5415.818    4993.0682    422.74981 
    8000    100.25689   508481    41174    22098    69887.431    5414.3596    4989.0257     425.3339 
Loop time of 100.257 on 8 procs for 8000 steps with 508481 particles

MPI task timing breakdown:
Section |  min time  |  avg time  |  max time  |%varavg| %total
---------------------------------------------------------------
Move    | 20.09      | 23.735     | 25.949     |  48.2 | 23.67
Coll    | 13.229     | 15.136     | 16.63      |  31.4 | 15.10
Sort    | 11.504     | 14.842     | 16.863     |  64.7 | 14.80
Comm    | 0.3704     | 2.8313     | 6.7106     | 139.2 |  2.82
Modify  | 1.9814     | 5.2444     | 10.256     | 122.0 |  5.23
Output  | 38.421     | 38.422     | 38.424     |   0.0 | 38.32
Other   |            | 0.04616    |            |       |  0.05

Particle moves    = 4003389066 (4B)
Cells touched     = 4057212211 (4.06B)
Particle comms    = 1503506 (1.5M)
Boundary collides = 0 (0K)
Boundary exits    = 511910 (0.512M)
SurfColl checks   = 18819857 (18.8M)
SurfColl occurs   = 38703 (38.7K)
Surf reactions    = 0 (0K)
Collide attempts  = 247229987 (247M)
Collide occurs    = 127079505 (127M)
Gas reactions     = 0 (0K)
Particles stuck   = 0
Axisymm bad moves = 0

Particle-moves/CPUsec/proc: 4.99141e+06
Particle-moves/step: 500424
Cell-touches/particle/step: 1.01344
Particle comm iterations/step: 1
Particle fraction communicated: 0.000375558
Particle fraction colliding with boundary: 0
Particle fraction exiting boundary: 0.000127869
Surface-checks/particle/step: 0.00470098
Surface-collisions/particle/step: 9.66756e-06
Surface-reactions/particle/step: 0
Collision-attempts/particle/step: 0.0617552
Collisions/particle/step: 0.031743
Gas-reactions/particle/step: 0

Particles: 63560.1 ave 64844 max 62374 min
Histogram: 2 2 0 0 0 0 0 1 2 1
Cells:     70312.5 ave 70313 max 70312 min
Histogram: 4 0 0 0 0 0 0 0 0 4
GhostCell: 492188 ave 492188 max 492187 min
Histogram: 4 0 0 0 0 0 0 0 0 4
EmptyCell: 0 ave 0 max 0 min
Histogram: 8 0 0 0 0 0 0 0 0 0
Surfs:     12 ave 12 max 12 min
Histogram: 8 0 0 0 0 0 0 0 0 0
GhostSurf: 0 ave 0 max 0 min
Histogram: 8 0 0 0 0 0 0 0 0 0
