SPARTA (24 Sep 2025)
Running on 48 MPI task(s)
Created orthogonal box = (-0.75 -0.5 -0.5) to (0.75 0.5 0.5)
Loaded NRLMSIS data: rho=4.289559304348e-10 nrho=8.9184e+15 T=1157.375826 vx=7784.3
MEAN FREE PATH = 184.350676806014 m
MEAN MOLEC VEL = 919.784395464544 m/s
CELL SIZE MUST BE LESS THAN 61.4502256020047 m
MEAN COLL TIME = 0.200428141328606 s
MEAN TRANSIT TIME = 0.0668093804428687 s
TIMESTEP MUST BE < 0.0222697934809562 s
Created 1500000 child grid cells
  CPU time = 0.0400846 secs
  create/ghost percent = 9.81421 90.1858
Balance grid migrated 1428378 cells
  CPU time = 0.0624189 secs
  reassign/sort/migrate/ghost percent = 31.7137 0.964938 41.7817 25.5396
Reading surface file ...
  12 triangles
  -0.5 0.5 xlo xhi
  -0.1 0.1 ylo yhi
  -0.1 0.1 zlo zhi
  0.2 min triangle edge length
  0.02 min triangle area
  10168 = cells with surfs
  11684 = total surfs in all grid cells
  6 = max surfs in one grid cell
  20 = min surf-size/cell-size ratio
  10168 8 = cells overlapping surfs, overlap cells with unmarked corner pts
  2596 tiny edges removed
  1450632 39200 10168 = cells outside/inside/overlapping surfs
  10168 = surf cells with 1,2,etc splits
  1.46000000000047 1.46 = cell-wise and global flow volume
  CPU time = 0.0265075 secs
  read/check/sort/surf2grid/ghost/inout/particle percent = 5.88386 6.60891 10.0526 16.6939 60.7608 37.7929 0.0263398
  surf2grid time = 0.00442512 secs
  map/comm1/comm2/comm3/comm4/split percent = 20.3278 0 0 0 0 61.5652
0 = initial surface count in group ampt_xnorm
4 = final surface count in group ampt_xnorm
0 = initial surface count in group ampt_yznorm
8 = final surface count in group ampt_yznorm
particles per particle = 891840000
Creating particles ...
Created 9733333 particles
  CPU time = 0.0434074 secs
Memory usage per proc in Mbytes:
  particles (ave,min,max) = 20.0521 18.75 20.3125
  grid      (ave,min,max) = 11.3458 7.70129 11.5763
  surf      (ave,min,max) = 0.00151062 0.00151062 0.00151062
  total     (ave,min,max) = 36.679 32.3927 37.2052
Step CPU Np Natt Ncoll c_Tbox c_drag c_drag_xnorm c_drag_walls 
       0            0  9733333        0        0    52418.231            0            0            0 
     100    1.4357819  9733694        0        0     52228.32 0.0013024862 0.00078582774 0.00051665849 
     200    2.9997716  9732835        0        0    52038.393 0.0013098752 0.00079192454 0.00051795065 
     300    4.6226258  9734525        0        0    51848.905 0.0013148025 0.0007936712 0.00052113129 
     400    6.3361734  9751072        0        0    51669.607 0.0013166969 0.00079466304 0.00052203389 
     500    8.0475007  9774286        0        0    51487.541  0.001313706 0.00079146824 0.00052223781 
     600    9.9326417  9796967        5        1    51302.642 0.0013148963 0.00079293211 0.0005219642 
     700    11.724793  9821598        0        0    51117.051 0.0013151222 0.00079346463 0.00052165761 
     800    13.610583  9847128        0        0    50931.851 0.0013158924 0.00079493551 0.00052095685 
     900    15.491305  9874663        5        1    50748.928 0.0013165253 0.00079583117 0.00052069416 
    1000    17.402722  9902908        0        0    50565.774 0.0013159522 0.00079579757 0.00052015465 
    1100    19.354468  9931817        2        1    50386.074 0.0013151983 0.00079550627 0.00051969206 
    1200    21.292825  9961087        2        0    50204.563 0.0013150903 0.00079579044 0.0005192999 
    1300    23.250016  9992120        0        0    50029.917 0.0013150025 0.00079557954 0.00051942294 
    1400    25.230614 10026635        1        0    49856.094 0.0013150696 0.00079571717 0.00051935243 
    1500    27.232003 10059763        2        1    49680.921 0.0013149705 0.00079567314 0.00051929737 
    1600    29.282498 10092721        5        2    49506.072 0.0013150533 0.00079565814 0.00051939519 
    1700    31.358371 10128953        6        1    49336.306 0.0013152302 0.00079594415 0.00051928605 
    1800    33.443144 10163153        3        1    49161.612 0.0013154723 0.00079609918 0.0005193731 
    1900    35.607561 10197803        5        1    48989.901 0.0013149967 0.00079567257 0.00051932417 
    2000    37.748774 10233607        5        2    48818.485 0.0013149037 0.00079569404 0.0005192097 
    2100    39.931503 10267736        1        0    48648.804 0.0013150812 0.0007958236 0.00051925762 
    2200    42.116431 10303324        4        1    48479.392 0.0013153408 0.00079588819 0.00051945261 
    2300     44.32774 10336653        2        0    48311.564 0.0013151118 0.00079585415 0.00051925764 
    2400    46.579143 10371379        6        1    48141.163  0.001315164 0.00079574453 0.00051941951 
    2500     48.86054 10407244        3        1    47976.449 0.0013150725 0.0007959402 0.00051913227 
    2600    51.175749 10443359        5        0    47817.742 0.0013150716 0.00079573354 0.0005193381 
    2700    53.506698 10480166        2        0    47657.939  0.001315499 0.00079579519 0.00051970376 
    2800    55.884017 10516457        4        0     47497.67 0.0013155068 0.00079583828 0.00051966848 
    2900    58.267213 10550754        4        1    47336.392    0.0013154 0.00079576567 0.00051963438 
    3000    60.674947 10585755        4        0    47178.044 0.0013155449 0.00079570613 0.00051983881 
    3100    63.114512 10620804        3        2     47024.77 0.0013153669 0.0007955068 0.00051986008 
    3200    65.577427 10656327        3        0    46871.007 0.0013155571 0.00079584454 0.00051971255 
    3300    68.070029 10690392        6        1    46717.665 0.0013158274 0.00079597587 0.00051985151 
    3400    71.018126 10726029        3        1    46565.293 0.0013156952 0.00079593039 0.00051976484 
    3500    73.571417 10762764        4        1    46416.729 0.0013153305 0.00079572275 0.00051960776 
    3600    76.152339 10797628        8        0    46269.072 0.0013152166 0.0007956461 0.00051957049 
    3700    78.761896 10832212        6        2    46122.251 0.0013154057 0.00079574117 0.00051966454 
    3800    81.401002 10868051       11        1    45976.872  0.001315714 0.00079578674 0.00051992722 
    3900    84.063762 10902107        6        0     45836.57 0.0013155451 0.00079564986 0.00051989521 
    4000    86.782516 10936727        4        0    45699.578 0.0013153445 0.00079563296 0.00051971151 
    4100    89.501085 10969623        5        3    45561.765 0.0013151202 0.00079566172 0.00051945851 
    4200    92.253486 11003104        7        2    45428.114 0.0013146977 0.00079525282 0.0005194449 
    4300     95.02558 11035888        6        1    45295.602  0.001314664 0.00079528967 0.0005193743 
    4400    97.824378 11068804        5        0     45158.75 0.0013148909 0.00079530367 0.0005195872 
    4500    100.65578 11101186        5        3    45027.208 0.0013147947 0.0007952455 0.00051954916 
    4600    103.53714 11132216        6        2    44897.458 0.0013147257 0.00079534662 0.00051937905 
    4700    106.42004 11164908        7        0     44768.91 0.0013150021 0.00079560412  0.000519398 
    4800    109.34629 11196946        4        1    44642.294 0.0013150051 0.00079573518 0.00051926995 
    4900    112.29195 11228165        5        0    44514.612 0.0013150212 0.00079580802 0.00051921321 
    5000    115.24061 11258253       10        2    44388.647 0.0013152013 0.00079585573 0.00051934559 
Loop time of 115.241 on 48 procs for 5000 steps with 11258253 particles

MPI task timing breakdown:
Section |  min time  |  avg time  |  max time  |%varavg| %total
---------------------------------------------------------------
Move    | 42.327     | 54.361     | 64.797     |  65.3 | 47.17
Coll    | 6.5095     | 8.3545     | 15.573     |  66.2 |  7.25
Sort    | 20.536     | 23.215     | 29.386     |  39.4 | 20.14
Comm    | 1.1183     | 1.1867     | 1.2497     |   3.2 |  1.03
Modify  | 2.3817     | 15.166     | 18.983     |  93.3 | 13.16
Output  | 0.20021    | 0.20035    | 0.20585    |   0.2 |  0.17
Other   |            | 12.76      |            |       | 11.07

Particle moves    = 52145971550 (52.1B)
Cells touched     = 56391265015 (56.4B)
Particle comms    = 94632539 (94.6M)
Boundary collides = 0 (0K)
Boundary exits    = 24421950 (24.4M)
SurfColl checks   = 1178410251 (1.18B)
SurfColl occurs   = 1780623 (1.78M)
Surf reactions    = 0 (0K)
Collide attempts  = 18881 (18.9K)
Collide occurs    = 4034 (4.03K)
Gas reactions     = 0 (0K)
Particles stuck   = 0
Axisymm bad moves = 0

Particle-moves/CPUsec/proc: 9.427e+06
Particle-moves/step: 1.04292e+07
Cell-touches/particle/step: 1.08141
Particle comm iterations/step: 1
Particle fraction communicated: 0.00181476
Particle fraction colliding with boundary: 0
Particle fraction exiting boundary: 0.000468338
Surface-checks/particle/step: 0.0225983
Surface-collisions/particle/step: 3.41469e-05
Surface-reactions/particle/step: 0
Collision-attempts/particle/step: 3.6208e-07
Collisions/particle/step: 7.73598e-08
Gas-reactions/particle/step: 0

Particles: 234547 ave 464299 max 187253 min
Histogram: 27 16 1 0 0 0 0 0 0 4
Cells:     31250 ave 31250 max 31250 min
Histogram: 48 0 0 0 0 0 0 0 0 0
GhostCell: 12513.1 ave 15490 max 10090 min
Histogram: 3 6 10 4 5 9 0 8 0 3
EmptyCell: 4478.35 ave 6193 max 2808 min
Histogram: 2 0 13 10 0 3 8 6 0 6
Surfs:     12 ave 12 max 12 min
Histogram: 48 0 0 0 0 0 0 0 0 0
GhostSurf: 0 ave 0 max 0 min
Histogram: 48 0 0 0 0 0 0 0 0 0
Using SLURM job id 53112340 for runtime/credits
Row: ['200', '0.00132', '2.54', '61.5/0.01', '0.0223/1e-07', '150x100x100', '10M', '6.67', 'himem', '48', '23.05 ms', '5000', '00:01:58', '0.003085']
Appended row for altitude=200 km to /storage/home/jxa5508/VLEO-DSMC/data/ampt_box_log.tsv
Updated table in /storage/home/jxa5508/VLEO-DSMC/README.md
