SPARTA (24 Sep 2025)
Running on 48 MPI task(s)
Created orthogonal box = (-0.75 -0.5 -0.5) to (0.75 0.5 0.5)
Loaded NRLMSIS data: rho=2.28371073913e-08 nrho=4.74805e+17 T=386.612465 vx=7832.1
MEAN FREE PATH = 3.46271157466005 m
MEAN MOLEC VEL = 531.602138572453 m/s
CELL SIZE MUST BE LESS THAN 1.15423719155335 m
MEAN COLL TIME = 0.00651372769861066 s
MEAN TRANSIT TIME = 0.00217124256620355 s
TIMESTEP MUST BE < 0.00072374752206785 s
Created 1500000 child grid cells
  CPU time = 0.0283746 secs
  create/ghost percent = 13.8439 86.1561
Balance grid migrated 1428378 cells
  CPU time = 0.0616651 secs
  reassign/sort/migrate/ghost percent = 32.1083 0.981322 41.7234 25.1869
Reading surface file ...
  12 triangles
  -0.5 0.5 xlo xhi
  -0.1 0.1 ylo yhi
  -0.1 0.1 zlo zhi
  0.2 min triangle edge length
  0.02 min triangle area
  10168 = cells with surfs
  11684 = total surfs in all grid cells
  6 = max surfs in one grid cell
  20 = min surf-size/cell-size ratio
  10168 8 = cells overlapping surfs, overlap cells with unmarked corner pts
  2596 tiny edges removed
  1450632 39200 10168 = cells outside/inside/overlapping surfs
  10168 = surf cells with 1,2,etc splits
  1.46000000000047 1.46 = cell-wise and global flow volume
  CPU time = 0.0264329 secs
  read/check/sort/surf2grid/ghost/inout/particle percent = 3.91584 7.0637 10.0685 16.7018 62.2501 38.6393 0.0202588
  surf2grid time = 0.00441477 secs
  map/comm1/comm2/comm3/comm4/split percent = 19.9256 0 0 0 0 61.3432
0 = initial surface count in group ampt_xnorm
4 = final surface count in group ampt_xnorm
0 = initial surface count in group ampt_yznorm
8 = final surface count in group ampt_yznorm
particles per particle = 47480500000
Creating particles ...
Created 9733333 particles
  CPU time = 0.0427992 secs
Memory usage per proc in Mbytes:
  particles (ave,min,max) = 20.0521 18.75 20.3125
  grid      (ave,min,max) = 11.3458 7.70129 11.5763
  surf      (ave,min,max) = 0.00151062 0.00151062 0.00151062
  total     (ave,min,max) = 36.679 32.3927 37.2052
Step CPU Np Natt Ncoll c_Tbox c_drag c_drag_xnorm c_drag_walls 
       0            0  9733333        0        0    64060.986            0            0            0 
     100    1.4339546  9733098        0        0    63874.176  0.070812735  0.053044488  0.017768247 
     200    2.9666833  9733668       19        9    63688.317  0.071129874  0.053255121  0.017874753 
     300    4.5334673  9733829       18        8    63501.382  0.071183516  0.053247981  0.017935536 
     400    6.1891354  9750997       28        9    63319.878  0.071205399  0.053260669   0.01794473 
     500    7.8322752  9771455       29       14    63137.254  0.071218592   0.05323393  0.017984662 
     600    9.6345946  9793614       42       15     62954.06  0.071276778  0.053301943  0.017974835 
     700    11.338206  9816702       61       28    62772.984  0.071296889  0.053332966  0.017963923 
     800    13.108477  9840774       59       23    62592.686  0.071337304   0.05339009  0.017947213 
     900     14.86253  9863838       70       26     62415.45  0.071317217  0.053358822  0.017958395 
    1000    16.678623  9889622       61       30    62236.664   0.07131625  0.053336301   0.01797995 
    1100    18.489598  9914916       82       24    62056.618  0.071362074  0.053386472  0.017975603 
    1200    20.319034  9939790       95       39    61880.699  0.071371694  0.053421767  0.017949927 
    1300    22.229209  9965967       99       31    61706.413  0.071381094  0.053450412  0.017930681 
    1400    24.107964  9992807       93       34    61532.828  0.071345704  0.053440993  0.017904711 
    1500    26.016307 10020207      108       46     61360.81  0.071329875  0.053433008  0.017896867 
    1600    27.937404 10047787      120       42    61187.517  0.071328509  0.053438321  0.017890188 
    1700    29.911348 10076955      101       30    61019.574  0.071295516  0.053417992  0.017877525 
    1800    31.864582 10106117      105       32    60851.352  0.071268966  0.053402363  0.017866603 
    1900    33.942987 10135068      107       32    60681.922  0.071276154  0.053398535  0.017877619 
    2000    35.961632 10164482      120       53    60518.268  0.071271044  0.053401166  0.017869878 
    2100     38.00049 10190902      152       55    60353.618  0.071240717  0.053373418    0.0178673 
    2200     40.05264 10218541      152       48    60192.807  0.071208106  0.053353293  0.017854813 
    2300    42.129663 10246637      148       50    60033.594  0.071192525  0.053338196  0.017854329 
    2400    44.242374 10273901      146       51    59873.916  0.071181865  0.053319246   0.01786262 
    2500    46.374911 10301452      139       48    59718.238  0.071161173    0.0533097  0.017851473 
    2600    48.536475 10327343      166       64    59561.377  0.071170925  0.053330733  0.017840193 
    2700    50.714226 10354926      167       61    59410.001  0.071152715  0.053314063  0.017838652 
    2800    52.907583 10382263      167       59    59264.327  0.071120443   0.05328544  0.017835003 
    2900    55.155698 10408360      165       57      59120.4  0.071091253  0.053270668  0.017820585 
    3000    57.399023 10433265      169       57    58978.008  0.071075045  0.053261453  0.017813593 
    3100    59.657231 10457896      173       66    58840.767  0.071050255  0.053241333  0.017808922 
    3200    61.937559 10483806      188       75    58707.813  0.071031527  0.053222711  0.017808816 
    3300    64.250411 10507804      180       67     58572.39  0.071037539  0.053216383  0.017821156 
    3400     67.08116 10531567      174       69    58442.071  0.071031308  0.053216291  0.017815017 
    3500    69.529694 10553960      199       71    58317.502  0.070999856  0.053197819  0.017802037 
    3600    72.084082 10576380      186       72    58189.549  0.071006908  0.053205386  0.017801522 
    3700    74.464899 10598641      224       87    58065.252  0.070991971  0.053179108  0.017812862 
    3800     76.86668 10620606      210       88    57945.157  0.070979851  0.053173915  0.017805936 
    3900    79.291979 10642953      191       64    57826.686  0.070976508  0.053168607  0.017807902 
    4000    81.727548 10665582      203       80    57711.212  0.070982354  0.053167915  0.017814439 
    4100    84.179585 10686547      207       84    57601.313  0.070953797  0.053138207  0.017815589 
    4200    86.719311 10708829      218       77    57488.942  0.070960311   0.05312838   0.01783193 
    4300    89.203833 10729057      211       87    57381.512  0.070950187  0.053116236  0.017833951 
    4400    91.697879 10749334      224      103    57274.929  0.070945478  0.053107507  0.017837971 
    4500    94.205358 10770434      233      103     57172.55  0.070924002   0.05308564  0.017838362 
    4600     96.78512 10789432      234      100    57066.534  0.070934706  0.053080826   0.01785388 
    4700    99.324145 10808142      247      108     56966.21  0.070928634  0.053067227  0.017861407 
    4800    101.86632 10828031      253      103    56865.471  0.070926911  0.053057289  0.017869622 
    4900    104.43088 10848609      242       85    56768.763  0.070913348  0.053040558   0.01787279 
    5000    106.99573 10867663      249      106      56671.8  0.070911965  0.053035701  0.017876264 
Loop time of 106.996 on 48 procs for 5000 steps with 10867663 particles

MPI task timing breakdown:
Section |  min time  |  avg time  |  max time  |%varavg| %total
---------------------------------------------------------------
Move    | 38.034     | 50.52      | 59.587     |  68.6 | 47.22
Coll    | 6.4884     | 7.7631     | 12.715     |  53.5 |  7.26
Sort    | 21.135     | 23.108     | 28.586     |  36.5 | 21.60
Comm    | 1.1956     | 1.2775     | 1.3462     |   3.3 |  1.19
Modify  | 2.5849     | 12.398     | 15.816     |  87.7 | 11.59
Output  | 0.2        | 0.20011    | 0.204      |   0.1 |  0.19
Other   |            | 11.73      |            |       | 10.96

Particle moves    = 51454265795 (51.5B)
Cells touched     = 55504167904 (55.5B)
Particle comms    = 86543528 (86.5M)
Boundary collides = 0 (0K)
Boundary exits    = 24969868 (25M)
SurfColl checks   = 779821358 (780M)
SurfColl occurs   = 1474545 (1.47M)
Surf reactions    = 0 (0K)
Collide attempts  = 700218 (0.7M)
Collide occurs    = 266380 (0.266M)
Gas reactions     = 0 (0K)
Particles stuck   = 0
Axisymm bad moves = 0

Particle-moves/CPUsec/proc: 1.00187e+07
Particle-moves/step: 1.02909e+07
Cell-touches/particle/step: 1.07871
Particle comm iterations/step: 1
Particle fraction communicated: 0.00168195
Particle fraction colliding with boundary: 0
Particle fraction exiting boundary: 0.000485283
Surface-checks/particle/step: 0.0151556
Surface-collisions/particle/step: 2.86574e-05
Surface-reactions/particle/step: 0
Collision-attempts/particle/step: 1.36086e-05
Collisions/particle/step: 5.17702e-06
Gas-reactions/particle/step: 0

Particles: 226410 ave 409761 max 183341 min
Histogram: 8 33 3 0 0 0 0 0 0 4
Cells:     31250 ave 31250 max 31250 min
Histogram: 48 0 0 0 0 0 0 0 0 0
GhostCell: 12513.1 ave 15490 max 10090 min
Histogram: 3 6 10 4 5 9 0 8 0 3
EmptyCell: 4478.35 ave 6193 max 2808 min
Histogram: 2 0 13 10 0 3 8 6 0 6
Surfs:     12 ave 12 max 12 min
Histogram: 48 0 0 0 0 0 0 0 0 0
GhostSurf: 0 ave 0 max 0 min
Histogram: 48 0 0 0 0 0 0 0 0 0
Using SLURM job id 53114058 for runtime/credits
Row: ['120', '0.0709', '2.53', '1.15/0.01', '0.000724/1e-07', '150x100x100', '10M', '6.67', 'himem', '48', '21.40 ms', '5000', '00:01:50', '', '0.003085']
Appended row for altitude=120 km to /storage/home/jxa5508/VLEO-DSMC/data/ampt_box_log.tsv
Updated table in /storage/home/jxa5508/VLEO-DSMC/README.md
Saved /storage/home/jxa5508/VLEO-DSMC/outputs/Ethan_drag_theory_drag.png
Saved /storage/home/jxa5508/VLEO-DSMC/outputs/Ethan_drag_theory_Cd.png
