SPARTA (24 Sep 2025)
Running on 48 MPI task(s)
Created orthogonal box = (-0.75 -0.5 -0.5) to (0.75 0.5 0.5)
Loaded NRLMSIS data: rho=3.558043434783e-06 nrho=7.397509e+19 T=185.499913 vx=7850.3
MEAN FREE PATH = 0.0222252250555879 m
MEAN MOLEC VEL = 368.231283756939 m/s
CELL SIZE MUST BE LESS THAN 0.00740840835186263 m
MEAN COLL TIME = 6.03566998133115e-05 s
MEAN TRANSIT TIME = 2.01188999377705e-05 s
TIMESTEP MUST BE < 6.70629997925683e-06 s
Created 444889000 child grid cells
  CPU time = 7.56802 secs
  create/ghost percent = 17.6858 82.3142
Balance grid migrated 426407500 cells
  CPU time = 23.3322 secs
  reassign/sort/migrate/ghost percent = 29.7722 0.970638 50.6357 18.6215
Reading surface file ...
  12 triangles
  -0.5 0.5 xlo xhi
  -0.1 0.1 ylo yhi
  -0.1 0.1 zlo zhi
  0.2 min triangle edge length
  0.02 min triangle area
  393426 = cells with surfs
  401184 = total surfs in all grid cells
  6 = max surfs in one grid cell
  133.333 = min surf-size/cell-size ratio
  393426 0 = cells overlapping surfs, overlap cells with unmarked corner pts
  40 tiny edges removed
  432714700 11780874 393426 = cells outside/inside/overlapping surfs
  393426 = surf cells with 1,2,etc splits
  1.45999999988517 1.46 = cell-wise and global flow volume
  CPU time = 6.58366 secs
  read/check/sort/surf2grid/ghost/inout/particle percent = 0.0494919 0.044217 17.5433 12.0709 70.2921 61.9725 0.00108412
  surf2grid time = 0.794708 secs
  map/comm1/comm2/comm3/comm4/split percent = 26.4344 0 0 0 0 54.0501
0 = initial surface count in group ampt_xnorm
4 = final surface count in group ampt_xnorm
0 = initial surface count in group ampt_yznorm
8 = final surface count in group ampt_yznorm
particles per particle = 36987545000
Creating particles ...
Created 1946666666 particles
  CPU time = 16.9397 secs
Memory usage per proc in Mbytes:
  particles (ave,min,max) = 3868.78 3490.62 3975
  grid      (ave,min,max) = 3189.96 1826.08 3260.48
  surf      (ave,min,max) = 0.00151062 0.00151062 0.00151062
  total     (ave,min,max) = 8605.68 7144.74 8791.99
Step CPU Np Natt Ncoll c_Tbox c_drag c_drag_xnorm c_drag_walls 
       0            0 1946666666        0        0    71258.506            0            0            0 
     100    460.27343 1946671129  8311077  4488568    71078.925    11.492722    9.4498263    2.0428955 
     200    1127.4319 1946676765  4947162  2656034    70902.728      11.5517    9.3753717    2.1763279 
     300    1881.5328 1946682085  3756697  1999144    70732.391    11.567012    9.3177381    2.2492739 
     400    2682.0979 1950126557  3427925  1807581    70567.117      11.5746    9.2635377    2.3110618 
     500    3512.5082 1954431280  3818320  2004358    70403.324      11.5687    9.1969211    2.3717792 
     600    4379.3796 1958848765  4631124  2429051    70240.851    11.550649    9.1227679    2.4278809 
     700    5272.0813 1963395973  5486645  2882985    70079.424    11.522745    9.0445058    2.4782395 
     800    6179.0232 1968039093  6173042  3254020    69918.892     11.48849    8.9670962     2.521394 
     900    7102.7799 1972776730  6599105  3488361    69758.925     11.45371    8.8941932     2.559517 
    1000    8036.3954 1977627311  6828153  3618335    69599.394    11.421612    8.8289374    2.5926745 
    1100    8985.7821 1982576074  6949017  3698252     69440.26    11.393118    8.7716021    2.6215156 
    1200    9945.2078 1987633579  7049694  3763422      69281.4    11.368154    8.7210526    2.6471011 
    1300    10914.577 1992787037  7159718  3840835    69122.779    11.347252    8.6772001    2.6700523 
    1400    11891.699 1998033140  7302898  3933165    68964.491    11.330067    8.6389532    2.6911139 
    1500    12879.133 2003358417  7476755  4046691    68806.564    11.316268    8.6054262    2.7108417 
    1600    13870.728 2008723206  7674175  4178574     68648.32    11.305483    8.5758507    2.7296318 
    1700    14864.481 2014000742  7879723  4312252    68488.105    11.297891    8.5494934    2.7483976 
    1800    15864.032 2019113300  8080277  4446740    68322.769     11.29304    8.5254179    2.7676217 
    1900    16868.309 2023187234  8281110  4577146    68142.413    11.291047     8.503481    2.7875665 
    2000    17882.693 2029654486  8499953  4719081    67952.293    11.292041    8.4834202    2.8086209 
    2100    18906.433 2036105964  8708481  4847022    67755.755     11.29575    8.4650529    2.8306971 
    2200     19935.21 2043289210  8919082  4972556    67551.469    11.301353    8.4481716     2.853181 
    2300    20973.872 2051382709  9128613  5091998    67341.827    11.308829    8.4328327    2.8759961 
    2400    22025.778 2060277136  9348741  5211401    67130.553      11.3172     8.418257    2.8989426 
    2500     23088.27 2069730127  9557907  5320029    66921.895    11.326529    8.4050359    2.9214931 
    2600    24159.641 2079520806  9768821  5428785    66719.413    11.336144    8.3926347    2.9435092 
    2700    25239.882 2089350935  9965415  5522784    66526.092    11.346401    8.3813492    2.9650521 
    2800    26328.867 2099014691 10164008  5618287    66344.566    11.356181    8.3704114    2.9857694 
    2900    27426.873 2108286241 10344230  5696579     66176.15    11.365964    8.3602683    3.0056961 
    3000    28533.222 2117007161 10514950  5775228     66021.79    11.375786    8.3510075    3.0247784 
    3100    29649.616 2125042077 10678921  5845777    65881.726    11.384914    8.3420016    3.0429129 
    3200    30772.937 2132342762 10831630  5905247    65755.684    11.393806    8.3337306     3.060075 
    3300    31903.627 2138902552 10970746  5956646     65642.76    11.402306    8.3258964    3.0764101 
    3400    33038.658 2144720964 11099426  6005973    65542.049    11.410671    8.3187492    3.0919222 
    3500    34181.116 2149831512 11212975  6044611    65452.183    11.418514    8.3117603    3.1067532 
    3600    35329.614 2154323000 11322273  6083113    65372.242    11.425799    8.3050572    3.1207414 
