Traceback (most recent call last):
  File "/storage/home/jxa5508/VLEO-DSMC/scripts/velocity_heatmap.py", line 80, in <module>
    frame_imgs = compute_payloads_parallel(range(len(timesteps)), compute_frame,
                 ^^^^^^^^^^^^^^^^^^^^^^^^^^^^^^^^^^^^^^^^^^^^^^^^^^^^^^^^^^^^^^^
  File "/storage/home/jxa5508/VLEO-DSMC/tools/anim_utils.py", line 136, in compute_payloads_parallel
    dict
         
  File "/storage/icds/RISE/sw8/python/3.11.2/lib/python3.11/concurrent/futures/_base.py", line 449, in result
    return self.__get_result()
           ^^^^^^^^^^^^^^^^^^^
  File "/storage/icds/RISE/sw8/python/3.11.2/lib/python3.11/concurrent/futures/_base.py", line 401, in __get_result
    raise self._exception
concurrent.futures.process.BrokenProcessPool: A process in the process pool was terminated abruptly while the future was running or pending.
Traceback (most recent call last):
  File "/storage/home/jxa5508/VLEO-DSMC/scripts/streamlines.py", line 326, in <module>
    main()
  File "/storage/home/jxa5508/VLEO-DSMC/scripts/streamlines.py", line 320, in main
    animate_streamlines()
  File "/storage/home/jxa5508/VLEO-DSMC/scripts/streamlines.py", line 201, in animate_streamlines
    raise RuntimeError('no flow frames found for animation')
RuntimeError: no flow frames found for animation
[2026-06-10T16:08:21.639] error: Detected 1 oom_kill event in StepId=53597446.batch. Some of the step tasks have been OOM Killed.
