Traceback (most recent call last):
  File "/storage/home/jxa5508/VLEO-DSMC/scripts/grid_density_heatmap.py", line 92, in <module>
    frame_imgs = compute_payloads_parallel(range(len(timesteps)), compute_frame,
                 ^^^^^^^^^^^^^^^^^^^^^^^^^^^^^^^^^^^^^^^^^^^^^^^^^^^^^^^^^^^^^^^
  File "/storage/home/jxa5508/VLEO-DSMC/tools/anim_utils.py", line 166, in compute_payloads_parallel
    step, payload = fut.result()
                    ^^^^^^^^^^^^
  File "/storage/icds/RISE/sw8/python/3.11.2/lib/python3.11/concurrent/futures/_base.py", line 449, in result
    return self.__get_result()
           ^^^^^^^^^^^^^^^^^^^
  File "/storage/icds/RISE/sw8/python/3.11.2/lib/python3.11/concurrent/futures/_base.py", line 401, in __get_result
    raise self._exception
concurrent.futures.process.BrokenProcessPool: A process in the process pool was terminated abruptly while the future was running or pending.
Traceback (most recent call last):
  File "/storage/home/jxa5508/VLEO-DSMC/scripts/grid_temp_heatmap.py", line 93, in <module>
    frame_imgs = compute_payloads_parallel(range(len(timesteps)), compute_frame,
                 ^^^^^^^^^^^^^^^^^^^^^^^^^^^^^^^^^^^^^^^^^^^^^^^^^^^^^^^^^^^^^^^
  File "/storage/home/jxa5508/VLEO-DSMC/tools/anim_utils.py", line 166, in compute_payloads_parallel
    step, payload = fut.result()
                    ^^^^^^^^^^^^
  File "/storage/icds/RISE/sw8/python/3.11.2/lib/python3.11/concurrent/futures/_base.py", line 449, in result
    return self.__get_result()
           ^^^^^^^^^^^^^^^^^^^
  File "/storage/icds/RISE/sw8/python/3.11.2/lib/python3.11/concurrent/futures/_base.py", line 401, in __get_result
    raise self._exception
concurrent.futures.process.BrokenProcessPool: A process in the process pool was terminated abruptly while the future was running or pending.
[2026-06-10T18:04:53.576] error: Detected 2 oom_kill events in StepId=53598023.batch. Some of the step tasks have been OOM Killed.
