SPARTA (24 Sep 2025)
Running on 48 MPI task(s)
Created orthogonal box = (-2 -2 -2) to (2 2 2)
Loaded NRLMSIS data: rho=1.365743695652e-10 nrho=2.83951e+15 T=1321.475 vx=7754.9
MEAN FREE PATH = 579.012858323006 m
MEAN MOLEC VEL = 982.829703019978 m/s
CELL SIZE MUST BE LESS THAN 193.004286107669 m
MEAN COLL TIME = 0.589128367349757 s
MEAN TRANSIT TIME = 0.196376122449919 s
TIMESTEP MUST BE < 0.0654587074833063 s
Created 12000000 child grid cells
  CPU time = 0.16472 secs
  create/ghost percent = 22.1071 77.8929
Balance grid migrated 11583750 cells
  CPU time = 0.536621 secs
  reassign/sort/migrate/ghost percent = 38.8823 1.06625 43.5934 16.4581
Reading surface file ...
  12 triangles
  -0.25 0.25 xlo xhi
  -0.25 0.25 ylo yhi
  -0.25 0.25 zlo zhi
  0.5 min triangle edge length
  0.125 min triangle area
  4952 = cells with surfs
  5760 = total surfs in all grid cells
  6 = max surfs in one grid cell
  25 = min surf-size/cell-size ratio
  4952 0 = cells overlapping surfs, overlap cells with unmarked corner pts
  11974312 20736 4952 = cells outside/inside/overlapping surfs
  4952 = surf cells with 1,2,etc splits
  63.8750000001413 63.875 = cell-wise and global flow volume
  CPU time = 0.165686 secs
  read/check/sort/surf2grid/ghost/inout/particle percent = 2.41981 1.60613 15.2236 14.2817 66.4687 84.112 0.0855261
  surf2grid time = 0.0236628 secs
  map/comm1/comm2/comm3/comm4/split percent = 24.6062 0 0 0 0 52.5355
0 = initial surface count in group ampt_xnorm
4 = final surface count in group ampt_xnorm
0 = initial surface count in group ampt_yznorm
8 = final surface count in group ampt_yznorm
particles per particle = 28395100
Creating particles ...
Created 99804687 particles
  CPU time = 0.580264 secs
Memory usage per proc in Mbytes:
  particles (ave,min,max) = 199.479 196.875 200
  grid      (ave,min,max) = 87.2247 54.7013 89.2013
  surf      (ave,min,max) = 0.00151062 0.00151062 0.00151062
  total     (ave,min,max) = 328.59 292.346 331.346
Step CPU Np Natt Ncoll c_Tbox c_drag c_drag_xnorm c_drag_walls 
       0            0 99804687        0        0    46449.375            0            0            0 
     100    28.507951 99808465        0        0    46432.944 0.0015816519  0.001375499 0.00020615292 
     200    57.598697 99809340        0        0    46416.366 0.0015893068 0.0013846112 0.00020469562 
     300    88.056708 99811375        0        0    46399.787 0.0015920266 0.0013875408 0.00020448587 
     400    119.50346 99812165        0        0    46383.734  0.001594018 0.0013890277 0.00020499034 
     500     152.4857 99813415        0        0    46366.882 0.0015968021  0.001390651 0.00020615113 
     600     186.4452 99814583        0        0    46350.159 0.0015970232 0.0013903791 0.00020664412 
     700    220.89678 99817480        0        0    46333.297 0.0015983871 0.0013916224 0.00020676472 
     800    255.96454 99819393        0        0    46316.812 0.0015983483 0.0013918753 0.00020647302 
     900    291.84225 99822735        0        0    46300.541  0.001598583 0.0013917912 0.00020679186 
    1000    327.90868 99823952        0        0    46283.476 0.0015981579 0.0013912076 0.00020695034 
    1100    364.65365 99826073        0        0    46266.573 0.0015986458 0.0013917649 0.00020688088 
    1200    403.08032 99825755        0        0    46249.955 0.0015984133 0.0013915021 0.00020691119 
    1300    440.44617 99830696        2        0    46233.259 0.0015989444 0.0013919875 0.00020695688 
    1400    478.43527 99832775        1        1    46217.155 0.0015987478 0.0013921865 0.00020656131 
    1500    516.99798 99834975        0        0    46201.024 0.0015989181 0.0013922256 0.00020669249 
    1600    556.09108 99837570        0        0    46184.196  0.001598455 0.0013916443 0.00020681067 
    1700    595.48591 99840903        2        0    46167.536 0.0015987199 0.0013916991 0.00020702086 
    1800     634.2856 99839576        8        1    46150.837 0.0015983776  0.001391346 0.00020703164 
    1900    674.50066 99840798        3        1    46134.536 0.0015983343 0.0013914151 0.0002069191 
    2000    714.11725 99845229        0        0    46118.073 0.0015991581 0.0013919113 0.00020724689 
    2100    754.89717 99853296        3        0    46102.141 0.0015990917  0.001391969 0.00020712271 
    2200    795.81863 99868879        3        1    46087.096 0.0015988231 0.0013916827 0.00020714036 
    2300    837.04872 99889384        2        0    46071.573 0.0015991391 0.0013918402 0.00020729891 
    2400    878.34048 99914221        4        1    46056.383 0.0015991088 0.0013920621 0.00020704674 
    2500    919.85989 99939455        2        0    46040.614 0.0015991304 0.0013917955 0.00020733487 
    2600    960.90782 99971417        5        1    46025.269 0.0015991876 0.0013917308 0.00020745679 
    2700    1002.5801 100004190        1        0    46009.709 0.0015992197 0.0013916952 0.0002075245 
    2800    1044.2522 100037739        4        1    45993.464 0.0015998449 0.0013923556 0.00020748927 
    2900    1086.2443 100073536        2        0     45978.25 0.0015996766 0.0013922782 0.00020739836 
    3000    1128.5599 100107364        1        0     45962.25 0.0015995571 0.0013921533 0.0002074038 
    3100    1170.5241 100144178        2        1     45946.04  0.001599306 0.0013917593 0.00020754676 
    3200    1212.0302 100178205        0        0    45930.114  0.001599534 0.0013919802 0.0002075538 
    3300    1253.9955 100214567        1        1    45914.066 0.0015996441 0.0013921492 0.0002074949 
    3400    1295.7666 100248084        5        1    45898.087 0.0015996377 0.0013921325 0.00020750521 
    3500    1337.9603 100280681        4        1    45881.787  0.001599679 0.0013921227 0.00020755631 
    3600    1379.5898 100317737        1        0    45865.274 0.0015997795 0.0013922921 0.00020748746 
    3700    1422.1915 100356416        1        0    45849.239 0.0016001059 0.0013925246 0.00020758133 
    3800    1464.2366 100392326        4        0    45832.804 0.0015999494 0.0013924336 0.0002075158 
    3900    1506.5223 100428946        0        0    45816.611 0.0015998666 0.0013924076 0.00020745897 
    4000    1549.5766 100466607        2        0    45800.303 0.0015997075 0.0013923882 0.00020731925 
    4100    1592.1512 100504282        3        2    45784.806 0.0015999878 0.0013927309 0.00020725693 
    4200    1635.3247 100539528        4        1     45768.79 0.0015997773 0.0013924327 0.00020734455 
    4300    1678.3618 100574646        5        1    45752.083 0.0015996904 0.0013924222 0.00020726815 
    4400    1721.1426 100614519        3        0    45736.286 0.0015996793 0.0013924077 0.00020727156 
    4500    1764.3407 100649437        9        2    45719.903 0.0015999954 0.0013927089 0.00020728654 
    4600       1807.8 100688026        7        3    45703.912 0.0015997997 0.0013925387 0.00020726101 
    4700    1851.2568 100725175        8        0    45687.416 0.0015999748 0.0013926475 0.00020732736 
    4800    1894.7092 100760748        6        1    45671.002 0.0016001742  0.001392813 0.00020736129 
    4900    1938.0461 100797399        4        0    45655.107 0.0016000503 0.0013926945 0.00020735578 
    5000    1981.7631 100829106        3        0    45638.934  0.001600045 0.0013927181 0.00020732687 
    5100    2024.9358 100863068        8        0      45623.3 0.0015997643 0.0013924574 0.00020730697 
