Traceback (most recent call last):
  File "/storage/home/jxa5508/VLEO-DSMC/scripts/plot_drag.py", line 94, in <module>
    main()
  File "/storage/home/jxa5508/VLEO-DSMC/scripts/plot_drag.py", line 56, in main
    t, drag, ram_drag, skin_friction = read_drag(args.file) # timesteps, drag forces
                                       ^^^^^^^^^^^^^^^^^^^^
  File "/storage/home/jxa5508/VLEO-DSMC/scripts/plot_drag.py", line 27, in read_drag
    raise FileNotFoundError(f"Drag file not found: {path}")
FileNotFoundError: Drag file not found: /storage/home/jxa5508/VLEO-DSMC/dumps/direct_drag.dat
/storage/home/jxa5508/VLEO-DSMC/scripts/grid_temp_heatmap.py:110: MatplotlibDeprecationWarning: The get_cmap function was deprecated in Matplotlib 3.7 and will be removed in 3.11. Use ``matplotlib.colormaps[name]`` or ``matplotlib.colormaps.get_cmap()`` or ``pyplot.get_cmap()`` instead.
  _cmap = plt.cm.get_cmap("inferno")
Traceback (most recent call last):
  File "/storage/home/jxa5508/VLEO-DSMC/scripts/velocity_heatmap.py", line 80, in <module>
    frame_imgs = compute_payloads_parallel(range(len(timesteps)), compute_frame,
                 ^^^^^^^^^^^^^^^^^^^^^^^^^^^^^^^^^^^^^^^^^^^^^^^^^^^^^^^^^^^^^^^
  File "/storage/home/jxa5508/VLEO-DSMC/tools/anim_utils.py", line 136, in compute_payloads_parallel
    step, payload = fut.result()
                    ^^^^^^^^^^^^
  File "/storage/icds/RISE/sw8/python/3.11.2/lib/python3.11/concurrent/futures/_base.py", line 449, in result
    return self.__get_result()
           ^^^^^^^^^^^^^^^^^^^
  File "/storage/icds/RISE/sw8/python/3.11.2/lib/python3.11/concurrent/futures/_base.py", line 401, in __get_result
    raise self._exception
concurrent.futures.process.BrokenProcessPool: A process in the process pool was terminated abruptly while the future was running or pending.
[2026-06-10T15:57:52.311] error: Detected 1 oom_kill event in StepId=53597398.batch. Some of the step tasks have been OOM Killed.
