SPARTA (24 Sep 2025)
Running on 96 MPI task(s)
Created orthogonal box = (-0.75 -0.5 -0.5) to (0.75 0.5 0.5)
Loaded NRLMSIS data: rho=5.795833478261e-07 nrho=1.205008e+19 T=182.236065 vx=7844.2
MEAN FREE PATH = 0.136439938090381 m
MEAN MOLEC VEL = 364.977320611674 m/s
CELL SIZE MUST BE LESS THAN 0.0454799793634603 m
MEAN COLL TIME = 0.000373831277685195 s
MEAN TRANSIT TIME = 0.000124610425895065 s
TIMESTEP MUST BE < 4.15368086316883e-05 s
Created 187500000 child grid cells
  CPU time = 2.5327 secs
  create/ghost percent = 23.4511 76.5489
Balance grid migrated 183764964 cells
  CPU time = 8.71018 secs
  reassign/sort/migrate/ghost percent = 32.1005 1.95418 34.2283 31.717
Reading surface file ...
  12 triangles
  -0.5 0.5 xlo xhi
  -0.1 0.1 ylo yhi
  -0.1 0.1 zlo zhi
  0.2 min triangle edge length
  0.02 min triangle area
  242808 = cells with surfs
  250172 = total surfs in all grid cells
  6 = max surfs in one grid cell
  100 = min surf-size/cell-size ratio
  242808 8 = cells overlapping surfs, overlap cells with unmarked corner pts
  12902 tiny edges removed
  182277192 4980000 242808 = cells outside/inside/overlapping surfs
  242808 = surf cells with 1,2,etc splits
  1.45999999994213 1.46 = cell-wise and global flow volume
  CPU time = 2.28652 secs
  read/check/sort/surf2grid/ghost/inout/particle percent = 0.152252 25.9667 11.658 10.0968 52.1262 45.7677 0.000666297
  surf2grid time = 0.230865 secs
  map/comm1/comm2/comm3/comm4/split percent = 24.1717 0 0 0 0 54.0429
0 = initial surface count in group ampt_xnorm
4 = final surface count in group ampt_xnorm
0 = initial surface count in group ampt_yznorm
8 = final surface count in group ampt_yznorm
particles per particle = 12050080000
Creating particles ...
Created 973333333 particles
  CPU time = 2.69108 secs
Memory usage per proc in Mbytes:
  particles (ave,min,max) = 967.367 754.688 993.75
  grid      (ave,min,max) = 678.989 432.701 685.84
  surf      (ave,min,max) = 0.00151062 0.00151062 0.00151062
  total     (ave,min,max) = 1973.32 1720.93 2007.37
Step CPU Np Natt Ncoll c_Tbox c_drag c_drag_xnorm c_drag_walls 
       0            0 973333333        0        0    69563.451            0            0            0 
