=== Converting dumps in 'dumps' to Parquet ===
Processing dumps from: dumps
Using 48 parallel workers
Incremental mode: skipping frames already converted (use --force to redo all)

Processing grid dumps (1/3)...
  [grid] dispatching 301 frame(s) across 48 worker(s)...
  [grid] done 1/301 (0%): grid.10400.dat
  [grid] done 2/301 (0%): grid.1000.dat
  [grid] done 3/301 (0%): grid.11300.dat
  [grid] done 4/301 (1%): grid.10100.dat
  [grid] done 5/301 (1%): grid.13300.dat
  [grid] done 6/301 (1%): grid.100.dat
  [grid] done 7/301 (2%): grid.11900.dat
  [grid] done 8/301 (2%): grid.14000.dat
  [grid] done 9/301 (2%): grid.13800.dat
  [grid] done 10/301 (3%): grid.13200.dat
  [grid] done 11/301 (3%): grid.11100.dat
  [grid] done 12/301 (3%): grid.13900.dat
  [grid] done 13/301 (4%): grid.11500.dat
  [grid] done 14/301 (4%): grid.10700.dat
  [grid] done 15/301 (4%): grid.1400.dat
  [grid] done 16/301 (5%): grid.1200.dat
  [grid] done 17/301 (5%): grid.11700.dat
  [grid] done 18/301 (5%): grid.11000.dat
  [grid] done 19/301 (6%): grid.12400.dat
  [grid] done 20/301 (6%): grid.10000.dat
  [grid] done 21/301 (6%): grid.10900.dat
  [grid] done 22/301 (7%): grid.11400.dat
  [grid] done 23/301 (7%): grid.12300.dat
  [grid] done 24/301 (7%): grid.12200.dat
  [grid] done 25/301 (8%): grid.13400.dat
  [grid] done 26/301 (8%): grid.1100.dat
  [grid] done 27/301 (8%): grid.12800.dat
  [grid] done 28/301 (9%): grid.13600.dat
  [grid] done 29/301 (9%): grid.1300.dat
  [grid] done 30/301 (9%): grid.10300.dat
  [grid] done 31/301 (10%): grid.12000.dat
  [grid] done 32/301 (10%): grid.11800.dat
  [grid] done 33/301 (10%): grid.10200.dat
  [grid] done 34/301 (11%): grid.13100.dat
  [grid] done 35/301 (11%): grid.13700.dat
  [grid] done 36/301 (11%): grid.10600.dat
  [grid] done 37/301 (12%): grid.13000.dat
  [grid] done 38/301 (12%): grid.12600.dat
  [grid] done 39/301 (12%): grid.13500.dat
  [grid] done 40/301 (13%): grid.11200.dat
  [grid] done 41/301 (13%): grid.0.dat
  [grid] done 42/301 (13%): grid.12100.dat
  [grid] done 43/301 (14%): grid.11600.dat
  [grid] done 44/301 (14%): grid.12900.dat
  [grid] done 45/301 (14%): grid.12700.dat
  [grid] done 46/301 (15%): grid.10500.dat
  [grid] done 47/301 (15%): grid.10800.dat
  [grid] done 48/301 (15%): grid.12500.dat
  [grid] done 49/301 (16%): grid.14100.dat
  [grid] done 50/301 (16%): grid.14300.dat
  [grid] done 51/301 (16%): grid.14700.dat
  [grid] done 52/301 (17%): grid.14400.dat
  [grid] done 53/301 (17%): grid.14200.dat
  [grid] done 54/301 (17%): grid.14900.dat
  [grid] done 55/301 (18%): grid.15000.dat
  [grid] done 56/301 (18%): grid.14500.dat
  [grid] done 57/301 (18%): grid.14600.dat
  [grid] done 58/301 (19%): grid.15400.dat
  [grid] done 59/301 (19%): grid.15800.dat
  [grid] done 60/301 (19%): grid.16500.dat
  [grid] done 61/301 (20%): grid.17100.dat
  [grid] done 62/301 (20%): grid.16000.dat
  [grid] done 63/301 (20%): grid.15900.dat
  [grid] done 64/301 (21%): grid.1700.dat
  [grid] done 65/301 (21%): grid.15100.dat
  [grid] done 66/301 (21%): grid.16400.dat
  [grid] done 67/301 (22%): grid.14800.dat
  [grid] done 68/301 (22%): grid.16800.dat
  [grid] done 69/301 (22%): grid.1500.dat
  [grid] done 70/301 (23%): grid.1600.dat
  [grid] done 71/301 (23%): grid.16300.dat
  [grid] done 72/301 (23%): grid.17200.dat
  [grid] done 73/301 (24%): grid.18200.dat
  [grid] done 74/301 (24%): grid.17600.dat
  [grid] done 75/301 (24%): grid.15300.dat
  [grid] done 76/301 (25%): grid.17500.dat
  [grid] done 77/301 (25%): grid.15600.dat
  [grid] done 78/301 (25%): grid.16700.dat
  [grid] done 79/301 (26%): grid.15500.dat
  [grid] done 80/301 (26%): grid.17000.dat
  [grid] done 81/301 (26%): grid.17900.dat
  [grid] done 82/301 (27%): grid.15200.dat
  [grid] done 83/301 (27%): grid.15700.dat
  [grid] done 84/301 (27%): grid.16600.dat
  [grid] done 85/301 (28%): grid.16200.dat
  [grid] done 86/301 (28%): grid.17300.dat
  [grid] done 87/301 (28%): grid.16100.dat
  [grid] done 88/301 (29%): grid.18000.dat
  [grid] done 89/301 (29%): grid.17400.dat
  [grid] done 90/301 (29%): grid.1800.dat
  [grid] done 91/301 (30%): grid.18100.dat
  [grid] done 92/301 (30%): grid.18400.dat
  [grid] done 93/301 (30%): grid.18300.dat
  [grid] done 94/301 (31%): grid.16900.dat
  [grid] done 95/301 (31%): grid.17700.dat
  [grid] done 96/301 (31%): grid.17800.dat
  [grid] done 97/301 (32%): grid.18500.dat
  [grid] done 98/301 (32%): grid.18600.dat
  [grid] done 99/301 (32%): grid.18800.dat
  [grid] done 100/301 (33%): grid.19000.dat
  [grid] done 101/301 (33%): grid.18900.dat
  [grid] done 102/301 (33%): grid.19200.dat
  [grid] done 103/301 (34%): grid.19100.dat
  [grid] done 104/301 (34%): grid.19400.dat
  [grid] done 105/301 (34%): grid.18700.dat
  [grid] done 106/301 (35%): grid.1900.dat
  [grid] done 107/301 (35%): grid.19600.dat
  [grid] done 108/301 (35%): grid.19500.dat
  [grid] done 109/301 (36%): grid.19300.dat
  [grid] done 110/301 (36%): grid.20300.dat
  [grid] done 111/301 (36%): grid.19800.dat
  [grid] done 112/301 (37%): grid.200.dat
  [grid] done 113/301 (37%): grid.20000.dat
  [grid] done 114/301 (37%): grid.19700.dat
  [grid] done 115/301 (38%): grid.21100.dat
  [grid] done 116/301 (38%): grid.20400.dat
  [grid] done 117/301 (38%): grid.21200.dat
  [grid] done 118/301 (39%): grid.20700.dat
  [grid] done 119/301 (39%): grid.20100.dat
  [grid] done 120/301 (39%): grid.2000.dat
  [grid] done 121/301 (40%): grid.19900.dat
  [grid] done 122/301 (40%): grid.21300.dat
  [grid] done 123/301 (40%): grid.20600.dat
  [grid] done 124/301 (41%): grid.20900.dat
  [grid] done 125/301 (41%): grid.20500.dat
  [grid] done 126/301 (41%): grid.20200.dat
  [grid] done 127/301 (42%): grid.21600.dat
  [grid] done 128/301 (42%): grid.21700.dat
  [grid] done 129/301 (42%): grid.22300.dat
  [grid] done 130/301 (43%): grid.2100.dat
  [grid] done 131/301 (43%): grid.20800.dat
  [grid] done 132/301 (43%): grid.21400.dat
  [grid] done 133/301 (44%): grid.22500.dat
  [grid] done 134/301 (44%): grid.21000.dat
  [grid] done 135/301 (44%): grid.21500.dat
  [grid] done 136/301 (45%): grid.21900.dat
  [grid] done 137/301 (45%): grid.22700.dat
  [grid] done 138/301 (45%): grid.22000.dat
  [grid] done 139/301 (46%): grid.22200.dat
  [grid] done 140/301 (46%): grid.21800.dat
  [grid] done 141/301 (46%): grid.22900.dat
  [grid] done 142/301 (47%): grid.22100.dat
  [grid] done 143/301 (47%): grid.2200.dat
  [grid] done 144/301 (47%): grid.22400.dat
  [grid] done 145/301 (48%): grid.2300.dat
  [grid] done 146/301 (48%): grid.22600.dat
  [grid] done 147/301 (48%): grid.22800.dat
  [grid] done 148/301 (49%): grid.23000.dat
  [grid] done 149/301 (49%): grid.23200.dat
  [grid] done 150/301 (49%): grid.23400.dat
  [grid] done 151/301 (50%): grid.23600.dat
  [grid] done 152/301 (50%): grid.24100.dat
  [grid] done 153/301 (50%): grid.23100.dat
  [grid] done 154/301 (51%): grid.24000.dat
  [grid] done 155/301 (51%): grid.23700.dat
  [grid] done 156/301 (51%): grid.23300.dat
  [grid] done 157/301 (52%): grid.23800.dat
  [grid] done 158/301 (52%): grid.23500.dat
  [grid] done 159/301 (52%): grid.2400.dat
  [grid] done 160/301 (53%): grid.23900.dat
  [grid] done 161/301 (53%): grid.24600.dat
  [grid] done 162/301 (53%): grid.24800.dat
  [grid] done 163/301 (54%): grid.24200.dat
  [grid] done 164/301 (54%): grid.24300.dat
  [grid] done 165/301 (54%): grid.24500.dat
  [grid] done 166/301 (55%): grid.24400.dat
  [grid] done 167/301 (55%): grid.2500.dat
  [grid] done 168/301 (55%): grid.25000.dat
  [grid] done 169/301 (56%): grid.24700.dat
  [grid] done 170/301 (56%): grid.25100.dat
  [grid] done 171/301 (56%): grid.26500.dat
  [grid] done 172/301 (57%): grid.24900.dat
  [grid] done 173/301 (57%): grid.25700.dat
  [grid] done 174/301 (57%): grid.25400.dat
  [grid] done 175/301 (58%): grid.25600.dat
  [grid] done 176/301 (58%): grid.25200.dat
  [grid] done 177/301 (58%): grid.25800.dat
  [grid] done 178/301 (59%): grid.26100.dat
  [grid] done 179/301 (59%): grid.2700.dat
  [grid] done 180/301 (59%): grid.25300.dat
  [grid] done 181/301 (60%): grid.25500.dat
  [grid] done 182/301 (60%): grid.27200.dat
  [grid] done 183/301 (60%): grid.26000.dat
  [grid] done 184/301 (61%): grid.25900.dat
  [grid] done 185/301 (61%): grid.26200.dat
  [grid] done 186/301 (61%): grid.2600.dat
  [grid] done 187/301 (62%): grid.27700.dat
  [grid] done 188/301 (62%): grid.27800.dat
  [grid] done 189/301 (62%): grid.26400.dat
  [grid] done 190/301 (63%): grid.27500.dat
  [grid] done 191/301 (63%): grid.26700.dat
  [grid] done 192/301 (63%): grid.26300.dat
  [grid] done 193/301 (64%): grid.26600.dat
  [grid] done 194/301 (64%): grid.27600.dat
  [grid] done 195/301 (64%): grid.27100.dat
  [grid] done 196/301 (65%): grid.26900.dat
  [grid] done 197/301 (65%): grid.26800.dat
  [grid] done 198/301 (65%): grid.27000.dat
  [grid] done 199/301 (66%): grid.27300.dat
  [grid] done 200/301 (66%): grid.27400.dat
  [grid] done 201/301 (66%): grid.28000.dat
  [grid] done 202/301 (67%): grid.2800.dat
  [grid] done 203/301 (67%): grid.27900.dat
  [grid] done 204/301 (67%): grid.28700.dat
  [grid] done 205/301 (68%): grid.28600.dat
  [grid] done 206/301 (68%): grid.2900.dat
  [grid] done 207/301 (68%): grid.29300.dat
  [grid] done 208/301 (69%): grid.29200.dat
  [grid] done 209/301 (69%): grid.28900.dat
  [grid] done 210/301 (69%): grid.28100.dat
  [grid] done 211/301 (70%): grid.28500.dat
  [grid] done 212/301 (70%): grid.28400.dat
  [grid] done 213/301 (70%): grid.28200.dat
  [grid] done 214/301 (71%): grid.28300.dat
  [grid] done 215/301 (71%): grid.29400.dat
  [grid] done 216/301 (71%): grid.28800.dat
  [grid] done 217/301 (72%): grid.29000.dat
  [grid] done 218/301 (72%): grid.29700.dat
  [grid] done 219/301 (72%): grid.300.dat
  [grid] done 220/301 (73%): grid.3100.dat
  [grid] done 221/301 (73%): grid.29100.dat
  [grid] done 222/301 (73%): grid.29800.dat
  [grid] done 223/301 (74%): grid.29600.dat
  [grid] done 224/301 (74%): grid.3200.dat
  [grid] done 225/301 (74%): grid.3400.dat
  [grid] done 226/301 (75%): grid.29500.dat
  [grid] done 227/301 (75%): grid.3300.dat
  [grid] done 228/301 (75%): grid.3500.dat
  [grid] done 229/301 (76%): grid.29900.dat
  [grid] done 230/301 (76%): grid.3000.dat
  [grid] done 231/301 (76%): grid.3700.dat
  [grid] done 232/301 (77%): grid.30000.dat
  [grid] done 233/301 (77%): grid.400.dat
  [grid] done 234/301 (77%): grid.3600.dat
  [grid] done 235/301 (78%): grid.4100.dat
  [grid] done 236/301 (78%): grid.4000.dat
  [grid] done 237/301 (78%): grid.4900.dat
  [grid] done 238/301 (79%): grid.3800.dat
  [grid] done 239/301 (79%): grid.4400.dat
  [grid] done 240/301 (79%): grid.4200.dat
  [grid] done 241/301 (80%): grid.3900.dat
  [grid] done 242/301 (80%): grid.5000.dat
  [grid] done 243/301 (80%): grid.4300.dat
  [grid] done 244/301 (81%): grid.5200.dat
  [grid] done 245/301 (81%): grid.4500.dat
  [grid] done 246/301 (81%): grid.4600.dat
  [grid] done 247/301 (82%): grid.4700.dat
  [grid] done 248/301 (82%): grid.5100.dat
  [grid] done 249/301 (82%): grid.4800.dat
  [grid] done 250/301 (83%): grid.500.dat
  [grid] done 251/301 (83%): grid.5700.dat
  [grid] done 252/301 (83%): grid.5900.dat
  [grid] done 253/301 (84%): grid.5500.dat
  [grid] done 254/301 (84%): grid.5300.dat
  [grid] done 255/301 (84%): grid.5400.dat
  [grid] done 256/301 (85%): grid.5600.dat
  [grid] done 257/301 (85%): grid.600.dat
  [grid] done 258/301 (85%): grid.5800.dat
  [grid] done 259/301 (86%): grid.6000.dat
  [grid] done 260/301 (86%): grid.6800.dat
  [grid] done 261/301 (86%): grid.6100.dat
  [grid] done 262/301 (87%): grid.6300.dat
  [grid] done 263/301 (87%): grid.6200.dat
  [grid] done 264/301 (87%): grid.6500.dat
  [grid] done 265/301 (88%): grid.6700.dat
  [grid] done 266/301 (88%): grid.700.dat
  [grid] done 267/301 (88%): grid.6400.dat
  [grid] done 268/301 (89%): grid.7400.dat
  [grid] done 269/301 (89%): grid.6600.dat
  [grid] done 270/301 (89%): grid.7800.dat
  [grid] done 271/301 (90%): grid.7900.dat
  [grid] done 272/301 (90%): grid.6900.dat
  [grid] done 273/301 (90%): grid.7000.dat
  [grid] done 274/301 (91%): grid.7100.dat
  [grid] done 275/301 (91%): grid.7300.dat
  [grid] done 276/301 (91%): grid.8000.dat
  [grid] done 277/301 (92%): grid.8200.dat
  [grid] done 278/301 (92%): grid.7500.dat
  [grid] done 279/301 (92%): grid.7600.dat
  [grid] done 280/301 (93%): grid.8100.dat
  [grid] done 281/301 (93%): grid.800.dat
  [grid] done 282/301 (93%): grid.7200.dat
  [grid] done 283/301 (94%): grid.7700.dat
  [grid] done 284/301 (94%): grid.8500.dat
  [grid] done 285/301 (94%): grid.8600.dat
  [grid] done 286/301 (95%): grid.900.dat
  [grid] done 287/301 (95%): grid.8300.dat
  [grid] done 288/301 (95%): grid.9200.dat
  [grid] done 289/301 (96%): grid.8800.dat
  [grid] done 290/301 (96%): grid.8700.dat
  [grid] done 291/301 (96%): grid.8900.dat
  [grid] done 292/301 (97%): grid.9100.dat
  [grid] done 293/301 (97%): grid.9500.dat
  [grid] done 294/301 (97%): grid.9000.dat
  [grid] done 295/301 (98%): grid.8400.dat
  [grid] done 296/301 (98%): grid.9300.dat
  [grid] done 297/301 (98%): grid.9400.dat
  [grid] done 298/301 (99%): grid.9900.dat
  [grid] done 299/301 (99%): grid.9600.dat
  [grid] done 300/301 (99%): grid.9700.dat
  [grid] done 301/301 (100%): grid.9800.dat

Processing surface dumps (2/3)...
  [surf] dispatching 301 frame(s) across 48 worker(s)...
  [surf] done 1/301 (0%): surf.12600.dat
  [surf] done 2/301 (0%): surf.13000.dat
  [surf] done 3/301 (0%): surf.11600.dat
  [surf] done 4/301 (1%): surf.10800.dat
  [surf] done 5/301 (1%): surf.0.dat
  [surf] done 6/301 (1%): surf.1300.dat
  [surf] done 7/301 (2%): surf.10400.dat
  [surf] done 8/301 (2%): surf.13800.dat
  [surf] done 9/301 (2%): surf.12900.dat
  [surf] done 10/301 (3%): surf.11400.dat
  [surf] done 11/301 (3%): surf.1200.dat
  [surf] done 12/301 (3%): surf.12400.dat
  [surf] done 13/301 (4%): surf.13500.dat
  [surf] done 14/301 (4%): surf.12700.dat
  [surf] done 15/301 (4%): surf.13300.dat
  [surf] done 16/301 (5%): surf.1400.dat
  [surf] done 17/301 (5%): surf.10600.dat
  [surf] done 18/301 (5%): surf.10700.dat
  [surf] done 19/301 (6%): surf.10100.dat
  [surf] done 20/301 (6%): surf.10000.dat
  [surf] done 21/301 (6%): surf.11300.dat
  [surf] done 22/301 (7%): surf.10500.dat
  [surf] done 23/301 (7%): surf.12000.dat
  [surf] done 24/301 (7%): surf.11200.dat
  [surf] done 25/301 (8%): surf.13600.dat
  [surf] done 26/301 (8%): surf.10200.dat
  [surf] done 27/301 (8%): surf.13100.dat
  [surf] done 28/301 (9%): surf.11100.dat
  [surf] done 29/301 (9%): surf.11700.dat
  [surf] done 30/301 (9%): surf.11500.dat
  [surf] done 31/301 (10%): surf.1000.dat
  [surf] done 32/301 (10%): surf.11800.dat
  [surf] done 33/301 (10%): surf.1100.dat
  [surf] done 34/301 (11%): surf.12100.dat
  [surf] done 35/301 (11%): surf.11900.dat
  [surf] done 36/301 (11%): surf.14000.dat
  [surf] done 37/301 (12%): surf.13700.dat
  [surf] done 38/301 (12%): surf.12800.dat
  [surf] done 39/301 (12%): surf.10300.dat
  [surf] done 40/301 (13%): surf.13400.dat
  [surf] done 41/301 (13%): surf.13900.dat
  [surf] done 42/301 (13%): surf.13200.dat
  [surf] done 43/301 (14%): surf.12200.dat
  [surf] done 44/301 (14%): surf.12300.dat
  [surf] done 45/301 (14%): surf.11000.dat
  [surf] done 46/301 (15%): surf.10900.dat
  [surf] done 47/301 (15%): surf.12500.dat
  [surf] done 48/301 (15%): surf.100.dat
  [surf] done 49/301 (16%): surf.14100.dat
  [surf] done 50/301 (16%): surf.14500.dat
  [surf] done 51/301 (16%): surf.16700.dat
  [surf] done 52/301 (17%): surf.14700.dat
  [surf] done 53/301 (17%): surf.15200.dat
  [surf] done 54/301 (17%): surf.15000.dat
  [surf] done 55/301 (18%): surf.17000.dat
  [surf] done 56/301 (18%): surf.16600.dat
  [surf] done 57/301 (18%): surf.15800.dat
  [surf] done 58/301 (19%): surf.16400.dat
  [surf] done 59/301 (19%): surf.14600.dat
  [surf] done 60/301 (19%): surf.14300.dat
  [surf] done 61/301 (20%): surf.15900.dat
  [surf] done 62/301 (20%): surf.15700.dat
  [surf] done 63/301 (20%): surf.16100.dat
  [surf] done 64/301 (21%): surf.14200.dat
  [surf] done 65/301 (21%): surf.1600.dat
  [surf] done 66/301 (21%): surf.14400.dat
  [surf] done 67/301 (22%): surf.14900.dat
  [surf] done 68/301 (22%): surf.15100.dat
  [surf] done 69/301 (22%): surf.15600.dat
  [surf] done 70/301 (23%): surf.16000.dat
  [surf] done 71/301 (23%): surf.17500.dat
  [surf] done 72/301 (23%): surf.1700.dat
  [surf] done 73/301 (24%): surf.16500.dat
  [surf] done 74/301 (24%): surf.16300.dat
  [surf] done 75/301 (24%): surf.15400.dat
  [surf] done 76/301 (25%): surf.14800.dat
  [surf] done 77/301 (25%): surf.16900.dat
  [surf] done 78/301 (25%): surf.1500.dat
  [surf] done 79/301 (26%): surf.15300.dat
  [surf] done 80/301 (26%): surf.15500.dat
  [surf] done 81/301 (26%): surf.16800.dat
  [surf] done 82/301 (27%): surf.1800.dat
  [surf] done 83/301 (27%): surf.17900.dat
  [surf] done 84/301 (27%): surf.17800.dat
  [surf] done 85/301 (28%): surf.18100.dat
  [surf] done 86/301 (28%): surf.18000.dat
  [surf] done 87/301 (28%): surf.18300.dat
  [surf] done 88/301 (29%): surf.18200.dat
  [surf] done 89/301 (29%): surf.18400.dat
  [surf] done 90/301 (29%): surf.17100.dat
  [surf] done 91/301 (30%): surf.16200.dat
  [surf] done 92/301 (30%): surf.18500.dat
  [surf] done 93/301 (30%): surf.17700.dat
  [surf] done 94/301 (31%): surf.17200.dat
  [surf] done 95/301 (31%): surf.17400.dat
  [surf] done 96/301 (31%): surf.17600.dat
  [surf] done 97/301 (32%): surf.20100.dat
  [surf] done 98/301 (32%): surf.18600.dat
  [surf] done 99/301 (32%): surf.17300.dat
  [surf] done 100/301 (33%): surf.20000.dat
  [surf] done 101/301 (33%): surf.18900.dat
  [surf] done 102/301 (33%): surf.20300.dat
  [surf] done 103/301 (34%): surf.20200.dat
  [surf] done 104/301 (34%): surf.19300.dat
  [surf] done 105/301 (34%): surf.19700.dat
  [surf] done 106/301 (35%): surf.19100.dat
  [surf] done 107/301 (35%): surf.18800.dat
  [surf] done 108/301 (35%): surf.2000.dat
  [surf] done 109/301 (36%): surf.18700.dat
  [surf] done 110/301 (36%): surf.19800.dat
  [surf] done 111/301 (36%): surf.19200.dat
  [surf] done 112/301 (37%): surf.19000.dat
  [surf] done 113/301 (37%): surf.1900.dat
  [surf] done 114/301 (37%): surf.21000.dat
  [surf] done 115/301 (38%): surf.200.dat
  [surf] done 116/301 (38%): surf.22600.dat
  [surf] done 117/301 (38%): surf.21400.dat
  [surf] done 118/301 (39%): surf.19600.dat
  [surf] done 119/301 (39%): surf.19400.dat
  [surf] done 120/301 (39%): surf.19500.dat
  [surf] done 121/301 (40%): surf.21200.dat
  [surf] done 122/301 (40%): surf.20900.dat
  [surf] done 123/301 (40%): surf.21300.dat
  [surf] done 124/301 (41%): surf.20800.dat
  [surf] done 125/301 (41%): surf.20400.dat
  [surf] done 126/301 (41%): surf.22200.dat
  [surf] done 127/301 (42%): surf.21600.dat
  [surf] done 128/301 (42%): surf.21700.dat
  [surf] done 129/301 (42%): surf.22100.dat
  [surf] done 130/301 (43%): surf.21100.dat
  [surf] done 131/301 (43%): surf.19900.dat
  [surf] done 132/301 (43%): surf.2200.dat
  [surf] done 133/301 (44%): surf.22500.dat
  [surf] done 134/301 (44%): surf.22400.dat
  [surf] done 135/301 (44%): surf.2100.dat
  [surf] done 136/301 (45%): surf.20700.dat
  [surf] done 137/301 (45%): surf.21800.dat
  [surf] done 138/301 (45%): surf.20500.dat
  [surf] done 139/301 (46%): surf.20600.dat
  [surf] done 140/301 (46%): surf.22700.dat
  [surf] done 141/301 (46%): surf.21900.dat
  [surf] done 142/301 (47%): surf.21500.dat
  [surf] done 143/301 (47%): surf.22000.dat
  [surf] done 144/301 (47%): surf.23000.dat
  [surf] done 145/301 (48%): surf.23200.dat
  [surf] done 146/301 (48%): surf.22300.dat
  [surf] done 147/301 (48%): surf.22900.dat
  [surf] done 148/301 (49%): surf.23900.dat
  [surf] done 149/301 (49%): surf.23500.dat
  [surf] done 150/301 (49%): surf.23700.dat
  [surf] done 151/301 (50%): surf.23300.dat
  [surf] done 152/301 (50%): surf.23600.dat
  [surf] done 153/301 (50%): surf.24100.dat
  [surf] done 154/301 (51%): surf.23100.dat
  [surf] done 155/301 (51%): surf.22800.dat
  [surf] done 156/301 (51%): surf.23400.dat
  [surf] done 157/301 (52%): surf.24500.dat
  [surf] done 158/301 (52%): surf.2300.dat
  [surf] done 159/301 (52%): surf.23800.dat
  [surf] done 160/301 (53%): surf.25000.dat
  [surf] done 161/301 (53%): surf.25200.dat
  [surf] done 162/301 (53%): surf.25400.dat
  [surf] done 163/301 (54%): surf.24400.dat
  [surf] done 164/301 (54%): surf.24900.dat
  [surf] done 165/301 (54%): surf.25100.dat
  [surf] done 166/301 (55%): surf.24800.dat
  [surf] done 167/301 (55%): surf.24000.dat
  [surf] done 168/301 (55%): surf.24200.dat
  [surf] done 169/301 (56%): surf.24700.dat
  [surf] done 170/301 (56%): surf.2400.dat
  [surf] done 171/301 (56%): surf.25300.dat
  [surf] done 172/301 (57%): surf.25500.dat
  [surf] done 173/301 (57%): surf.2700.dat
  [surf] done 174/301 (57%): surf.2600.dat
  [surf] done 175/301 (58%): surf.26500.dat
  [surf] done 176/301 (58%): surf.24600.dat
  [surf] done 177/301 (58%): surf.25800.dat
  [surf] done 178/301 (59%): surf.26200.dat
  [surf] done 179/301 (59%): surf.25700.dat
  [surf] done 180/301 (59%): surf.24300.dat
  [surf] done 181/301 (60%): surf.2500.dat
  [surf] done 182/301 (60%): surf.26400.dat
  [surf] done 183/301 (60%): surf.27000.dat
  [surf] done 184/301 (61%): surf.26000.dat
  [surf] done 185/301 (61%): surf.25600.dat
  [surf] done 186/301 (61%): surf.25900.dat
  [surf] done 187/301 (62%): surf.27400.dat
  [surf] done 188/301 (62%): surf.27700.dat
  [surf] done 189/301 (62%): surf.26600.dat
  [surf] done 190/301 (63%): surf.26700.dat
  [surf] done 191/301 (63%): surf.28200.dat
  [surf] done 192/301 (63%): surf.26300.dat
  [surf] done 193/301 (64%): surf.26900.dat
  [surf] done 194/301 (64%): surf.26800.dat
  [surf] done 195/301 (64%): surf.26100.dat
  [surf] done 196/301 (65%): surf.27800.dat
  [surf] done 197/301 (65%): surf.27300.dat
  [surf] done 198/301 (65%): surf.27200.dat
  [surf] done 199/301 (66%): surf.28000.dat
  [surf] done 200/301 (66%): surf.2800.dat
  [surf] done 201/301 (66%): surf.27500.dat
  [surf] done 202/301 (67%): surf.27600.dat
  [surf] done 203/301 (67%): surf.27900.dat
  [surf] done 204/301 (67%): surf.27100.dat
  [surf] done 205/301 (68%): surf.28100.dat
  [surf] done 206/301 (68%): surf.28600.dat
  [surf] done 207/301 (68%): surf.28300.dat
  [surf] done 208/301 (69%): surf.28400.dat
  [surf] done 209/301 (69%): surf.28500.dat
  [surf] done 210/301 (69%): surf.28700.dat
  [surf] done 211/301 (70%): surf.29900.dat
  [surf] done 212/301 (70%): surf.3100.dat
  [surf] done 213/301 (70%): surf.3900.dat
  [surf] done 214/301 (71%): surf.30000.dat
  [surf] done 215/301 (71%): surf.28900.dat
  [surf] done 216/301 (71%): surf.29200.dat
  [surf] done 217/301 (72%): surf.300.dat
  [surf] done 218/301 (72%): surf.29100.dat
  [surf] done 219/301 (72%): surf.3700.dat
  [surf] done 220/301 (73%): surf.29400.dat
  [surf] done 221/301 (73%): surf.29800.dat
  [surf] done 222/301 (73%): surf.4000.dat
  [surf] done 223/301 (74%): surf.29700.dat
  [surf] done 224/301 (74%): surf.3000.dat
  [surf] done 225/301 (74%): surf.29300.dat
  [surf] done 226/301 (75%): surf.3400.dat
  [surf] done 227/301 (75%): surf.400.dat
  [surf] done 228/301 (75%): surf.2900.dat
  [surf] done 229/301 (76%): surf.3300.dat
  [surf] done 230/301 (76%): surf.3500.dat
  [surf] done 231/301 (76%): surf.29000.dat
  [surf] done 232/301 (77%): surf.4100.dat
  [surf] done 233/301 (77%): surf.4400.dat
  [surf] done 234/301 (77%): surf.29600.dat
  [surf] done 235/301 (78%): surf.3200.dat
  [surf] done 236/301 (78%): surf.3600.dat
  [surf] done 237/301 (78%): surf.28800.dat
  [surf] done 238/301 (79%): surf.4200.dat
  [surf] done 239/301 (79%): surf.29500.dat
  [surf] done 240/301 (79%): surf.500.dat
  [surf] done 241/301 (80%): surf.5000.dat
  [surf] done 242/301 (80%): surf.4300.dat
  [surf] done 243/301 (80%): surf.4600.dat
  [surf] done 244/301 (81%): surf.4800.dat
  [surf] done 245/301 (81%): surf.4700.dat
  [surf] done 246/301 (81%): surf.4900.dat
  [surf] done 247/301 (82%): surf.5600.dat
  [surf] done 248/301 (82%): surf.4500.dat
  [surf] done 249/301 (82%): surf.5900.dat
  [surf] done 250/301 (83%): surf.3800.dat
  [surf] done 251/301 (83%): surf.5100.dat
  [surf] done 252/301 (83%): surf.5500.dat
  [surf] done 253/301 (84%): surf.5300.dat
  [surf] done 254/301 (84%): surf.5200.dat
  [surf] done 255/301 (84%): surf.5700.dat
  [surf] done 256/301 (85%): surf.6300.dat
  [surf] done 257/301 (85%): surf.6400.dat
  [surf] done 258/301 (85%): surf.5400.dat
  [surf] done 259/301 (86%): surf.700.dat
  [surf] done 260/301 (86%): surf.5800.dat
  [surf] done 261/301 (86%): surf.600.dat
  [surf] done 262/301 (87%): surf.6000.dat
  [surf] done 263/301 (87%): surf.6600.dat
  [surf] done 264/301 (87%): surf.7000.dat
  [surf] done 265/301 (88%): surf.6900.dat
  [surf] done 266/301 (88%): surf.6500.dat
  [surf] done 267/301 (88%): surf.6200.dat
  [surf] done 268/301 (89%): surf.7400.dat
  [surf] done 269/301 (89%): surf.6100.dat
  [surf] done 270/301 (89%): surf.7900.dat
  [surf] done 271/301 (90%): surf.7600.dat
  [surf] done 272/301 (90%): surf.7300.dat
  [surf] done 273/301 (90%): surf.800.dat
  [surf] done 274/301 (91%): surf.6700.dat
  [surf] done 275/301 (91%): surf.6800.dat
  [surf] done 276/301 (91%): surf.8700.dat
  [surf] done 277/301 (92%): surf.8800.dat
  [surf] done 278/301 (92%): surf.7100.dat
  [surf] done 279/301 (92%): surf.9200.dat
  [surf] done 280/301 (93%): surf.7500.dat
  [surf] done 281/301 (93%): surf.7200.dat
  [surf] done 282/301 (93%): surf.8500.dat
  [surf] done 283/301 (94%): surf.8000.dat
  [surf] done 284/301 (94%): surf.7800.dat
  [surf] done 285/301 (94%): surf.7700.dat
  [surf] done 286/301 (95%): surf.8600.dat
  [surf] done 287/301 (95%): surf.8200.dat
  [surf] done 288/301 (95%): surf.8400.dat
  [surf] done 289/301 (96%): surf.9600.dat
  [surf] done 290/301 (96%): surf.9700.dat
  [surf] done 291/301 (96%): surf.9800.dat
  [surf] done 292/301 (97%): surf.9000.dat
  [surf] done 293/301 (97%): surf.9300.dat
  [surf] done 294/301 (97%): surf.9400.dat
  [surf] done 295/301 (98%): surf.8300.dat
  [surf] done 296/301 (98%): surf.8100.dat
  [surf] done 297/301 (98%): surf.900.dat
  [surf] done 298/301 (99%): surf.9100.dat
  [surf] done 299/301 (99%): surf.8900.dat
  [surf] done 300/301 (99%): surf.9500.dat
  [surf] done 301/301 (100%): surf.9900.dat

Processing particle dumps (3/3)... (20 worker(s))
  skipping 150 already-converted particle frame(s); 151 to do
  [particle] dispatching 151 frame(s) across 20 worker(s)...
