SPARTA (24 Sep 2025)
Running on 96 MPI task(s)
Created orthogonal box = (-3 -1 -1) to (3 1 1)
Loaded NRLMSIS data: rho=1.48771273913e-06 nrho=3.093095e+19 T=177.748857 vx=7847.2
MEAN FREE PATH = 0.0531542911582872 m
MEAN MOLEC VEL = 360.455947204927 m/s
CELL SIZE MUST BE LESS THAN 0.0177180970527624 m
MEAN COLL TIME = 0.000147464042611753 s
MEAN TRANSIT TIME = 4.91546808705844e-05 s
TIMESTEP MUST BE < 1.63848936235281e-05 s
Created 175000000 child grid cells
  CPU time = 1.48177 secs
  create/ghost percent = 18.3476 81.6524
Balance grid migrated 167583540 cells
  CPU time = 4.80993 secs
  reassign/sort/migrate/ghost percent = 39.5361 0.992717 38.4545 21.0167
Reading surface file ...
  12 triangles
  -0.5 0.5 xlo xhi
  -0.1 0.1 ylo yhi
  -0.1 0.1 zlo zhi
  0.2 min triangle edge length
  0.02 min triangle area
  28402 = cells with surfs
  30284 = total surfs in all grid cells
  6 = max surfs in one grid cell
  23.3333 = min surf-size/cell-size ratio
  28402 0 = cells overlapping surfs, overlap cells with unmarked corner pts
  1530 tiny edges removed
  174693082 278516 28402 = cells outside/inside/overlapping surfs
  28402 = surf cells with 1,2,etc splits
  23.960000000793 23.96 = cell-wise and global flow volume
  CPU time = 2.16824 secs
  read/check/sort/surf2grid/ghost/inout/particle percent = 1.12162 26.4894 9.96353 10.323 52.1024 61.3587 0.00354934
  surf2grid time = 0.223827 secs
  map/comm1/comm2/comm3/comm4/split percent = 23.1248 0 0 0 0 49.3617
0 = initial surface count in group ampt_xnorm
4 = final surface count in group ampt_xnorm
0 = initial surface count in group ampt_yznorm
8 = final surface count in group ampt_yznorm
particles per particle = 30930950000
Creating particles ...
WARNING: Created unexpected # of particles: 998333231 versus 998333333 (../create_particles.cpp:445)
Created 998333231 particles
  CPU time = 2.83371 secs
