SPARTA (24 Sep 2025)
Running on 96 MPI task(s)
Created orthogonal box = (-3 -1 -1) to (3 1 1)
Loaded NRLMSIS data: rho=1.48771273913e-06 nrho=3.093095e+19 T=177.748857 vx=7847.2
MEAN FREE PATH = 0.0531542911582872 m
MEAN MOLEC VEL = 360.455947204927 m/s
CELL SIZE MUST BE LESS THAN 0.0177180970527624 m
MEAN COLL TIME = 0.000147464042611753 s
MEAN TRANSIT TIME = 4.91546808705844e-05 s
TIMESTEP MUST BE < 1.63848936235281e-05 s
Created 175000000 child grid cells
  CPU time = 1.46831 secs
  create/ghost percent = 18.5762 81.4238
Balance grid migrated 167583540 cells
  CPU time = 4.81811 secs
  reassign/sort/migrate/ghost percent = 39.2593 0.977491 38.5608 21.2025
Reading surface file ...
  12 triangles
  -0.5 0.5 xlo xhi
  -0.1 0.1 ylo yhi
  -0.1 0.1 zlo zhi
  0.2 min triangle edge length
  0.02 min triangle area
  28402 = cells with surfs
  30284 = total surfs in all grid cells
  6 = max surfs in one grid cell
  23.3333 = min surf-size/cell-size ratio
  28402 0 = cells overlapping surfs, overlap cells with unmarked corner pts
  1530 tiny edges removed
  174693082 278516 28402 = cells outside/inside/overlapping surfs
  28402 = surf cells with 1,2,etc splits
  23.960000000793 23.96 = cell-wise and global flow volume
  CPU time = 2.14532 secs
  read/check/sort/surf2grid/ghost/inout/particle percent = 0.803155 27.6138 10.1572 10.6396 50.7862 59.6025 0.00098913
  surf2grid time = 0.228254 secs
  map/comm1/comm2/comm3/comm4/split percent = 22.5669 0 0 0 0 51.5282
0 = initial surface count in group ampt_xnorm
4 = final surface count in group ampt_xnorm
0 = initial surface count in group ampt_yznorm
8 = final surface count in group ampt_yznorm
particles per particle = 30930950000
Creating particles ...
WARNING: Created unexpected # of particles: 998333229 versus 998333333 (../create_particles.cpp:445)
Created 998333229 particles
  CPU time = 2.8484 secs
Memory usage per proc in Mbytes:
  particles (ave,min,max) = 992.188 975 993.75
  grid      (ave,min,max) = 626.751 401.139 641.201
  surf      (ave,min,max) = 0.00151062 0.00151062 0.00151062
  total     (ave,min,max) = 1923.2 1669.73 1941.1
Step CPU Np Natt Ncoll c_Tbox c_drag c_drag_xnorm c_drag_walls 
       0            0 998333229        0        0    70620.946            0            0            0 
     100    226.22898 998328636     2905     1450    70609.935    4.7456241    3.9217554   0.82386868 
     200    466.04483 998335029  1795505   979193    70598.404    4.7381497    3.8948612   0.84328844 
     300    724.07863 998335738   238739   129629    70585.968    4.7460081    3.8707347   0.87527341 
     400    992.79495 998333609  1151236   625326    70574.819      4.73912    3.8574517   0.88166823 
     500    1261.5181 998328474   671738   363766    70563.013    4.7337315    3.8388996   0.89483197 
     600    1537.7077 998322951   908946   492027     70551.89    4.7353518    3.8251949   0.91015689 
     700    1815.8778 998320210   850172   458775    70540.449    4.7303189    3.8079467   0.92237215 
     800    2104.7273 998316521   827945   445962    70529.445    4.7261012    3.7903086   0.93579261 
     900    2393.9999 998315604   897853   482911    70518.201    4.7228411    3.7749645   0.94787663 
    1000    2712.1184 998312810   817702   439778    70507.148    4.7185238    3.7582624   0.96026141 
    1100    3033.6211 998310433   898834   481285    70496.061    4.7138704    3.7408357   0.97303466 
    1200    3356.6226 998307596   832474   446281    70484.832    4.7127446    3.7270391   0.98570546 
    1300    3688.5799 998306166   889424   476267    70473.669    4.7097459     3.713482   0.99626389 
    1400    4019.3715 998308194   849733   453171    70462.454    4.7082394    3.7016366    1.0066028 
    1500    4352.5319 998314675   881705   471769    70451.111    4.7074434     3.690193    1.0172504 
    1600    4677.0915 998314012   863628   461537    70439.766    4.7071751    3.6794351    1.0277399 
    1700    4986.0625 998304024   877532   467865    70428.342    4.7070559    3.6692881    1.0377678 
    1800    5295.3489 998300012   873540   466335    70416.862    4.7081132    3.6604691    1.0476441 
    1900    5607.3935 998295705   878807   468993    70405.317    4.7096102    3.6519947    1.0576155 
    2000    5912.0677 998299275   879759   469449    70393.683    4.7116404    3.6444284    1.0672121 
    2100    6231.2232 998300238   882310   470014    70381.874    4.7147245    3.6373766    1.0773479 
    2200    6545.6463 998299433   882446   470103    70370.014    4.7189396    3.6311622    1.0877774 
    2300    6866.5815 998292995   885072   471508    70357.962    4.7239205    3.6254799    1.0984407 
    2400    7171.7466 998291080   888916   473072    70345.868    4.7289457    3.6197691    1.1091766 
    2500    7482.1751 998285674   892061   474981    70333.639    4.7350202    3.6150887    1.1199315 
    2600    7805.4251 998281511   893760   475400    70321.278    4.7413923    3.6103032     1.131089 
    2700    8141.1678 998280809   896029   477464    70308.876    4.7479545    3.6056694    1.1422852 
    2800     8461.896 998284560   899898   479403    70296.338     4.754892    3.6011229    1.1537691 
    2900    8778.3562 998286537   902712   481760    70283.687    4.7626945    3.5977429    1.1649517 
    3000     9103.403 998288548   905752   483151    70271.014    4.7703652    3.5942195    1.1761457 
    3100    9427.0238 998295318   908623   484719    70258.226    4.7785909    3.5913196    1.1872713 
    3200    9758.9763 998340804   911411   485729    70245.446    4.7875586    3.5891188    1.1984398 
    3300    10083.714 998435684   915145   488500    70232.712    4.7946633    3.5856509    1.2090124 
    3400    10423.184 998556677   919280   491190    70219.749    4.8019969    3.5825031    1.2194938 
    3500    10755.463 998691215   922400   492949     70206.65    4.8093769    3.5795285    1.2298483 
    3600    11104.014 998832707   925828   495439    70193.439    4.8171693    3.5771934     1.239976 
    3700     11456.16 998973503   930621   498645    70180.276    4.8242191    3.5744863    1.2497328 
    3800    11800.761 999121632   932934   500126    70166.979    4.8312491    3.5718325    1.2594166 
    3900    12133.074 999272491   936603   502182    70153.537    4.8384331    3.5694699    1.2689632 
    4000    12460.093 999428022   942240   506684    70140.012    4.8454363    3.5672351    1.2782012 
    4100    12797.943 999588324   946039   509248    70126.283     4.852962    3.5655024    1.2874596 
    4200    13117.424 999750594   948640   511374    70112.487    4.8601714    3.5638127    1.2963588 
    4300    13439.306 999926781   954468   515088    70098.626    4.8667417    3.5617379    1.3050037 
    4400     13761.36 1000105068   957882   516972     70084.68    4.8731706    3.5600764    1.3130943 
    4500    14074.943 1000276153   962339   520271    70070.463    4.8798887    3.5585929    1.3212957 
    4600    14397.797 1000449967   967501   523820    70056.093    4.8860566    3.5570191    1.3290375 
    4700    14716.484 1000616360   971802   527197    70041.363    4.8920716    3.5551426    1.3369289 
    4800    15032.928 1000777767   975183   529541    70026.344    4.8978435    3.5534295    1.3444139 
    4900    15369.614 1000947721   980057   532035    70010.872    4.9034679    3.5518017    1.3516662 
    5000    15688.287 1001118491   985657   537151    69994.929     4.908983    3.5503191    1.3586639 
    5100     16000.81 1001297467   988738   539599    69978.503    4.9146342    3.5491849    1.3654492 
    5200    16313.438 1001501225   993197   541532    69961.624    4.9197977    3.5476342    1.3721635 
    5300     16623.63 1001720329   998193   544729    69944.261     4.925205    3.5466122    1.3785928 
    5400    16938.381 1001963203  1003115   548533    69926.414    4.9301079    3.5452828    1.3848251 
    5500    17252.967 1002228962  1006919   551128    69908.138    4.9354943    3.5444159    1.3910784 
    5600    17572.167 1002541597  1012729   553299    69889.555    4.9403275    3.5434095     1.396918 
    5700    17891.475 1002881088  1014804   555066    69870.703    4.9447722    3.5420916    1.4026806 
    5800     18205.06 1003259971  1021052   559519    69851.757    4.9490814    3.5409248    1.4081566 
    5900     18517.64 1003668265  1026727   562333    69832.711    4.9532967    3.5398346    1.4134621 
    6000    18834.894 1004095942  1029988   564876    69813.839     4.957601    3.5388783    1.4187227 
    6100    19153.669 1004550988  1037056   568317    69795.142    4.9618939    3.5379479     1.423946 
    6200    19469.605 1005012367  1038635   568698    69776.771    4.9658217     3.536931    1.4288906 
    6300    19785.397 1005481577  1045699   572369    69758.757    4.9697767    3.5360051    1.4337716 
    6400     20099.71 1005962948  1051396   575768    69741.247    4.9735319    3.5351893    1.4383426 
    6500    20414.222 1006444426  1056348   578609    69724.304    4.9772754    3.5343347    1.4429407 
    6600    20729.291 1006920809  1059160   578272    69707.944    4.9809356    3.5334891    1.4474465 
    6700    21046.859 1007385869  1065406   581989    69692.376    4.9844665    3.5327218    1.4517447 
    6800     21361.44 1007834531  1070059   583768    69677.448    4.9879798    3.5319665    1.4560133 
    6900    21678.584 1008260191  1074248   585670    69663.309    4.9914217    3.5312025    1.4602191 
    7000    21999.972 1008682495  1078719   587603    69649.972    4.9945196    3.5302116     1.464308 
    7100    22326.247 1009071926  1081009   587918    69637.206    4.9979132    3.5294251    1.4684881 
    7200    22643.288 1009433723  1088179   591181     69625.09    5.0009959    3.5287315    1.4722644 
    7300    22966.142 1009731616  1089346   591629    69613.166    5.0040986    3.5281738    1.4759248 
    7400    23281.342 1009906955  1094283   593000    69600.986    5.0073769    3.5276441    1.4797328 
    7500    23598.891 1009944404  1099926   595151    69588.558    5.0101567     3.526915    1.4832417 
    7600    23923.027 1009990265  1102345   595017    69576.603    5.0130058    3.5262645    1.4867413 
    7700    24252.685 1010242089  1106396   597816    69565.593    5.0158567    3.5256694    1.4901873 
    7800    24576.945 1010691369  1108277   596416    69555.104    5.0184008    3.5248382    1.4935626 
    7900    24898.009 1011176609  1113159   597791    69545.173    5.0209272    3.5241794    1.4967478 
    8000    25219.393 1011580115  1116951   599949    69536.029    5.0234903    3.5235083     1.499982 
    8100    25543.616 1011882141  1120897   600868    69527.935    5.0258974    3.5227535    1.5031439 
    8200    25863.789 1012127515  1123955   601599    69520.812    5.0283455    3.5221053    1.5062401 
    8300     26193.36 1012336419  1128114   602424    69514.358    5.0307975    3.5216222    1.5091753 
    8400    26513.748 1012526150  1131966   602851    69508.518    5.0332477    3.5211833    1.5120644 
    8500    26842.693 1012690155  1134179   603238    69503.227    5.0355627    3.5207092    1.5148535 
    8600    27166.847 1012844722  1135242   602601    69498.292    5.0377998    3.5201902    1.5176096 
    8700    27492.556 1012983997  1137537   603132    69493.765    5.0399679    3.5197553    1.5202126 
    8800    27822.123 1013114184  1142760   604722    69489.518    5.0424083    3.5195191    1.5228892 
    8900    28150.695 1013232870  1144726   604659    69485.582    5.0446262    3.5191297    1.5254964 
    9000    28485.311 1013333891  1147052   605583    69482.049    5.0467522    3.5186172     1.528135 
    9100    28811.373 1013436065  1149600   605463    69478.834    5.0487086    3.5181282    1.5305804 
    9200    29137.544 1013523986  1152107   604449    69475.877    5.0506547    3.5177088    1.5329459 
    9300    29464.775 1013615224  1154903   605577    69473.042    5.0526636    3.5173664    1.5352972 
    9400    29790.507 1013680367  1157649   606409    69470.472    5.0545504    3.5168754     1.537675 
    9500    30118.621 1013748633  1158007   605735    69468.156    5.0563935     3.516495    1.5398984 
    9600    30448.656 1013810165  1162923   607423    69465.974    5.0583218    3.5161261    1.5421956 
    9700    30779.428 1013871376  1164248   605875    69463.981    5.0600353    3.5156502    1.5443851 
    9800    31109.239 1013919640  1166457   607040    69462.129    5.0617485    3.5152543    1.5464942 
    9900    31449.741 1013977628  1165195   606425    69460.468    5.0635785    3.5149359    1.5486426 
   10000    31780.713 1014031899  1170822   608416    69458.965    5.0652715    3.5146743    1.5505972 
Loop time of 31780.7 on 96 procs for 10000 steps with 1014031899 particles

MPI task timing breakdown:
Section |  min time  |  avg time  |  max time  |%varavg| %total
---------------------------------------------------------------
Move    | 7202.4     | 8101       | 8820       | 471.3 | 25.49
Coll    | 1613.5     | 2757.9     | 3337.4     | 871.7 |  8.68
Sort    | 3433.7     | 3791.1     | 4095.1     | 251.3 | 11.93
Comm    | 69.207     | 109.99     | 169.84     | 374.3 |  0.35
Modify  | 384        | 1151.1     | 2560.1     |1763.3 |  3.62
Output  | 14845      | 14845      | 14845      |   0.0 | 46.71
Other   |            | 1024       |            |       |  3.22

Particle moves    = 10040397970749 (10T)
Cells touched     = 11071168773373 (11.1T)
Particle comms    = 10009457945 (10B)
Boundary collides = 0 (0K)
Boundary exits    = 1292012125 (1.29B)
SurfColl checks   = 4351265145 (4.35B)
SurfColl occurs   = 41039342 (41M)
Surf reactions    = 0 (0K)
Collide attempts  = 9851664434 (9.85B)
Collide occurs    = 5291793220 (5.29B)
Gas reactions     = 0 (0K)
Particles stuck   = 0
Axisymm bad moves = 0

Particle-moves/CPUsec/proc: 3.29091e+06
Particle-moves/step: 1.00404e+09
Cell-touches/particle/step: 1.10266
Particle comm iterations/step: 1
Particle fraction communicated: 0.000996918
Particle fraction colliding with boundary: 0
Particle fraction exiting boundary: 0.000128681
Surface-checks/particle/step: 0.000433376
Surface-collisions/particle/step: 4.08742e-06
Surface-reactions/particle/step: 0
Collision-attempts/particle/step: 0.000981203
Collisions/particle/step: 0.00052705
Gas-reactions/particle/step: 0

Particles: 1.05628e+07 ave 1.21602e+07 max 7.48714e+06 min
Histogram: 2 1 3 2 4 0 52 12 12 8
Cells:     1.82292e+06 ave 1.82292e+06 max 1.82292e+06 min
Histogram: 32 0 0 0 0 0 0 0 0 64
GhostCell: 261116 ave 296763 max 216753 min
Histogram: 8 16 0 0 0 14 7 47 0 4
EmptyCell: 0 ave 0 max 0 min
Histogram: 96 0 0 0 0 0 0 0 0 0
Surfs:     12 ave 12 max 12 min
Histogram: 96 0 0 0 0 0 0 0 0 0
GhostSurf: 0 ave 0 max 0 min
Histogram: 96 0 0 0 0 0 0 0 0 0
Using SLURM job id 53976303 for runtime/credits
Row: ['95', '5.07', '2.77', '0.0177/0.008571', '1.64e-05/1e-07', '700x500x500', '1000M', '5.71', 'himem', '96', '3178.07 ms', '10000', '08:52:13', '233.58 GB', '3.385269']
Appended row for altitude=95 km to /storage/home/jxa5508/VLEO-DSMC/data/ampt_box_log.tsv
Updated table in /storage/home/jxa5508/VLEO-DSMC/README.md
Knudsen number (L = 0.2 m): Kn=0.00495 at 70 km -> Kn=4.19e+03 at 300 km
  Kn =  0.01 at   74.8 km
  Kn =   0.1 at   89.4 km
  Kn =  10.0 at  116.2 km
Saved /storage/home/jxa5508/VLEO-DSMC/outputs/Ethan_drag_theory_drag.png
Saved /storage/home/jxa5508/VLEO-DSMC/outputs/Ethan_drag_theory_drag_log.png
Saved /storage/home/jxa5508/VLEO-DSMC/outputs/Ethan_drag_theory_Cd.png
Saved /storage/home/jxa5508/VLEO-DSMC/outputs/Ethan_drag_theory_Cd_vs_Kn.png
