SPARTA (24 Sep 2025)
Running on 48 MPI task(s)
Created orthogonal box = (-2 -2 -2) to (2 2 2)
Loaded NRLMSIS data: rho=1.662932e-11 nrho=574610200000000 T=978.3039 vx=7725.8
MEAN FREE PATH = 4755.35476469327 m
MEAN MOLEC VEL = 1090.17949977506 m/s
CELL SIZE MUST BE LESS THAN 1585.11825489776 m
MEAN COLL TIME = 4.36199246607963 s
MEAN TRANSIT TIME = 1.45399748869321 s
TIMESTEP MUST BE < 0.484665829564403 s
Created 4500000 child grid cells
  CPU time = 0.0653182 secs
  create/ghost percent = 21.0938 78.9062
Balance grid migrated 4350950 cells
  CPU time = 0.196699 secs
  reassign/sort/migrate/ghost percent = 37.0999 1.04327 43.3758 18.481
Reading surface file ...
  12 triangles
  -0.4475 0.4475 xlo xhi
  -0.28625 0.28625 ylo yhi
  -0.3395 0.3395 zlo zhi
  0.5725 min triangle edge length
  0.194364 min triangle area
  5192 = cells with surfs
  5936 = total surfs in all grid cells
  6 = max surfs in one grid cell
  21.4687 = min surf-size/cell-size ratio
  5192 0 = cells overlapping surfs, overlap cells with unmarked corner pts
  15 tiny edges removed
  4473688 21120 5192 = cells outside/inside/overlapping surfs
  5192 = surf cells with 1,2,etc splits
  63.6520888874734 63.6520888875 = cell-wise and global flow volume
  CPU time = 0.0646788 secs
  read/check/sort/surf2grid/ghost/inout/particle percent = 6.58724 4.27755 13.9788 15.5032 59.6532 67.6629 0.0353269
  surf2grid time = 0.0100273 secs
  map/comm1/comm2/comm3/comm4/split percent = 23.1429 0 0 0 0 55.6427
0 = initial surface count in group ampt_xnorm
4 = final surface count in group ampt_xnorm
0 = initial surface count in group ampt_yznorm
8 = final surface count in group ampt_yznorm
particles per particle = 57461020
Creating particles ...
Created 9945638 particles
  CPU time = 0.0793906 secs
Memory usage per proc in Mbytes:
  particles (ave,min,max) = 26 26 26
  grid      (ave,min,max) = 33.2885 21.6388 34.5763
  surf      (ave,min,max) = 0.00151062 0.00151062 0.00151062
  total     (ave,min,max) = 75.0662 61.897 76.5219
Step CPU Np Natt Ncoll Nsreact c_Tbox c_drag c_drag_xnorm c_drag_walls c_ions[1] c_ions[6] 
       0            0  9945638        0        0        0    42626.734            0            0            0         7586            0 
     100    4.3499363  9945338        0        0        0    42601.167 0.00047851556 0.00040055674 7.7958816e-05         7577            0 
     200    8.6934138  9945949        0        0        0    42576.373 0.00047732542 0.00039980736 7.7518061e-05         7562            0 
     300    13.092723  9945660        0        0        0    42551.526 0.00047780254 0.00039930326 7.8499278e-05         7576            0 
     400    17.496812  9945585        0        0        0    42527.944 0.00047814659 0.00040034383 7.7802762e-05         7569            0 
     500    21.895407  9945039        0        0        0    42502.872 0.00047652996 0.00039912703 7.7402922e-05         7589            0 
     600    26.283705  9944605        0        0        0     42477.71 0.00047672574 0.00039935829 7.7367449e-05         7613            0 
     700    30.745232  9945669        0        0        0    42454.199 0.00047621672 0.0003984603 7.7756416e-05         7616            0 
     800    35.271108  9945207        0        0        0    42429.486 0.0004774325 0.00039975682 7.7675679e-05         7603            0 
     900    39.850483  9945007        0        0        0    42405.829 0.00047754627 0.00039993851 7.7607764e-05         7601            0 
    1000     44.50793  9944857        0        0        0    42381.113 0.00047768181 0.00040018258 7.7499225e-05         7594            0 
    1100    49.230869  9944193        2        0        0    42355.459 0.00047795274 0.00040057994  7.73728e-05         7578            0 
    1200    53.953434  9944193        0        0        0    42331.318 0.00047787015 0.00040045701 7.741314e-05         7578            0 
    1300    58.764907  9944399        4        0        0    42307.462 0.00047827869 0.00040063027 7.7648418e-05         7605            0 
    1400    63.707477  9944383        0        0        0    42283.029 0.00047892099 0.00040105816 7.7862835e-05         7598            0 
    1500    68.425911  9944381        0        0        0    42258.899 0.00047916438 0.0004013333 7.7831083e-05         7573            0 
    1600    73.224301  9944450        0        0        0    42235.352 0.00047894607 0.00040110695 7.7839118e-05         7555            0 
    1700    78.045983  9944312        1        0        0    42211.198 0.00047921228 0.00040128484 7.7927443e-05         7531            0 
    1800    82.855736  9944909        0        0        0    42187.516 0.00047897584 0.00040106157 7.7914277e-05         7510            0 
    1900     87.65339  9945696        3        0        0      42163.3 0.00047926402 0.00040132898 7.7935045e-05         7508            0 
    2000    92.571056  9947667        0        0        1    42140.384 0.00047926802 0.00040127161 7.7996409e-05         7474            0 
    2100    97.512869  9951756        0        0        0    42117.105 0.00047997317 0.00040204501 7.7928162e-05         7458            0 
    2200    102.56678  9954944        4        0        0    42094.202 0.00048017922 0.0004021008 7.8078416e-05         7450            0 
    2300    107.62576  9959797        2        0        0    42071.252 0.00048028713 0.00040218081 7.8106318e-05         7458            0 
    2400      112.669  9964610        2        0        0    42047.726 0.00048025118 0.00040209759 7.8153592e-05         7460            0 
    2500    117.65767  9969063        2        0        0    42023.857 0.00048002535 0.00040202393 7.800142e-05         7429            0 
    2600    122.49852  9974664        3        0        0    41999.938 0.00047945486 0.00040160433 7.7850527e-05         7415            0 
    2700    127.38604  9978960        2        0        0    41975.841 0.00047926258 0.00040151255 7.7750031e-05         7436            0 
    2800    132.44561  9984994        5        0        0    41952.947 0.00047896939 0.0004012375 7.7731891e-05         7417            0 
    2900     137.4397  9990603        4        0        0    41930.462 0.00047897241 0.00040125385 7.7718558e-05         7386            0 
    3000     142.4855  9996029        2        0        0    41907.406 0.0004786618 0.00040091962 7.7742184e-05         7341            0 
    3100     147.4427 10001695        4        0        0    41883.996 0.00047821232 0.00040058818 7.7624139e-05         7337            0 
    3200    152.48607 10006987        5        0        0    41860.246 0.00047820458 0.00040052537 7.7679215e-05         7307            0 
    3300    157.53435 10013173        3        0        0    41836.205 0.00047848956 0.00040085583 7.7633737e-05         7314            0 
    3400    162.52337 10018624        1        1        0    41811.677 0.00047855133 0.0004009069 7.764443e-05         7274            0 
    3500    167.57075 10024099        2        0        1    41788.136 0.00047828072 0.00040065561 7.7625108e-05         7278            0 
    3600    172.61863 10029125        2        0        0    41765.441 0.00047840623 0.0004007911 7.7615129e-05         7281            0 
    3700    177.70016 10034236        1        0        0    41740.725 0.00047855711 0.00040096929 7.7587823e-05         7292            0 
    3800    182.74543 10039755        2        0        0     41717.45 0.00047857765 0.00040106865 7.7508998e-05         7282            0 
    3900    187.81028 10045124        4        0        0    41693.969 0.00047876226 0.00040115922 7.760304e-05         7317            0 
    4000    192.93732 10050655        1        0        0    41670.736 0.00047881756 0.00040117501 7.7642552e-05         7283            0 
    4100    198.13001 10057171        1        0        0     41646.98 0.0004792538 0.00040171145 7.7542347e-05         7276            0 
    4200    203.23536 10063193        5        0        0    41624.542 0.00047921181 0.00040167286 7.7538945e-05         7276            0 
    4300    208.51244 10069192        3        0        1    41601.502 0.00047935243 0.00040172492 7.7627516e-05         7299            0 
    4400    213.70865 10074967        4        0        0    41577.965 0.00047941267 0.00040165608 7.7756595e-05         7291            0 
    4500    218.82748 10080706        3        0        0     41554.64 0.00047973018 0.00040193179 7.7798392e-05         7298            0 
    4600    224.11698 10087483        2        0        0    41530.278 0.00047977786 0.00040196763 7.7810231e-05         7296            0 
    4700    229.48351 10092903        1        0        0    41507.714 0.00047969944 0.00040183553 7.786391e-05         7279            0 
    4800    234.70708 10099044        1        0        0    41485.634 0.00047967884 0.00040176254 7.7916298e-05         7276            0 
    4900    239.97477 10106264        3        0        0    41462.832 0.00047988434 0.00040190232 7.798202e-05         7302            0 
    5000    245.21272 10111945        3        0        0    41439.269 0.00047972795  0.000401812 7.7915944e-05         7277            0 
    5100    250.44065 10117270        3        0        0     41415.39 0.00047977451 0.00040182924 7.7945272e-05         7277            0 
    5200    255.71009 10123158        6        0        0    41393.355 0.00047996548 0.00040203181 7.793367e-05         7253            0 
    5300    260.99937 10128943        5        0        0    41369.875 0.00047990981 0.00040187284 7.8036966e-05         7259            0 
    5400    266.23482 10134617        2        0        0    41347.244 0.00047990905 0.00040184068 7.8068368e-05         7272            0 
    5500    271.52329 10140005        1        0        0    41323.553 0.0004799563 0.00040190705 7.8049253e-05         7270            0 
    5600    276.69654 10145409        5        0        0    41300.651 0.00047992758 0.00040189521 7.8032368e-05         7254            0 
    5700    282.01985 10150845        4        0        1    41277.781 0.00048000163 0.00040196881 7.8032822e-05         7274            0 
    5800    287.32601 10156289        3        1        1    41254.929 0.00048016539 0.00040215825 7.8007145e-05         7256            0 
    5900    292.62874 10162758        1        0        0    41231.755 0.00048016764 0.00040220622 7.7961419e-05         7252            0 
    6000    297.90755 10168888        4        1        0    41209.218 0.00048013372 0.00040220126 7.7932461e-05         7258            0 
    6100    303.26813 10175506        3        0        1    41187.354 0.00048015176 0.00040220832 7.7943446e-05         7287            0 
    6200    308.67597 10180569        3        0        0    41163.901 0.0004801723 0.00040220811 7.7964195e-05         7303            0 
    6300    314.11155 10186880        3        0        0    41142.449 0.00048009248 0.0004021629 7.7929575e-05         7309            0 
    6400    319.61337 10192015        7        0        0    41119.211 0.00047990628 0.00040202684 7.7879435e-05         7317            0 
    6500     325.0464 10198068        5        0        0    41096.626 0.00047989591 0.00040200726 7.7888656e-05         7288            0 
    6600    330.40189 10203453        5        0        0     41072.06 0.00047989684 0.00040201268 7.7884157e-05         7292            0 
    6700    335.83693 10209189        5        0        0    41048.154 0.00047992096 0.00040210796 7.7813001e-05         7275            0 
    6800    341.24979 10214802        7        0        0    41024.384 0.00048000609 0.00040218938 7.781671e-05         7291            0 
    6900    346.64924 10220582        6        0        0    41002.829 0.00048005698 0.00040220413 7.7852846e-05         7280            0 
    7000     352.0592 10225990        6        0        0    40981.023 0.00047995804 0.00040213458 7.7823456e-05         7289            0 
    7100     357.5015 10231992        3        0        0    40958.065 0.00047981247 0.00040196827 7.7844202e-05         7289            0 
    7200    362.87482 10237901        3        0        0     40935.12 0.0004800014 0.00040213051 7.7870897e-05         7296            0 
    7300    368.28215 10243133        4        0        0    40912.103 0.00048005308 0.00040219628 7.7856802e-05         7281            0 
    7400    373.75397 10248513        7        1        0    40888.956 0.00048009861 0.00040221879 7.7879821e-05         7312            0 
    7500    379.38229 10254364        7        0        0      40866.7 0.00048004092 0.00040214544 7.7895478e-05         7306            0 
    7600    384.93542 10260321        6        0        0     40845.42 0.00047987963 0.00040204175 7.7837881e-05         7299            0 
    7700    390.56618 10266018        8        0        0    40823.803 0.0004797325 0.0004019232 7.7809302e-05         7304            0 
    7800     396.1189 10273226        4        0        0    40802.103 0.00047974746 0.00040188628 7.786118e-05         7284            0 
    7900    401.80493 10278861        3        0        0    40780.214 0.00047972201 0.00040181543 7.7906579e-05         7301            0 
    8000    407.48103 10285007        6        0        0    40757.203 0.00047981184 0.00040188649 7.7925349e-05         7323            0 
    8100    412.98738 10291041        2        0        0    40734.288 0.00047994171 0.00040194216 7.7999546e-05         7351            0 
    8200     418.5973 10296804        5        0        0    40711.866 0.00047991687 0.00040194409 7.7972775e-05         7336            0 
    8300    424.41975 10301501        4        0        0    40690.416 0.00047979532 0.00040182962 7.7965699e-05         7333            0 
    8400    430.07384 10306818        2        0        0    40667.751 0.0004797205 0.00040174111 7.7979397e-05         7331            0 
    8500    435.73015 10313245        9        0        0    40646.888 0.00047978249 0.00040178522 7.7997267e-05         7321            0 
    8600    441.52865 10319650        5        0        0    40624.823 0.00047981892 0.00040184036 7.7978562e-05         7330            0 
    8700    447.22991 10325538        2        0        0    40602.399 0.00047978097 0.00040180241 7.7978563e-05         7328            0 
    8800    453.30707 10330864        7        0        1    40581.699 0.0004796602 0.0004017075 7.7952707e-05         7339            0 
    8900    459.35247 10337339        4        0        0    40559.491 0.00047969376 0.0004017525 7.7941267e-05         7375            0 
    9000    465.07804 10342897        4        0        0    40537.444 0.00047956877 0.00040165809 7.7910675e-05         7366            0 
    9100     470.9656 10348599       13        0        0    40515.063 0.00047946204  0.000401603 7.7859042e-05         7359            0 
    9200    476.78211 10354820        4        0        0    40492.828 0.00047945343 0.00040162515 7.7828281e-05         7359            0 
    9300    482.89953 10360842        3        0        0    40470.289 0.00047945755 0.0004016305 7.7827057e-05         7321            0 
    9400    488.80798 10367810        8        0        0    40448.751 0.00047935608 0.00040153407 7.782201e-05         7297            0 
    9500    494.75394 10373485        6        0        0     40426.79 0.00047923766 0.00040141754 7.7820124e-05         7317            0 
    9600    500.93693 10378574        9        0        0    40404.105 0.0004791489 0.00040140154 7.7747362e-05         7317            0 
    9700    506.73787 10384555        6        0        0    40381.375 0.00047911033 0.00040135491 7.7755421e-05         7322            0 
    9800    512.64986 10390714        5        0        0    40358.852 0.00047911968 0.00040136885 7.7750831e-05         7290            0 
    9900    518.54622 10395762        8        0        0     40338.51 0.00047906179 0.00040131277 7.7749025e-05         7290            0 
   10000    524.33204 10401196        9        0        0    40316.925 0.00047900431 0.00040130813 7.7696182e-05         7290            0 
   10100    530.19051 10406841        7        0        0    40293.135 0.00047900526 0.00040133629 7.7668973e-05         7276            0 
   10200    536.15508 10413298        5        0        0    40270.719 0.00047901481 0.00040137392 7.7640892e-05         7258            0 
   10300    542.03566 10418650        5        0        0    40249.089 0.00047905199 0.00040144584 7.7606151e-05         7262            0 
   10400    548.02289 10423545        9        0        0    40227.552 0.00047909316 0.0004014743 7.761886e-05         7236            0 
   10500     553.8513 10430458        6        1        0    40205.904 0.00047904117 0.00040144356 7.7597612e-05         7269            0 
   10600    559.74793 10435540        3        0        0     40184.64 0.00047906885 0.00040146002 7.7608829e-05         7271            0 
   10700    565.67453 10441107        6        0        0    40163.486 0.0004790735 0.00040143957 7.763393e-05         7277            0 
   10800    571.48451 10446532        8        0        0    40141.634 0.00047910752 0.00040146736 7.764016e-05         7267            0 
   10900    577.36282 10452564        2        0        0    40119.253 0.0004791458 0.00040151206 7.7633742e-05         7244            0 
   11000    583.15039 10459055        8        0        0     40098.71 0.00047925736 0.00040158672 7.7670637e-05         7229            0 
   11100    589.06995 10464305        6        0        0    40076.605 0.00047923047 0.0004015731 7.7657372e-05         7212            0 
   11200    595.08478 10469443        9        0        0    40053.665 0.00047927402 0.00040159398 7.7680037e-05         7222            0 
   11300    601.17626 10474606        7        0        0    40030.988 0.00047932724 0.00040157571 7.775153e-05         7210            0 
   11400    607.23793 10479955        4        0        0    40007.968 0.00047929671 0.0004015501 7.7746606e-05         7194            0 
   11500     613.3133 10485555        9        0        0    39986.891 0.00047927406 0.00040152531 7.7748746e-05         7220            0 
   11600     619.6919 10491404        9        0        0    39964.725 0.00047918515 0.00040142498 7.7760164e-05         7226            0 
   11700    625.99093 10496764        3        0        0     39943.31 0.00047923124 0.00040144904 7.7782202e-05         7229            0 
   11800    632.35865 10502759        3        0        0    39920.795 0.00047922209  0.000401451 7.7771085e-05         7219            0 
   11900    638.56871 10508730       13        0        0     39898.51 0.00047916859 0.00040141124 7.7757353e-05         7210            0 
   12000    644.95428 10514374        6        0        0    39877.428 0.0004791995 0.00040143642 7.7763082e-05         7220            0 
   12100    651.28674 10520145        6        0        0    39855.917 0.00047918397 0.00040140556 7.7778415e-05         7212            0 
   12200    657.68183 10525969        7        0        0    39834.729 0.00047924994 0.0004014596 7.7790349e-05         7209            0 
   12300    664.05958 10531871        5        0        0    39814.282 0.00047920811 0.00040141974 7.7788374e-05         7211            0 
   12400    670.34944 10537007        5        0        0    39793.332 0.00047920547 0.00040144865 7.7756817e-05         7227            0 
   12500    676.67388 10542773        3        0        0    39772.182 0.0004792544 0.00040148715 7.776725e-05         7220            0 
   12600    682.96631 10548304        9        0        0    39751.037 0.00047926517 0.00040148784 7.7777328e-05         7223            0 
   12700    689.22684 10554122       10        0        0    39730.223 0.00047923822 0.00040151584 7.7722381e-05         7222            0 
   12800    695.63207 10560440       10        0        0     39708.33 0.00047922745 0.00040151656 7.7710891e-05         7227            0 
   12900    702.17376 10565111        7        0        0    39686.644 0.00047920236 0.00040150483 7.7697523e-05         7207            0 
   13000    708.50355 10570607        6        0        1     39664.41 0.00047921106 0.00040151627 7.7694782e-05         7216            0 
   13100    714.92287 10575790        7        0        0    39643.684 0.00047920799 0.00040146855 7.7739435e-05         7215            0 
   13200    721.35926 10580923        9        0        0    39621.749 0.00047924344 0.00040151988 7.7723558e-05         7200            0 
   13300    727.63792 10586075        3        0        0    39600.808 0.00047929226 0.0004015756 7.7716661e-05         7197            0 
   13400    733.84781 10592495        5        0        0    39580.925 0.00047921126 0.00040149587 7.771539e-05         7182            0 
   13500    740.08968 10598124        5        0        0     39559.41 0.00047921751 0.00040150576 7.7711751e-05         7187            0 
   13600    746.32665 10604067        7        0        0    39538.485 0.00047918782 0.00040148811 7.7699706e-05         7174            0 
   13700    752.61986 10609613        3        0        0    39518.454  0.000479251 0.00040150296 7.7748044e-05         7167            0 
   13800    758.86628 10615425        7        0        0    39498.351 0.00047925777 0.00040147678 7.7780993e-05         7156            0 
   13900    765.23991 10620085       11        1        0    39476.638 0.00047927272 0.0004014821 7.7790622e-05         7140            0 
   14000    771.56249 10625791        5        0        0    39454.525 0.00047930121 0.00040149725 7.7803966e-05         7137            0 
   14100    777.95285 10631120        8        0        0    39433.297 0.0004792677 0.00040145932 7.7808379e-05         7121            0 
   14200    784.41305 10636589        6        0        0    39411.722 0.0004792785 0.00040145338 7.7825125e-05         7113            0 
   14300    790.82403 10642581        3        0        0    39391.084 0.00047934837 0.00040152163 7.7826739e-05         7110            0 
   14400      797.175 10648121        8        0        0    39369.515 0.00047925778 0.00040147242 7.7785365e-05         7138            0 
   14500    803.51979 10653103        8        0        0    39348.989 0.00047923022 0.0004014398 7.7790419e-05         7137            0 
   14600    809.94822 10659314        8        0        0    39327.328  0.000479169 0.00040140015 7.7768849e-05         7124            0 
   14700    816.28855 10664101        9        0        0    39306.713 0.00047914217 0.00040136407 7.7778095e-05         7123            0 
   14800    822.62309 10669110        5        0        0    39285.851 0.00047905874 0.00040130224 7.7756501e-05         7133            0 
   14900    829.10158 10673956        9        0        0    39264.071 0.00047908943 0.00040133363 7.7755804e-05         7138            0 
   15000    835.54905 10679661        7        0        1    39244.146 0.00047911215 0.00040136335 7.7748799e-05         7155            0 
   15100    842.06893 10685140        9        0        0    39222.056 0.00047917108 0.00040142181 7.7749277e-05         7143            0 
   15200      848.537 10691087        9        0        0    39202.026 0.0004791021 0.00040135588 7.7746224e-05         7143            0 
   15300    854.88227 10695715        5        0        0    39181.224 0.0004791551 0.00040139946 7.7755648e-05         7165            0 
   15400    861.25785 10701024       10        0        0    39161.745 0.00047918428 0.00040141562 7.7768665e-05         7183            0 
   15500    867.53393 10705947        6        0        0    39140.825 0.0004792253 0.00040143786 7.7787443e-05         7203            0 
   15600    873.92651 10711519        6        0        0    39119.189 0.00047923987 0.00040144812 7.7791753e-05         7225            0 
   15700    880.36835 10717566        8        0        0    39099.197 0.00047924836 0.00040144472 7.7803641e-05         7254            0 
   15800    886.75053 10721777       13        0        0    39077.421 0.00047926679 0.0004014389 7.7827897e-05         7206            0 
   15900    893.54734 10727895       10        0        0     39056.74 0.00047928279 0.00040146861 7.7814182e-05         7178            0 
   16000    900.20763 10734072        9        0        0    39036.894 0.0004792548 0.00040144589 7.7808908e-05         7178            0 
   16100    906.72438 10739546        9        0        0    39016.896 0.00047923468 0.00040142956 7.7805121e-05         7171            0 
   16200    913.26227 10745537        2        0        0    38996.438 0.00047925345 0.00040143879 7.7814661e-05         7136            0 
   16300    919.87488 10751482       10        0        0    38975.525 0.00047925014 0.00040143817 7.7811967e-05         7130            0 
   16400    926.75608 10757901       11        0        0    38956.252 0.00047922523 0.00040140408 7.7821155e-05         7145            0 
   16500    933.23051 10764437        5        0        0     38935.86 0.00047913954 0.00040132927 7.781027e-05         7189            0 
   16600    939.79905 10769680        5        0        0    38914.983 0.00047918321 0.00040136349 7.7819714e-05         7163            0 
   16700    946.36486 10775342       12        0        0    38894.748 0.00047926983 0.00040145477 7.7815062e-05         7173            0 
   16800    952.86278 10780906        9        0        0    38873.968 0.00047923296 0.00040142822 7.7804741e-05         7200            0 
   16900    959.36898 10786848        5        0        0    38854.247 0.00047921122 0.00040141786 7.7793354e-05         7222            0 
   17000    965.97567 10792200        9        0        0    38834.055 0.00047919129 0.0004014047 7.7786589e-05         7200            0 
   17100    972.44247 10798687       10        0        0    38814.117 0.00047910795 0.00040133607 7.7771885e-05         7190            0 
   17200    978.92823 10804468        8        0        0    38793.649 0.00047909148 0.00040134066 7.7750826e-05         7206            0 
   17300    985.46409 10810164       10        0        0    38772.867 0.00047909584 0.00040134886 7.7746984e-05         7201            0 
   17400    992.02639 10815997       11        0        0    38753.008 0.00047910614 0.00040134731 7.7758832e-05         7198            0 
   17500    998.63902 10821812        9        0        0    38732.703 0.00047909059 0.00040133294 7.7757644e-05         7204            0 
   17600     1005.172 10826887        5        0        0    38712.538 0.00047909074 0.00040133808 7.7752659e-05         7207            0 
   17700    1011.7403 10832158        8        0        0    38692.291 0.00047916453 0.00040139273 7.7771806e-05         7209            0 
   17800    1018.3134 10838072        8        0        0    38672.336 0.0004792021 0.00040142454 7.7777553e-05         7210            0 
   17900    1024.8601 10843580        2        0        0    38650.869 0.00047919474 0.00040142024 7.7774506e-05         7225            0 
   18000     1031.439 10848901        8        0        0    38631.226 0.00047916191 0.00040141536 7.7746552e-05         7229            0 
   18100     1038.133 10854421       11        0        0    38611.511 0.00047918605 0.00040145126 7.7734788e-05         7217            0 
   18200    1044.6642 10859547       10        0        0    38590.688 0.00047922838 0.00040148786 7.7740518e-05         7213            0 
   18300    1051.4205 10864617        3        0        0    38570.093 0.00047922896 0.00040147892 7.7750039e-05         7210            0 
   18400    1058.2167 10870937       10        0        0    38549.508 0.0004793095 0.00040151929 7.7790211e-05         7228            0 
   18500    1064.8932 10876938        9        0        0    38528.857 0.00047931612 0.00040152741 7.7788711e-05         7240            0 
   18600     1071.669 10882804        6        0        0     38509.22 0.00047929561 0.00040150772 7.778789e-05         7232            0 
   18700    1078.4545 10887872        9        0        0    38488.585 0.0004793327 0.00040156367 7.7769025e-05         7224            0 
   18800    1085.2338 10893520        8        0        0     38468.72 0.0004792608 0.00040150264 7.7758162e-05         7243            0 
   18900    1092.1012 10899030       10        0        0    38448.217 0.00047925512 0.00040149693 7.7758192e-05         7237            0 
   19000    1098.9087 10904377       13        0        0    38429.449 0.00047922621 0.00040147384 7.7752373e-05         7237            0 
   19100     1105.685 10910937        8        0        0    38409.527 0.0004792363 0.00040150346 7.7732832e-05         7268            0 
   19200    1113.7506 10917193       11        0        0    38390.557 0.00047924878 0.00040150971 7.7739066e-05         7273            0 
   19300    1120.6427 10923711        5        0        0    38371.456 0.00047924964 0.00040149859 7.7751049e-05         7289            0 
   19400    1127.3824 10929327       10        1        0      38350.6 0.00047925552 0.00040150448 7.775104e-05         7276            0 
   19500    1134.2737 10934896       10        0        0    38330.647 0.00047927876 0.00040153711 7.7741652e-05         7277            0 
   19600    1140.9395 10940797       15        0        0    38312.006 0.00047924042 0.00040150852 7.7731894e-05         7269            0 
   19700    1147.7233 10947029        9        0        0    38291.916 0.00047929768 0.00040154839 7.774929e-05         7290            0 
   19800    1154.4175 10952814       12        0        0    38271.166 0.00047920466 0.00040148303 7.7721636e-05         7313            0 
   19900    1161.1137 10958262       14        0        0    38251.555 0.00047922308 0.00040149958 7.7723502e-05         7287            0 
   20000    1167.7347 10963769        6        0        0    38232.009 0.00047923099 0.00040148912 7.7741869e-05         7274            0 
Loop time of 1167.74 on 48 procs for 20000 steps with 10963769 particles

MPI task timing breakdown:
Section |  min time  |  avg time  |  max time  |%varavg| %total
---------------------------------------------------------------
Move    | 233.35     | 260.49     | 321.84     | 132.7 | 22.31
Coll    | 67.591     | 78.094     | 127.43     | 134.5 |  6.69
Sort    | 142.89     | 153.43     | 182.89     |  75.1 | 13.14
Comm    | 4.4572     | 4.9435     | 5.345      |   9.6 |  0.42
Modify  | 7.9756     | 87.723     | 106.79     | 228.1 |  7.51
Output  | 520.13     | 520.13     | 520.17     |   0.0 | 44.54
Other   |            | 62.92      |            |       |  5.39

Particle moves    = 208094795885 (208B)
Cells touched     = 216503535657 (217B)
Particle comms    = 134350709 (134M)
Boundary collides = 0 (0K)
Boundary exits    = 37627453 (37.6M)
SurfColl checks   = 965197340 (965M)
SurfColl occurs   = 1133928 (1.13M)
Surf reactions    = 854 (0.854K)
Collide attempts  = 111613 (0.112M)
Collide occurs    = 1012 (1.01K)
Gas reactions     = 0 (0K)
Particles stuck   = 0
Axisymm bad moves = 0

Particle-moves/CPUsec/proc: 3.71258e+06
Particle-moves/step: 1.04047e+07
Cell-touches/particle/step: 1.04041
Particle comm iterations/step: 1
Particle fraction communicated: 0.000645623
Particle fraction colliding with boundary: 0
Particle fraction exiting boundary: 0.000180819
Surface-checks/particle/step: 0.00463826
Surface-collisions/particle/step: 5.44909e-06
Surface-reactions/particle/step: 4.1039e-09
Collision-attempts/particle/step: 5.36357e-07
Collisions/particle/step: 4.86317e-09
Gas-reactions/particle/step: 0

Surface reaction tallies:
  id recomb style prob #-of-reactions 5
    reaction all: 854
    reaction O+ --> O: 829
    reaction N+ --> N: 25

Particles: 228412 ave 431828 max 189382 min
Histogram: 36 8 0 0 0 0 0 0 0 4
Cells:     93750 ave 93750 max 93750 min
Histogram: 48 0 0 0 0 0 0 0 0 0
GhostCell: 13352.8 ave 14410 max 12279 min
Histogram: 24 0 0 0 0 0 0 0 0 24
EmptyCell: 0 ave 0 max 0 min
Histogram: 48 0 0 0 0 0 0 0 0 0
Surfs:     12 ave 12 max 12 min
Histogram: 48 0 0 0 0 0 0 0 0 0
GhostSurf: 0 ave 0 max 0 min
Histogram: 48 0 0 0 0 0 0 0 0 0
