SPARTA (24 Sep 2025)
Running on 48 MPI task(s)
Created orthogonal box = (-2 -2 -2) to (2 2 2)
Loaded NRLMSIS data: rho=1.662932e-11 nrho=574610200000000 T=978.3039 vx=7725.8
MEAN FREE PATH = 4755.35476469327 m
MEAN MOLEC VEL = 1090.17949977506 m/s
CELL SIZE MUST BE LESS THAN 1585.11825489776 m
MEAN COLL TIME = 4.36199246607963 s
MEAN TRANSIT TIME = 1.45399748869321 s
TIMESTEP MUST BE < 0.484665829564403 s
Created 4500000 child grid cells
  CPU time = 0.0653886 secs
  create/ghost percent = 21.21 78.79
Balance grid migrated 4350950 cells
  CPU time = 0.195364 secs
  reassign/sort/migrate/ghost percent = 38.1313 1.05319 42.3399 18.4756
Reading surface file ...
  12 triangles
  -0.4475 0.4475 xlo xhi
  -0.28625 0.28625 ylo yhi
  -0.3395 0.3395 zlo zhi
  0.5725 min triangle edge length
  0.194364 min triangle area
  5192 = cells with surfs
  5936 = total surfs in all grid cells
  6 = max surfs in one grid cell
  21.4687 = min surf-size/cell-size ratio
  5192 0 = cells overlapping surfs, overlap cells with unmarked corner pts
  15 tiny edges removed
  4473688 21120 5192 = cells outside/inside/overlapping surfs
  5192 = surf cells with 1,2,etc splits
  63.6520888874733 63.6520888875 = cell-wise and global flow volume
  CPU time = 0.0612528 secs
  read/check/sort/surf2grid/ghost/inout/particle percent = 1.82684 4.37366 14.6943 16.539 62.5662 71.4164 0.0214896
  surf2grid time = 0.0101306 secs
  map/comm1/comm2/comm3/comm4/split percent = 22.6164 0 0 0 0 56.2069
0 = initial surface count in group ampt_xnorm
4 = final surface count in group ampt_xnorm
0 = initial surface count in group ampt_yznorm
8 = final surface count in group ampt_yznorm
Reading surface file ...
  2 triangles
  -1.5 -1.5 xlo xhi
  -0.1 0.1 ylo yhi
  -0.1 0.1 zlo zhi
  0.2 min triangle edge length
  0.02 min triangle area
  5320 = cells with surfs
  6108 = total surfs in all grid cells
  6 = max surfs in one grid cell
  7.5 = min surf-size/cell-size ratio
  5192 0 = cells overlapping surfs, overlap cells with unmarked corner pts
  30 tiny edges removed
  4473688 21120 5192 = cells outside/inside/overlapping surfs
  5192 = surf cells with 1,2,etc splits
  63.6520888874733 63.6520888875 = cell-wise and global flow volume
  CPU time = 0.0618233 secs
  read/check/sort/surf2grid/ghost/inout/particle percent = 1.21562 3.14896 13.7713 16.0198 65.8443 70.949 0.0335828
  surf2grid time = 0.00990396 secs
  map/comm1/comm2/comm3/comm4/split percent = 22.8515 0 0 0 0 56.5718
particles per particle = 57461020
Creating particles ...
Created 9945638 particles
  CPU time = 0.0805164 secs
freestream flux check: expected nrho*vstream = 4.43932348316e+18 #/m^2/s
Memory usage per proc in Mbytes:
  particles (ave,min,max) = 26 26 26
  grid      (ave,min,max) = 33.2885 21.6388 34.5763
  surf      (ave,min,max) = 0.00176239 0.00176239 0.00176239
  total     (ave,min,max) = 75.0665 61.8973 76.5223
Step CPU Np Natt Ncoll Nsreact c_Tbox c_drag c_drag_xnorm c_drag_walls c_ions[1] c_ions[6] c_fs_mean 
       0            0  9945638        0        0        0    42625.961            0            0            0         7558            0            0 
     100    4.1881262  9945338        0        0        0    42600.464 0.00047726827 0.00039894347  7.83248e-05         7547            0 6.0858291e+17 
     200    8.5054266  9945949        0        0        0    42575.629 0.00047689097 0.00039980692 7.7084057e-05         7532            0 6.2794644e+17 
     300    12.866529  9945660        0        0        0    42550.838 0.00047697369 0.00039895213 7.8021555e-05         7547            0 6.1873546e+17 
     400     17.31793  9945585        0        0        0    42527.479 0.00047646426 0.00039944383 7.702043e-05         7538            0 6.1935897e+17 
     500    22.000191  9945039        0        0        0    42502.249 0.00047590115 0.0003990085 7.6892647e-05         7560            0 6.2969544e+17 
     600    26.688082  9944605        0        0        0    42477.015 0.00047640625 0.00039967159 7.6734658e-05         7584            0 6.2544688e+17 
     700    31.270573  9945669        0        0        0     42453.25 0.00047660108 0.00039939447 7.7206618e-05         7587            0 6.2990487e+17 
     800    35.901521  9945206        0        0        0    42428.706 0.0004774024 0.00040037069 7.7031711e-05         7574            0 6.3587326e+17 
     900    40.626431  9945004        0        0        0    42405.022 0.00047759799 0.00040033388 7.7264108e-05         7572            0 6.3454021e+17 
    1000    45.322173  9944857        0        0        0    42379.946 0.00047843854 0.00040098389 7.7454649e-05         7563            0 6.3124297e+17 
    1100    50.096771  9944178        0        0        0    42354.384 0.00047833691 0.0004008462 7.7490703e-05         7546            0 6.2890255e+17 
    1200    54.760286  9944217        2        0        0    42330.023 0.00047850566 0.00040096072 7.7544941e-05         7546            0 6.3045135e+17 
    1300    59.590663  9944452        1        0        0    42306.439 0.00047841397 0.00040086795 7.7546025e-05         7572            0 6.3024776e+17 
    1400    64.343647  9944384        1        0        0    42282.155 0.00047896442 0.00040126453 7.7699891e-05         7575            0 6.3288565e+17 
    1500    69.156482  9944329        0        0        0     42257.96 0.00047885772 0.0004011797 7.7678024e-05         7555            0 6.3342202e+17 
    1600    74.121063  9944646        0        0        0    42234.229 0.00047900159 0.00040123172 7.7769878e-05         7538            0 6.3495786e+17 
    1700    79.050792  9944203        1        0        0    42209.854 0.00047920401 0.00040133142 7.7872596e-05         7522            0 6.3584984e+17 
    1800    83.942411  9944845        2        0        0    42186.419 0.00047892537 0.00040081668 7.810869e-05         7498            0 6.3489254e+17 
    1900    88.902278  9945135        0        0        0     42162.98 0.00047898957 0.00040101115 7.7978426e-05         7504            0 6.3465776e+17 
    2000    93.831493  9947434        2        0        1    42140.338 0.00047925934 0.00040116756 7.8091781e-05         7473            0 6.3365881e+17 
    2100     98.80316  9951475        5        0        0    42116.752 0.0004801424 0.00040205609 7.8086316e-05         7460            0 6.3544301e+17 
    2200    103.94385  9954918        1        0        0    42093.881 0.0004802312 0.00040214378 7.808742e-05         7448            0 6.346185e+17 
    2300    108.88678  9959666        1        0        0    42070.748 0.00048049559 0.00040227752 7.8218073e-05         7465            0 6.3278114e+17 
    2400    113.85031  9964511        1        0        0    42047.393 0.00048024307 0.00040208518 7.8157891e-05         7465            0 6.3295671e+17 
    2500    118.76038  9969077        3        0        0    42023.364 0.0004801065 0.00040215831 7.7948187e-05         7422            0 6.3579649e+17 
    2600    123.59588  9974639        3        0        0    41998.874 0.00047982003 0.00040202638 7.7793648e-05         7408            0 6.3649907e+17 
    2700    128.52626  9979026        2        0        0    41974.711 0.00047962319 0.00040185282 7.7770372e-05         7434            0 6.3700374e+17 
    2800     133.5423  9985090        1        0        0     41951.97 0.00047948743 0.00040170936 7.7778067e-05         7418            0 6.3728483e+17 
    2900     138.4898  9990660        3        0        0    41929.754 0.00047942494 0.00040167374 7.7751196e-05         7382            0 6.3745598e+17 
