SPARTA (24 Sep 2025)
Running on 48 MPI task(s)
Created orthogonal box = (-2 -2 -2) to (2 2 2)
Loaded NRLMSIS data: rho=1.662932e-11 nrho=574610200000000 T=978.3039 vx=7725.8
MEAN FREE PATH = 4755.35476469327 m
MEAN MOLEC VEL = 1090.17949977506 m/s
CELL SIZE MUST BE LESS THAN 1585.11825489776 m
MEAN COLL TIME = 4.36199246607963 s
MEAN TRANSIT TIME = 1.45399748869321 s
TIMESTEP MUST BE < 0.484665829564403 s
Created 4500000 child grid cells
  CPU time = 0.0640146 secs
  create/ghost percent = 20.7146 79.2854
Balance grid migrated 4350950 cells
  CPU time = 0.196597 secs
  reassign/sort/migrate/ghost percent = 34.7667 1.05796 47.2241 16.9512
Reading surface file ...
  12 triangles
  -0.4475 0.4475 xlo xhi
  -0.28625 0.28625 ylo yhi
  -0.3395 0.3395 zlo zhi
  0.5725 min triangle edge length
  0.194364 min triangle area
  5192 = cells with surfs
  5936 = total surfs in all grid cells
  6 = max surfs in one grid cell
  21.4687 = min surf-size/cell-size ratio
  5192 0 = cells overlapping surfs, overlap cells with unmarked corner pts
  15 tiny edges removed
  4473688 21120 5192 = cells outside/inside/overlapping surfs
  5192 = surf cells with 1,2,etc splits
  63.6520888874733 63.6520888875 = cell-wise and global flow volume
  CPU time = 0.0673239 secs
  read/check/sort/surf2grid/ghost/inout/particle percent = 6.52214 3.99138 13.3706 14.5204 61.5955 62.75 0.0216431
  surf2grid time = 0.00977572 secs
  map/comm1/comm2/comm3/comm4/split percent = 22.8156 0 0 0 0 54.3717
0 = initial surface count in group ampt_xnorm
4 = final surface count in group ampt_xnorm
0 = initial surface count in group ampt_yznorm
8 = final surface count in group ampt_yznorm
Reading surface file ...
  2 triangles
  -1.5 -1.5 xlo xhi
  -0.1 0.1 ylo yhi
  -0.1 0.1 zlo zhi
  0.2 min triangle edge length
  0.02 min triangle area
  5320 = cells with surfs
  6108 = total surfs in all grid cells
  6 = max surfs in one grid cell
  7.5 = min surf-size/cell-size ratio
  5192 0 = cells overlapping surfs, overlap cells with unmarked corner pts
  30 tiny edges removed
  4473688 21120 5192 = cells outside/inside/overlapping surfs
  5192 = surf cells with 1,2,etc splits
  63.6520888874733 63.6520888875 = cell-wise and global flow volume
  CPU time = 0.0596608 secs
  read/check/sort/surf2grid/ghost/inout/particle percent = 3.6803 3.27312 14.2655 15.9175 62.8636 70.6035 0.0209401
  surf2grid time = 0.00949649 secs
  map/comm1/comm2/comm3/comm4/split percent = 23.1291 0 0 0 0 55.594
particles per particle = 57461020
Creating particles ...
Created 9945638 particles
  CPU time = 0.0770762 secs
ERROR: Fix ave/surf compute does not calculate a per-surf vector (../fix_ave_surf.cpp:150)
