SPARTA (24 Sep 2025)
Running on 48 MPI task(s)
Created orthogonal box = (-1.5 -1 -1) to (1.5 1 1)
Loaded NRLMSIS data: rho=1.662932e-11 nrho=574610200000000 T=978.3039 vx=7725.8
MEAN FREE PATH = 4755.35476469327 m
MEAN MOLEC VEL = 1090.17949977506 m/s
CELL SIZE MUST BE LESS THAN 1585.11825489776 m
MEAN COLL TIME = 4.36199246607963 s
MEAN TRANSIT TIME = 1.45399748869321 s
TIMESTEP MUST BE < 0.484665829564403 s
Created 4500000 child grid cells
  CPU time = 0.0820792 secs
  create/ghost percent = 20.2556 79.7444
Balance grid migrated 4350950 cells
  CPU time = 0.293536 secs
  reassign/sort/migrate/ghost percent = 31.9681 1.38864 47.8121 18.8312
Reading surface file ...
  12 triangles
  -0.4475 0.4475 xlo xhi
  -0.28625 0.28625 ylo yhi
  -0.3395 0.3395 zlo zhi
  0.5725 min triangle edge length
  0.194364 min triangle area
  15480 = cells with surfs
  16718 = total surfs in all grid cells
  6 = max surfs in one grid cell
  38.1667 = min surf-size/cell-size ratio
  15480 0 = cells overlapping surfs, overlap cells with unmarked corner pts
  12 tiny edges removed
  4362720 121800 15480 = cells outside/inside/overlapping surfs
  15480 = surf cells with 1,2,etc splits
  11.6520888875223 11.6520888875 = cell-wise and global flow volume
  CPU time = 0.099668 secs
  read/check/sort/surf2grid/ghost/inout/particle percent = 6.16274 2.76319 17.9154 19.5398 53.6189 61.6478 0.0269966
  surf2grid time = 0.0194749 secs
  map/comm1/comm2/comm3/comm4/split percent = 24.1048 0 0 0 0 56.4383
0 = initial surface count in group ampt_xnorm
4 = final surface count in group ampt_xnorm
0 = initial surface count in group ampt_yznorm
8 = final surface count in group ampt_yznorm
Reading surface file ...
  64 triangles
  -0.4485 -0.4485 xlo xhi
  -0.000977 0.000977 ylo yhi
  -0.000977 0.000977 zlo zhi
  9.58782e-05 min triangle edge length
  4.67801e-08 min triangle area
  15480 0 = cells overlapping surfs, overlap cells with unmarked corner pts
  24 tiny edges removed
  4362720 121800 15480 = cells outside/inside/overlapping surfs
  15480 = surf cells with 1,2,etc splits
  11.6520888875223 11.6520888875 = cell-wise and global flow volume
  CPU time = 0.166349 secs
  read/check/sort/surf2grid/ghost/inout/particle percent = 2.19776 1.18071 10.8647 52.5513 33.2055 35.738 0.00778603
  surf2grid time = 0.0874187 secs
  map/comm1/comm2/comm3/comm4/split percent = 44.9313 0.505706 12.9477 4.67726 6.40912 13.4662
Adapting grid ...
ERROR: 12 surface elements not assigned to a collision model (../surf.cpp:343)
