SPARTA (24 Sep 2025)
Running on 48 MPI task(s)
Created orthogonal box = (-2 -2 -2) to (2 2 2)
Loaded NRLMSIS data: rho=1.662932e-11 nrho=574610200000000 T=978.3039 vx=7725.8
MEAN FREE PATH = 4755.35476469327 m
MEAN MOLEC VEL = 1090.17949977506 m/s
CELL SIZE MUST BE LESS THAN 1585.11825489776 m
MEAN COLL TIME = 4.36199246607963 s
MEAN TRANSIT TIME = 1.45399748869321 s
TIMESTEP MUST BE < 0.484665829564403 s
Created 4500000 child grid cells
  CPU time = 0.0979265 secs
  create/ghost percent = 18.3617 81.6383
Balance grid migrated 4350950 cells
  CPU time = 0.239587 secs
  reassign/sort/migrate/ghost percent = 38.1248 0.898422 45.4179 15.5589
Reading surface file ...
  12 triangles
  -0.4475 0.4475 xlo xhi
  -0.28625 0.28625 ylo yhi
  -0.3395 0.3395 zlo zhi
  0.5725 min triangle edge length
  0.194364 min triangle area
  5192 = cells with surfs
  5936 = total surfs in all grid cells
  6 = max surfs in one grid cell
  21.4687 = min surf-size/cell-size ratio
  5192 0 = cells overlapping surfs, overlap cells with unmarked corner pts
  15 tiny edges removed
  4473688 21120 5192 = cells outside/inside/overlapping surfs
  5192 = surf cells with 1,2,etc splits
  63.6520888874733 63.6520888875 = cell-wise and global flow volume
  CPU time = 0.0716114 secs
  read/check/sort/surf2grid/ghost/inout/particle percent = 5.73221 4.40753 12.7926 14.429 62.6386 65.0407 0.0258841
  surf2grid time = 0.0103328 secs
  map/comm1/comm2/comm3/comm4/split percent = 22.454 0 0 0 0 54.7311
0 = initial surface count in group ampt_xnorm
4 = final surface count in group ampt_xnorm
0 = initial surface count in group ampt_yznorm
8 = final surface count in group ampt_yznorm
Reading surface file ...
  2 triangles
  -1.5 -1.5 xlo xhi
  -0.1 0.1 ylo yhi
  -0.1 0.1 zlo zhi
  0.2 min triangle edge length
  0.02 min triangle area
  5320 = cells with surfs
  6108 = total surfs in all grid cells
  6 = max surfs in one grid cell
  7.5 = min surf-size/cell-size ratio
  5192 0 = cells overlapping surfs, overlap cells with unmarked corner pts
  30 tiny edges removed
  4473688 21120 5192 = cells outside/inside/overlapping surfs
  5192 = surf cells with 1,2,etc splits
  63.6520888874733 63.6520888875 = cell-wise and global flow volume
  CPU time = 0.0726388 secs
  read/check/sort/surf2grid/ghost/inout/particle percent = 11.6789 3.49807 12.0782 13.972 58.7728 65.8743 0.0199177
  surf2grid time = 0.0101491 secs
  map/comm1/comm2/comm3/comm4/split percent = 23.531 0 0 0 0 54.9236
particles per particle = 57461020
Creating particles ...
Created 9945638 particles
  CPU time = 0.0816093 secs
ERROR: Fix ave/surf compute does not calculate a per-surf vector (../fix_ave_surf.cpp:150)
