SPARTA (24 Sep 2025)
Running on 48 MPI task(s)
Created orthogonal box = (-2 -2 -2) to (2 2 2)
Loaded NRLMSIS data: rho=1.662932e-11 nrho=574610200000000 T=978.3039 vx=7725.8
MEAN FREE PATH = 4755.35476469327 m
MEAN MOLEC VEL = 1090.17949977506 m/s
CELL SIZE MUST BE LESS THAN 1585.11825489776 m
MEAN COLL TIME = 4.36199246607963 s
MEAN TRANSIT TIME = 1.45399748869321 s
TIMESTEP MUST BE < 0.484665829564403 s
Created 4500000 child grid cells
  CPU time = 0.066067 secs
  create/ghost percent = 21.1675 78.8325
Balance grid migrated 4350950 cells
  CPU time = 0.194001 secs
  reassign/sort/migrate/ghost percent = 37.6458 1.06961 42.6492 18.6354
Reading surface file ...
  12 triangles
  -0.4475 0.4475 xlo xhi
  -0.28625 0.28625 ylo yhi
  -0.3395 0.3395 zlo zhi
  0.5725 min triangle edge length
  0.194364 min triangle area
  5192 = cells with surfs
  5936 = total surfs in all grid cells
  6 = max surfs in one grid cell
  21.4687 = min surf-size/cell-size ratio
  5192 0 = cells overlapping surfs, overlap cells with unmarked corner pts
  15 tiny edges removed
  4473688 21120 5192 = cells outside/inside/overlapping surfs
  5192 = surf cells with 1,2,etc splits
  63.6520888874733 63.6520888875 = cell-wise and global flow volume
  CPU time = 0.0615804 secs
  read/check/sort/surf2grid/ghost/inout/particle percent = 2.12905 4.30331 14.6849 16.5482 62.3346 70.8399 0.0314223
  surf2grid time = 0.0101904 secs
  map/comm1/comm2/comm3/comm4/split percent = 22.8076 0 0 0 0 56.1784
0 = initial surface count in group ampt_xnorm
4 = final surface count in group ampt_xnorm
0 = initial surface count in group ampt_yznorm
8 = final surface count in group ampt_yznorm
Reading surface file ...
  2 triangles
  -1.5 -1.5 xlo xhi
  -0.1 0.1 ylo yhi
  -0.1 0.1 zlo zhi
  0.2 min triangle edge length
  0.02 min triangle area
  5320 = cells with surfs
  6108 = total surfs in all grid cells
  6 = max surfs in one grid cell
  7.5 = min surf-size/cell-size ratio
  5192 0 = cells overlapping surfs, overlap cells with unmarked corner pts
  30 tiny edges removed
  4473688 21120 5192 = cells outside/inside/overlapping surfs
  5192 = surf cells with 1,2,etc splits
  63.6520888874733 63.6520888875 = cell-wise and global flow volume
  CPU time = 0.0620265 secs
  read/check/sort/surf2grid/ghost/inout/particle percent = 1.67713 3.0269 13.7841 16.0163 65.4956 70.2506 0.0160302
  surf2grid time = 0.00993433 secs
  map/comm1/comm2/comm3/comm4/split percent = 22.9405 0 0 0 0 56.3928
particles per particle = 57461020
Creating particles ...
Created 9945638 particles
  CPU time = 0.0808612 secs
ERROR: Fix ave/surf compute does not calculate a per-surf vector (../fix_ave_surf.cpp:150)
