SPARTA (24 Sep 2025)
Running on 96 MPI task(s)
Created orthogonal box = (-0.5 -0.5 -0.5) to (0.5 0.5 0.5)
Loaded NRLMSIS data: rho=1.662932e-11 nrho=574610200000000 T=978.3039 vx=7725.8
MEAN FREE PATH = 4755.35476469327 m
MEAN MOLEC VEL = 1090.17949977506 m/s
CELL SIZE MUST BE LESS THAN 1585.11825489776 m
MEAN COLL TIME = 4.36199246607963 s
MEAN TRANSIT TIME = 1.45399748869321 s
TIMESTEP MUST BE < 0.484665829564403 s
Created 45000000 child grid cells
  CPU time = 0.553856 secs
  create/ghost percent = 14.1939 85.8061
Balance grid migrated 44218125 cells
  CPU time = 1.47482 secs
  reassign/sort/migrate/ghost percent = 34.7197 0.670424 32.2833 32.3265
Reading surface file ...
  12 triangles
  -0.4475 0.4475 xlo xhi
  -0.28625 0.28625 ylo yhi
  -0.3395 0.3395 zlo zhi
  0.5725 min triangle edge length
  0.194364 min triangle area
  403784 = cells with surfs
  410368 = total surfs in all grid cells
  6 = max surfs in one grid cell
  171.75 = min surf-size/cell-size ratio
  403784 0 = cells overlapping surfs, overlap cells with unmarked corner pts
  3 tiny edges removed
  29280576 15315640 403784 = cells outside/inside/overlapping surfs
  403784 = surf cells with 1,2,etc splits
  0.652088887497361 0.6520888875 = cell-wise and global flow volume
  CPU time = 0.400381 secs
  read/check/sort/surf2grid/ghost/inout/particle percent = 0.297618 3.56667 11.9615 15.3735 68.8007 48.9729 0.00321144
  surf2grid time = 0.0615525 secs
  map/comm1/comm2/comm3/comm4/split percent = 31.47 0 0 0 0 53.8231
0 = initial surface count in group ampt_xnorm
4 = final surface count in group ampt_xnorm
0 = initial surface count in group ampt_yznorm
8 = final surface count in group ampt_yznorm
Reading surface file ...
  64 triangles
  -0.4485 -0.4485 xlo xhi
  -0.000977 0.000977 ylo yhi
  -0.000977 0.000977 zlo zhi
  9.58782e-05 min triangle edge length
  4.67801e-08 min triangle area
  403788 = cells with surfs
  410624 = total surfs in all grid cells
  64 = max surfs in one grid cell
  0.0287635 = min surf-size/cell-size ratio
  403784 0 = cells overlapping surfs, overlap cells with unmarked corner pts
  6 tiny edges removed
  29280576 15315640 403784 = cells outside/inside/overlapping surfs
  403784 = surf cells with 1,2,etc splits
  0.652088887497361 0.6520888875 = cell-wise and global flow volume
  CPU time = 0.499891 secs
  read/check/sort/surf2grid/ghost/inout/particle percent = 0.300016 10.7369 11.2968 19.8627 57.8036 46.2354 0.00214707
  surf2grid time = 0.0992916 secs
  map/comm1/comm2/comm3/comm4/split percent = 57.2571 0 0 0 0 33.7189
particles per particle = 287305.1
Creating particles ...
Created 1304177774 particles
  CPU time = 24.3203 secs
flux check: expected nrho*vstream = 4.43932348316e+18 #/m^2/s
flux check (ion):     expected ne*vstream       = 3.4178514281e+15 #/m^2/s
flux check (neutral): expected (nrho-ne)*vstream = 4.4359056317319e+18 #/m^2/s
Memory usage per proc in Mbytes:
  particles (ave,min,max) = 1659.25 0 2544
  grid      (ave,min,max) = 163.959 110.764 165.427
  surf      (ave,min,max) = 0.00956726 0.00956726 0.00956726
  total     (ave,min,max) = 1901.81 244.181 2788.18
Step CPU Np Natt Ncoll Nsreact c_Tbox c_drag c_drag_xnorm c_drag_walls c_ions[1] c_ions[6] c_probe_neut c_probe_ion 
       0            0 1304177774        0        0        0    42625.825            0            0            0       983406            0            0            0 
     100    337.99778 1323479950     3247       35      578    40303.031 0.00047444467 0.00039734645 7.709822e-05       943040            0 4.2470596e+18 3.8005007e+16 
     200    844.96903 1384435354      153        4      553    38184.695 0.00047681047 0.00039930351 7.7506965e-05       933442            0 4.2490922e+18 1.9097043e+16 
     300    1435.1227 1446454485     2036       13      549    36249.794 0.00047758305 0.00039995952 7.7623532e-05       924878            0 4.3900518e+18 1.2752511e+16 
ERROR: Too much buffered per-proc info for dump (../dump.cpp:291)
