SPARTA (24 Sep 2025)
Running on 96 MPI task(s)
Created orthogonal box = (-0.5 -0.5 -0.5) to (0.5 0.5 0.5)
Loaded NRLMSIS data: rho=1.662932e-11 nrho=574610200000000 T=978.3039 vx=7725.8
MEAN FREE PATH = 4755.35476469327 m
MEAN MOLEC VEL = 1090.17949977506 m/s
CELL SIZE MUST BE LESS THAN 1585.11825489776 m
MEAN COLL TIME = 4.36199246607963 s
MEAN TRANSIT TIME = 1.45399748869321 s
TIMESTEP MUST BE < 0.484665829564403 s
Created 4500000 child grid cells
  CPU time = 0.320356 secs
  create/ghost percent = 2.4587 97.5413
Balance grid migrated 4383670 cells
  CPU time = 0.414941 secs
  reassign/sort/migrate/ghost percent = 51.5097 0.204854 12.1677 36.1177
Reading surface file ...
  12 triangles
  -0.4475 0.4475 xlo xhi
  -0.28625 0.28625 ylo yhi
  -0.3395 0.3395 zlo zhi
  0.5725 min triangle edge length
  0.194364 min triangle area
  83760 = cells with surfs
  86696 = total surfs in all grid cells
  6 = max surfs in one grid cell
  85.875 = min surf-size/cell-size ratio
  83760 0 = cells overlapping surfs, overlap cells with unmarked corner pts
  7 tiny edges removed
  2921040 1495200 83760 = cells outside/inside/overlapping surfs
  83760 = surf cells with 1,2,etc splits
  0.652088887500634 0.6520888875 = cell-wise and global flow volume
  CPU time = 0.760266 secs
  read/check/sort/surf2grid/ghost/inout/particle percent = 0.519645 94.0886 0.695117 1.18674 3.50989 2.10009 0.00417735
  surf2grid time = 0.00902239 secs
  map/comm1/comm2/comm3/comm4/split percent = 24.6527 0 0 0 0 61.993
0 = initial surface count in group ampt_xnorm
4 = final surface count in group ampt_xnorm
0 = initial surface count in group ampt_yznorm
8 = final surface count in group ampt_yznorm
Reading surface file ...
  64 triangles
  -0.4485 -0.4485 xlo xhi
  -0.000977 0.000977 ylo yhi
  -0.000977 0.000977 zlo zhi
  9.58782e-05 min triangle edge length
  4.67801e-08 min triangle area
  83760 = cells with surfs
  86952 = total surfs in all grid cells
  66 = max surfs in one grid cell
  0.0143817 = min surf-size/cell-size ratio
  83760 0 = cells overlapping surfs, overlap cells with unmarked corner pts
  14 tiny edges removed
  2921040 1495200 83760 = cells outside/inside/overlapping surfs
  83760 = surf cells with 1,2,etc splits
  0.652088887500634 0.6520888875 = cell-wise and global flow volume
  CPU time = 0.0469484 secs
  read/check/sort/surf2grid/ghost/inout/particle percent = 1.48577 4.54517 8.60188 27.2072 58.16 34.8534 0.0328467
  surf2grid time = 0.0127733 secs
  map/comm1/comm2/comm3/comm4/split percent = 46.8402 0 0 0 0 43.8035
particles per particle = 574610.2
Creating particles ...
Created 652088887 particles
  CPU time = 7.24993 secs
flux check: expected nrho*vstream = 4.43932348316e+18 #/m^2/s
flux check (ion):     expected ne*vstream       = 3.4178514281e+15 #/m^2/s
flux check (neutral): expected (nrho-ne)*vstream = 4.4359056317319e+18 #/m^2/s
Memory usage per proc in Mbytes:
  particles (ave,min,max) = 830.042 0 1272
  grid      (ave,min,max) = 17.1115 11.5763 17.3263
  surf      (ave,min,max) = 0.00956726 0.00956726 0.00956726
  total     (ave,min,max) = 958.861 25.3079 1456.31
Step CPU Np Natt Ncoll Nsreact c_Tbox c_drag c_drag_xnorm c_drag_walls c_ions[1] c_ions[6] c_probe_neut c_probe_ion c_n_cone c_n_fwd v_cone_frac 
       0            0 652088887        0        0        0    42625.405            0            0            0       490910            0            0            0        85439      4415550  0.019349571 
     100    77.883814 661742969       15        0      285    40302.535 0.00047442284 0.00039732506 7.7097782e-05       471163            0 4.9976584e+18 1.9002504e+16        85655      4420807  0.019375422 
     200    230.60999 692215815      589        6      279    38184.252 0.00047677506 0.00039929682 7.7478245e-05       466498            0 4.7360668e+18 9.5485217e+15        85244      4422634  0.019274487 
     300    431.65799 723226230     1972       15      283     36249.01 0.00047759518 0.00039996814 7.762704e-05       462401            0 4.5016363e+18 6.3762554e+15        84943      4421093  0.019213122 
     400    657.91298 754777826     2125       22      262    34479.366 0.00047798635 0.00040029739 7.7688968e-05       458524            0 4.4559212e+18  1.43585e+16        85498      4423211  0.019329397 
     500    892.36988 786851360     3595       42      273    32858.884 0.00047820797 0.00040049087 7.7717103e-05       455192            0 4.3748239e+18 1.1492532e+16        86035      4423118  0.019451211 
     600    1136.6923 819446160     2859       22      269    31373.421 0.00047836173 0.00040062294 7.7738781e-05       451960            0 4.4292907e+18 9.5802972e+15        85621      4424857  0.019350004 
     700    1389.4534 852523231     3879       36      264    30011.315 0.00047847229 0.00040071795 7.7754347e-05       449510            0 4.3340617e+18 1.0951514e+16        85804      4424613   0.01939243 
     800    1656.8704 886000131     4203       40      306    28763.583 0.00047857105 0.00040079828 7.7772775e-05       447895            0 4.3392846e+18 9.584284e+15        85348      4427439  0.019277058 
     900    1964.9271 919662748     5350       56      268    27626.101 0.00047862871 0.00040085038 7.7778327e-05       446433            0 4.3071357e+18 1.2780818e+16        85689      4428328  0.019350193 
    1000    2318.5106 953268031     5792       53      285    26594.571 0.00047867704 0.0004008914 7.7785635e-05       445441            0 4.2833276e+18 1.3421349e+16        85446      4431130  0.019283117 
    1100     2716.293 986516671     6300       61      278    25664.015 0.00047871847 0.00040092639 7.7792079e-05       444760            0 4.2760466e+18 1.2202334e+16        85724      4428624  0.019356802 
    1200    3156.9051 1019158586     6896       36      301      24827.9 0.0004787547 0.00040095618 7.7798517e-05       444395            0 4.3067331e+18 1.118632e+16        85658      4428432  0.019342738 
    1300    3639.9422 1050868531     7533       73      302     24075.92 0.00047878707 0.00040098181 7.7805252e-05       444783            0 4.3341775e+18 1.1801709e+16        85766      4430027  0.019360153 
    1400    4164.5844 1081383504     8735       90      280    23397.762 0.0004788104 0.00040100219 7.7808205e-05       444330            0 4.3152366e+18 1.0959331e+16        85813      4426903  0.019384432 
    1500    4728.9776 1110563319     8440       82      257    22784.976 0.00047883112 0.00040102078 7.7810342e-05       444058            0 4.3333431e+18 1.0229196e+16        85777      4428648  0.019368665 
    1600    5341.6645 1138390953     9034       87      282    22229.781 0.00047885102 0.00040103951 7.7811503e-05       443727            0 4.3371998e+18 1.0789054e+16        85501      4428870  0.019305376 
    1700    5990.8409 1164908387     9268       95      291    21725.792 0.00047886381 0.00040105312 7.7810699e-05       444182            0 4.3518861e+18 1.0154777e+16        85256      4429337  0.019248027 
    1800    6670.5902 1190155397     9962       90      312    21266.615 0.00047887901 0.00040106705 7.7811952e-05       444811            0 4.3553506e+18 9.590936e+15        85904      4429249   0.01939471 
    1900    7374.3164 1214203628    10674       86      246    20847.055 0.00047889501 0.00040107984 7.7815176e-05       444667            0 4.3796522e+18 9.0864155e+15        85728      4434901  0.019330307 
    2000    8117.0454 1237126517    11462       95      290    20462.451 0.00047890926 0.00040109123 7.7818026e-05       444717            0 4.3775463e+18 8.6323217e+15        85374      4432474  0.019261027 
    2100    8882.5349 1258977971    11462      114      302    20107.921 0.00047892098 0.00040110187 7.7819114e-05       444626            0 4.3774677e+18 8.2214544e+15        86057      4430513   0.01942371 
    2200    9676.7575 1279859205    12248      111      270    19780.645 0.0004789306 0.00040111073 7.7819874e-05       444454            0 4.3747804e+18 8.7199131e+15        85123      4432021  0.019206362 
    2300    10502.647 1299847199    12690      131      257    19477.937 0.00047893915 0.00040111817 7.7820975e-05       444170            0 4.3623175e+18 9.1750463e+15        85840      4430984  0.019372672 
    2400    11353.773 1318975737    12590      101      291    19196.499 0.00047894696 0.00040112533 7.7821632e-05       444148            0 4.3652811e+18 8.7929119e+15        85891      4431440  0.019382187 
    2500     12217.31 1337337190    13189      115      278    18933.729 0.00047895474 0.00040113176 7.7822978e-05       443474            0 4.3480555e+18 8.4413361e+15        85637      4432618  0.019319734 
    2600     13096.13 1354983540    13874      120      288    18688.477 0.00047896193 0.00040113776 7.7824165e-05       443408            0 4.3506016e+18 8.1167941e+15        84716      4430359  0.019121701 
