=== Converting dumps in 'dumps/esasat250' to Parquet ===
Processing dumps from: dumps/esasat250
Using 48 parallel workers
Incremental mode: skipping frames already converted (use --force to redo all)

Processing grid dumps (1/3)...
  skipping 27 already-converted grid frame(s); 82 to do
  [grid] dispatching 82 frame(s) across 48 worker(s)...
  [grid] done 1/82 (1%): grid.6600.dat
  [grid] done 2/82 (2%): grid.5500.dat
  [grid] done 3/82 (3%): grid.4000.dat
  [grid] done 4/82 (4%): grid.5900.dat
  [grid] done 5/82 (6%): grid.6800.dat
  [grid] done 6/82 (7%): grid.3100.dat
  [grid] done 7/82 (8%): grid.4300.dat
  [grid] done 8/82 (9%): grid.400.dat
  [grid] done 9/82 (10%): grid.4200.dat
  [grid] done 10/82 (12%): grid.6000.dat
  [grid] done 11/82 (13%): grid.2600.dat
  [grid] done 12/82 (14%): grid.6700.dat
  [grid] done 13/82 (15%): grid.5700.dat
  [grid] done 14/82 (17%): grid.3000.dat
  [grid] done 15/82 (18%): grid.3500.dat
  [grid] done 16/82 (19%): grid.3900.dat
  [grid] done 17/82 (20%): grid.3200.dat
  [grid] done 18/82 (21%): grid.6200.dat
  [grid] done 19/82 (23%): grid.5100.dat
  [grid] done 20/82 (24%): grid.2800.dat
  [grid] done 21/82 (25%): grid.300.dat
  [grid] done 22/82 (26%): grid.2700.dat
  [grid] done 23/82 (28%): grid.5600.dat
  [grid] done 24/82 (29%): grid.4500.dat
  [grid] done 25/82 (30%): grid.4600.dat
  [grid] done 26/82 (31%): grid.3300.dat
  [grid] done 27/82 (32%): grid.3400.dat
  [grid] done 28/82 (34%): grid.5000.dat
  [grid] done 29/82 (35%): grid.6300.dat
  [grid] done 30/82 (36%): grid.500.dat
  [grid] done 31/82 (37%): grid.4900.dat
  [grid] done 32/82 (39%): grid.3600.dat
  [grid] done 33/82 (40%): grid.2500.dat
  [grid] done 34/82 (41%): grid.5800.dat
  [grid] done 35/82 (42%): grid.3800.dat
  [grid] done 36/82 (43%): grid.4700.dat
  [grid] done 37/82 (45%): grid.3700.dat
  [grid] done 38/82 (46%): grid.4800.dat
  [grid] done 39/82 (47%): grid.6400.dat
  [grid] done 40/82 (48%): grid.5400.dat
  [grid] done 41/82 (50%): grid.5300.dat
  [grid] done 42/82 (51%): grid.6100.dat
  [grid] done 43/82 (52%): grid.600.dat
  [grid] done 44/82 (53%): grid.4400.dat
  [grid] done 45/82 (54%): grid.6500.dat
  [grid] done 46/82 (56%): grid.4100.dat
  [grid] done 47/82 (57%): grid.5200.dat
  [grid] done 48/82 (58%): grid.2900.dat
  [grid] done 49/82 (59%): grid.700.dat
  [grid] done 50/82 (60%): grid.7000.dat
  [grid] done 51/82 (62%): grid.6900.dat
  [grid] done 52/82 (63%): grid.7600.dat
  [grid] done 53/82 (64%): grid.7300.dat
  [grid] done 54/82 (65%): grid.7400.dat
  [grid] done 55/82 (67%): grid.7100.dat
  [grid] done 56/82 (68%): grid.7500.dat
  [grid] done 57/82 (69%): grid.7900.dat
  [grid] done 58/82 (70%): grid.8900.dat
  [grid] done 59/82 (71%): grid.8100.dat
  [grid] done 60/82 (73%): grid.8500.dat
  [grid] done 61/82 (74%): grid.7800.dat
  [grid] done 62/82 (75%): grid.8600.dat
  [grid] done 63/82 (76%): grid.800.dat
  [grid] done 64/82 (78%): grid.8000.dat
  [grid] done 65/82 (79%): grid.9400.dat
  [grid] done 66/82 (80%): grid.900.dat
  [grid] done 67/82 (81%): grid.8400.dat
  [grid] done 68/82 (82%): grid.7200.dat
  [grid] done 69/82 (84%): grid.8300.dat
  [grid] done 70/82 (85%): grid.9000.dat
  [grid] done 71/82 (86%): grid.8200.dat
  [grid] done 72/82 (87%): grid.9800.dat
  [grid] done 73/82 (89%): grid.8800.dat
  [grid] done 74/82 (90%): grid.9900.dat
  [grid] done 75/82 (91%): grid.7700.dat
  [grid] done 76/82 (92%): grid.9100.dat
  [grid] done 77/82 (93%): grid.8700.dat
  [grid] done 78/82 (95%): grid.9500.dat
  [grid] done 79/82 (96%): grid.9700.dat
  [grid] done 80/82 (97%): grid.9600.dat
  [grid] done 81/82 (98%): grid.9200.dat
  [grid] done 82/82 (100%): grid.9300.dat

Processing surface dumps (2/3)...

Processing particle dumps (3/3)... (8 worker(s))

Completed:
particle frames: 0
grid frames: 109
surface frames: 0
=== Conversion complete. Now run: sbatch scripts/analyze_job.sh dumps/esasat250 ===
