SPARTA (24 Sep 2025)
Running on 96 MPI task(s)
Created orthogonal box = (-1 -0.5 -0.5) to (0.5 0.5 0.5)
Loaded NRLMSIS data: rho=6.524113695652e-11 nrho=1.887487e+15 T=1070.050217 vx=7754.9
MEAN FREE PATH = 1212.09285712342 m
MEAN MOLEC VEL = 1043.26587592037 m/s
CELL SIZE MUST BE LESS THAN 404.030952374473 m
MEAN COLL TIME = 1.16182546089137 s
MEAN TRANSIT TIME = 0.387275153630455 s
TIMESTEP MUST BE < 0.129091717876818 s
Created 45000000 child grid cells
  CPU time = 0.5096 secs
  create/ghost percent = 15.0417 84.9583
Balance grid migrated 43783125 cells
  CPU time = 1.32171 secs
  reassign/sort/migrate/ghost percent = 40.6136 0.749542 36.2066 22.4303
Reading surface file ...
  12 triangles
  -0.4475 0.4475 xlo xhi
  -0.28625 0.28625 ylo yhi
  -0.3395 0.3395 zlo zhi
  0.5725 min triangle edge length
  0.194364 min triangle area
  292332 = cells with surfs
  297720 = total surfs in all grid cells
  6 = max surfs in one grid cell
  171.75 = min surf-size/cell-size ratio
  292332 0 = cells overlapping surfs, overlap cells with unmarked corner pts
  1 tiny edges removed
  34508688 10198980 292332 = cells outside/inside/overlapping surfs
  292332 = surf cells with 1,2,etc splits
  1.15208888749427 1.1520888875 = cell-wise and global flow volume
  CPU time = 0.43816 secs
  read/check/sort/surf2grid/ghost/inout/particle percent = 1.46537 9.1417 10.6542 14.1848 64.554 57.032 0.00457139
  surf2grid time = 0.0621522 secs
  map/comm1/comm2/comm3/comm4/split percent = 32.2409 0 0 0 0 53.1521
0 = initial surface count in group ampt_xnorm
4 = final surface count in group ampt_xnorm
0 = initial surface count in group ampt_yznorm
8 = final surface count in group ampt_yznorm
Reading surface file ...
  64 triangles
  -0.4485 -0.4485 xlo xhi
  -0.000977 0.000977 ylo yhi
  -0.000977 0.000977 zlo zhi
  9.58782e-05 min triangle edge length
  4.67801e-08 min triangle area
  292336 = cells with surfs
  297976 = total surfs in all grid cells
  64 = max surfs in one grid cell
  0.0287635 = min surf-size/cell-size ratio
  292332 0 = cells overlapping surfs, overlap cells with unmarked corner pts
  2 tiny edges removed
  34508688 10198980 292332 = cells outside/inside/overlapping surfs
  292332 = surf cells with 1,2,etc splits
  1.15208888749427 1.1520888875 = cell-wise and global flow volume
  CPU time = 0.470869 secs
  read/check/sort/surf2grid/ghost/inout/particle percent = 0.424906 6.97505 9.66243 20.9905 61.9471 56.6384 0.00332895
  surf2grid time = 0.0988378 secs
  map/comm1/comm2/comm3/comm4/split percent = 57.5905 0 0 0 0 33.2987
particles per particle = 1887487
Creating particles ...
Created 768059258 particles
  CPU time = 8.91485 secs
flux check: expected nrho*vstream = 1.46372729363e+19 #/m^2/s
flux check (ion):     expected ne*vstream       = 7.02886609926e+15 #/m^2/s
flux check (neutral): expected (nrho-ne)*vstream = 1.46302440702007e+19 #/m^2/s
Memory usage per proc in Mbytes:
  particles (ave,min,max) = 977.312 0 1272
  grid      (ave,min,max) = 163.196 105.451 165.427
  surf      (ave,min,max) = 0.00956726 0.00956726 0.00956726
  total     (ave,min,max) = 1219.01 244.181 1516.18
Step CPU Np Natt Ncoll Nsreact c_Tbox c_drag c_drag_xnorm c_drag_walls c_ions[1] c_ions[6] c_probe_neut c_probe_ion 
       0            0 768059258        0        0        0    51205.674            0            0            0       360314            0            0            0 
