=== Converting dumps in 'dumps/esasat/' to Parquet ===
Processing dumps from: dumps/esasat/
Using 48 parallel workers
Incremental mode: skipping frames already converted (use --force to redo all)

Processing grid dumps (1/3)...
  [grid] dispatching 110 frame(s) across 48 worker(s)...
  [grid] done 1/110 (0%): grid.1600.dat
  [grid] done 2/110 (1%): grid.1400.dat
  [grid] done 3/110 (2%): grid.3500.dat
  [grid] done 4/110 (3%): grid.3900.dat
  [grid] done 5/110 (4%): grid.3600.dat
  [grid] done 6/110 (5%): grid.1800.dat
  [grid] done 7/110 (6%): grid.1100.dat
  [grid] done 8/110 (7%): grid.2000.dat
  [grid] done 9/110 (8%): grid.2800.dat
  [grid] done 10/110 (9%): grid.2900.dat
  [grid] done 11/110 (10%): grid.400.dat
  [grid] done 12/110 (10%): grid.200.dat
  [grid] done 13/110 (11%): grid.2400.dat
  [grid] done 14/110 (12%): grid.3100.dat
  [grid] done 15/110 (13%): grid.3800.dat
  [grid] done 16/110 (14%): grid.0.dat
  [grid] done 17/110 (15%): grid.100.dat
  [grid] done 18/110 (16%): grid.3300.dat
  [grid] done 19/110 (17%): grid.1700.dat
  [grid] done 20/110 (18%): grid.4000.dat
  [grid] done 21/110 (19%): grid.300.dat
  [grid] done 22/110 (20%): grid.2500.dat
  [grid] done 23/110 (20%): grid.1200.dat
  [grid] done 24/110 (21%): grid.2200.dat
  [grid] done 25/110 (22%): grid.4100.dat
  [grid] done 26/110 (23%): grid.10000.dat
  [grid] done 27/110 (24%): grid.1300.dat
  [grid] done 28/110 (25%): grid.1500.dat
  [grid] done 29/110 (26%): grid.2300.dat
  [grid] done 30/110 (27%): grid.2700.dat
  [grid] done 31/110 (28%): grid.3200.dat
  [grid] done 32/110 (29%): grid.10600.dat
  [grid] done 33/110 (30%): grid.2600.dat
  [grid] done 34/110 (30%): grid.10700.dat
  [grid] done 35/110 (31%): grid.3700.dat
  [grid] done 36/110 (32%): grid.3000.dat
  [grid] done 37/110 (33%): grid.10900.dat
  [grid] done 38/110 (34%): grid.10400.dat
  [grid] done 39/110 (35%): grid.10100.dat
  [grid] done 40/110 (36%): grid.10500.dat
  [grid] done 41/110 (37%): grid.10200.dat
  [grid] done 42/110 (38%): grid.3400.dat
  [grid] done 43/110 (39%): grid.1900.dat
  [grid] done 44/110 (40%): grid.10300.dat
  [grid] done 45/110 (40%): grid.4200.dat
  [grid] done 46/110 (41%): grid.2100.dat
  [grid] done 47/110 (42%): grid.10800.dat
  [grid] done 48/110 (43%): grid.1000.dat
  [grid] done 49/110 (44%): grid.4800.dat
  [grid] done 50/110 (45%): grid.4400.dat
  [grid] done 51/110 (46%): grid.4300.dat
  [grid] done 52/110 (47%): grid.4600.dat
  [grid] done 53/110 (48%): grid.5000.dat
  [grid] done 54/110 (49%): grid.4500.dat
  [grid] done 55/110 (50%): grid.500.dat
  [grid] done 56/110 (50%): grid.5200.dat
  [grid] done 57/110 (51%): grid.4900.dat
  [grid] done 58/110 (52%): grid.5700.dat
  [grid] done 59/110 (53%): grid.5400.dat
  [grid] done 60/110 (54%): grid.5600.dat
  [grid] done 61/110 (55%): grid.5500.dat
  [grid] done 62/110 (56%): grid.600.dat
  [grid] done 63/110 (57%): grid.4700.dat
  [grid] done 64/110 (58%): grid.5100.dat
  [grid] done 65/110 (59%): grid.5900.dat
  [grid] done 66/110 (60%): grid.6800.dat
  [grid] done 67/110 (60%): grid.6500.dat
  [grid] done 68/110 (61%): grid.5800.dat
  [grid] done 69/110 (62%): grid.7100.dat
  [grid] done 70/110 (63%): grid.5300.dat
  [grid] done 71/110 (64%): grid.7300.dat
  [grid] done 72/110 (65%): grid.8300.dat
  [grid] done 73/110 (66%): grid.6200.dat
  [grid] done 74/110 (67%): grid.6600.dat
  [grid] done 75/110 (68%): grid.6000.dat
  [grid] done 76/110 (69%): grid.6700.dat
  [grid] done 77/110 (70%): grid.800.dat
  [grid] done 78/110 (70%): grid.6300.dat
  [grid] done 79/110 (71%): grid.700.dat
  [grid] done 80/110 (72%): grid.7500.dat
  [grid] done 81/110 (73%): grid.7600.dat
  [grid] done 82/110 (74%): grid.7400.dat
  [grid] done 83/110 (75%): grid.8000.dat
  [grid] done 84/110 (76%): grid.6900.dat
  [grid] done 85/110 (77%): grid.7700.dat
  [grid] done 86/110 (78%): grid.6100.dat
  [grid] done 87/110 (79%): grid.7800.dat
  [grid] done 88/110 (80%): grid.7200.dat
  [grid] done 89/110 (80%): grid.8200.dat
  [grid] done 90/110 (81%): grid.7900.dat
  [grid] done 91/110 (82%): grid.8400.dat
  [grid] done 92/110 (83%): grid.7000.dat
  [grid] done 93/110 (84%): grid.8100.dat
  [grid] done 94/110 (85%): grid.6400.dat
  [grid] done 95/110 (86%): grid.8600.dat
  [grid] done 96/110 (87%): grid.8500.dat
  [grid] done 97/110 (88%): grid.8700.dat
  [grid] done 98/110 (89%): grid.8900.dat
  [grid] done 99/110 (90%): grid.900.dat
  [grid] done 100/110 (90%): grid.9100.dat
  [grid] done 101/110 (91%): grid.9200.dat
  [grid] done 102/110 (92%): grid.9300.dat
  [grid] done 103/110 (93%): grid.9400.dat
  [grid] done 104/110 (94%): grid.8800.dat
  [grid] done 105/110 (95%): grid.9500.dat
  [grid] done 106/110 (96%): grid.9000.dat
  [grid] done 107/110 (97%): grid.9600.dat
  [grid] done 108/110 (98%): grid.9700.dat
  [grid] done 109/110 (99%): grid.9900.dat
  [grid] done 110/110 (100%): grid.9800.dat

Processing surface dumps (2/3)...

Processing particle dumps (3/3)... (8 worker(s))

Completed:
particle frames: 0
grid frames: 110
surface frames: 0
=== Conversion complete. Now run: sbatch scripts/analyze_job.sh dumps/esasat/ ===
