SPARTA (24 Sep 2025)
Running on 48 MPI task(s)
Created orthogonal box = (-0.75 -0.5 -0.5) to (0.75 0.5 0.5)
Loaded NRLMSIS data: rho=6.00437e-11 nrho=1.248365e+15 T=1386.144 vx=7725.8
MEAN FREE PATH = 1317.01271066921 m
MEAN MOLEC VEL = 1006.59076586524 m/s
CELL SIZE MUST BE LESS THAN 439.004236889737 m
MEAN COLL TIME = 1.3083894223261 s
MEAN TRANSIT TIME = 0.436129807442034 s
TIMESTEP MUST BE < 0.145376602480678 s
Created 1500000 child grid cells
  CPU time = 0.0389445 secs
  create/ghost percent = 9.93325 90.0668
Balance grid migrated 1428378 cells
  CPU time = 0.0613439 secs
  reassign/sort/migrate/ghost percent = 31.7972 0.982439 42.1719 25.0484
Reading surface file ...
  12 triangles
  -0.5 0.5 xlo xhi
  -0.1 0.1 ylo yhi
  -0.1 0.1 zlo zhi
  0.2 min triangle edge length
  0.02 min triangle area
  10168 = cells with surfs
  11684 = total surfs in all grid cells
  6 = max surfs in one grid cell
  20 = min surf-size/cell-size ratio
  10168 8 = cells overlapping surfs, overlap cells with unmarked corner pts
  2596 tiny edges removed
  1450632 39200 10168 = cells outside/inside/overlapping surfs
  10168 = surf cells with 1,2,etc splits
  1.46000000000047 1.46 = cell-wise and global flow volume
  CPU time = 0.0257846 secs
  read/check/sort/surf2grid/ghost/inout/particle percent = 2.99735 7.19913 10.113 17.0328 62.6577 38.8483 0.0182357
  surf2grid time = 0.00439184 secs
  map/comm1/comm2/comm3/comm4/split percent = 19.7372 0 0 0 0 62.1192
0 = initial surface count in group ampt_xnorm
4 = final surface count in group ampt_xnorm
0 = initial surface count in group ampt_yznorm
8 = final surface count in group ampt_yznorm
particles per particle = 624182500
Creating particles ...
Created 1946666 particles
  CPU time = 0.00905345 secs
Memory usage per proc in Mbytes:
  particles (ave,min,max) = 4.6875 4.6875 4.6875
  grid      (ave,min,max) = 11.3458 7.70129 11.5763
  surf      (ave,min,max) = 0.00151062 0.00151062 0.00151062
  total     (ave,min,max) = 21.3144 16.9552 21.5802
Step CPU Np Natt Ncoll c_Tbox c_drag c_drag_xnorm c_drag_walls 
       0            0  1946666        0        0    45395.559            0            0            0 
     100   0.46503407  1946603        0        0    45221.391 0.00016837396 9.4307544e-05 7.4066418e-05 
     200   0.96693148  1946374        0        0    45042.353 0.00016800889 9.4463961e-05 7.3544931e-05 
     300    1.4583878  1946412        0        0    44868.427 0.00016868132 9.4637219e-05 7.4044098e-05 
     400    1.9630872  1949232        0        0     44702.38 0.00016863388 9.4159061e-05 7.4474821e-05 
     500    2.4930268  1953474        0        0    44532.643 0.00016832839 9.3849086e-05 7.4479302e-05 
     600     3.025381  1958094        0        0    44360.202 0.00016828178 9.3976571e-05 7.4305213e-05 
     700    3.5486602  1963218        0        0    44190.721 0.00016843765 9.4112232e-05 7.4325413e-05 
     800    4.0811919  1968705        0        0    44028.695 0.00016851133 9.4493027e-05 7.4018299e-05 
     900    4.6437859  1973674        0        0    43857.386 0.00016882892 9.4741081e-05 7.4087842e-05 
    1000    5.2162019  1979149        0        0    43691.156 0.00016874824 9.4625083e-05 7.4123158e-05 
    1100    5.7663358  1984558        0        0    43527.252 0.00016833909 9.4337358e-05 7.4001735e-05 
    1200    6.3214877  1990643        0        0    43363.214  0.000168346 9.4363269e-05 7.3982727e-05 
    1300    6.8811401  1997768        0        0    43206.692 0.00016835571 9.4443526e-05 7.3912182e-05 
    1400    7.4456008  2004190        0        0    43047.663 0.0001682713 9.4416504e-05 7.3854801e-05 
    1500    8.0159424  2010990        0        0    42886.157 0.00016831411 9.4396935e-05 7.3917172e-05 
    1600    8.6268759  2017677        0        0    42723.767 0.00016835837 9.4486858e-05 7.3871508e-05 
    1700    9.2060026  2024910        0        0    42559.099 0.00016836893 9.455138e-05 7.3817553e-05 
    1800    9.8917859  2031235        0        0    42402.753 0.00016831699 9.449484e-05 7.3822154e-05 
    1900    10.481543  2038215        0        0    42238.128 0.00016850276 9.469121e-05 7.3811552e-05 
    2000    11.076698  2045165        0        0    42084.573 0.0001684593 9.4626172e-05 7.3833124e-05 
    2100     11.69449  2052872        0        0    41935.066 0.00016843477 9.4637485e-05 7.3797283e-05 
    2200     12.30966  2060189        0        0    41782.129 0.0001685453 9.4643385e-05 7.3901914e-05 
    2300    12.944471  2066878        0        0    41632.026 0.00016843044 9.4640666e-05 7.378977e-05 
    2400    13.562817  2074078        0        0    41480.337 0.00016865016 9.4788179e-05 7.3861978e-05 
    2500    14.186673  2081788        0        0    41326.931 0.0001686593 9.4818549e-05 7.3840753e-05 
    2600    14.818997  2088973        0        0    41174.782 0.00016870861 9.4912425e-05 7.3796182e-05 
    2700    15.458152  2096161        0        0    41029.756 0.00016868593 9.4892531e-05 7.3793402e-05 
    2800    16.105687  2103011        0        0    40886.317 0.0001686358 9.4890807e-05 7.3744991e-05 
    2900    16.752139  2110499        0        0    40735.713 0.00016871078 9.4996996e-05 7.3713783e-05 
    3000    17.409336  2118941        0        0    40587.996 0.00016875459 9.5043254e-05 7.3711335e-05 
    3100    18.076343  2126534        0        0     40444.99 0.00016878151 9.5141205e-05 7.3640304e-05 
    3200    18.740186  2134332        0        0    40301.809 0.00016882518 9.517737e-05 7.3647813e-05 
    3300    19.408613  2142249        0        0    40162.729 0.00016876025 9.5143774e-05 7.3616475e-05 
    3400    20.081755  2150020        0        0    40028.509 0.0001687445 9.5135529e-05 7.3608976e-05 
    3500    20.761416  2158221        0        0    39894.762 0.00016878547 9.5179251e-05 7.3606219e-05 
    3600    21.444933  2165952        0        0    39762.391 0.00016870898 9.5119774e-05 7.3589209e-05 
    3700    22.138121  2173728        0        0    39628.363 0.00016870215 9.5113809e-05 7.3588342e-05 
    3800    22.833794  2181762        0        0    39496.988 0.00016867424 9.5175943e-05 7.3498298e-05 
    3900    23.534532  2189473        0        0    39359.436 0.00016868721 9.5199172e-05 7.348804e-05 
    4000    24.239019  2196700        0        0    39229.757 0.0001686534 9.5185417e-05 7.3467981e-05 
    4100     24.94776  2204470        0        0    39099.169 0.00016863063 9.5163427e-05 7.3467201e-05 
    4200    25.685989  2211870        0        0    38967.654 0.0001686904 9.5201915e-05 7.3488482e-05 
    4300    26.409136  2219360        0        0    38835.122 0.00016873358 9.5182731e-05 7.3550846e-05 
    4400    27.136708  2226628        0        0    38707.637 0.00016870346 9.5119774e-05 7.3583682e-05 
    4500    27.865457  2234128        0        0     38579.38 0.00016875107 9.5126582e-05 7.3624487e-05 
    4600     28.60172  2241762        0        0     38455.62 0.00016874201 9.5107704e-05 7.3634306e-05 
    4700     29.34554  2248772        0        0      38331.7 0.00016871951 9.5067501e-05 7.3652008e-05 
    4800    30.092908  2256926        0        0    38209.413 0.00016875133  9.50947e-05 7.3656634e-05 
    4900    30.968808  2264284        0        0    38084.865 0.00016882045 9.5134001e-05 7.3686445e-05 
    5000    31.725961  2271758        0        0     37969.44 0.00016878512 9.5129721e-05 7.3655403e-05 
    5100    32.489489  2278199        0        0    37848.966 0.00016872484 9.5099052e-05 7.3625791e-05 
    5200    33.254911  2285268        1        0    37722.882 0.0001687101 9.507555e-05 7.3634552e-05 
    5300     34.02727  2292357        0        0     37601.47 0.00016874658 9.5080898e-05 7.3665685e-05 
    5400    34.802722  2299056        0        0    37489.711 0.00016872892 9.5061465e-05 7.3667456e-05 
    5500    35.583485  2306520        1        0    37377.261 0.0001687416 9.5053709e-05 7.3687891e-05 
    5600    36.370399  2313685        0        0    37261.857 0.00016879505 9.5094736e-05 7.3700314e-05 
    5700    37.165065  2320736        0        0    37151.029 0.00016881779 9.5097395e-05 7.3720393e-05 
    5800    37.958645  2326997        0        0    37033.336 0.00016881986 9.5118875e-05 7.3700986e-05 
    5900    38.756021  2333972        0        0    36929.175 0.00016878943 9.5074601e-05 7.3714831e-05 
    6000    39.558977  2340108        0        0    36817.327 0.00016879804 9.5082725e-05 7.3715317e-05 
    6100    40.364741  2346978        0        0    36714.404 0.00016879363 9.5106346e-05 7.3687287e-05 
    6200    41.174074  2354008        0        0     36608.96 0.00016878377 9.5092635e-05 7.3691135e-05 
    6300    41.992121  2360739        0        0     36511.07 0.00016882476 9.5111436e-05 7.371332e-05 
    6400     42.80789  2367326        0        0    36406.913 0.00016882756 9.5121472e-05 7.3706084e-05 
    6500    43.628104  2373353        0        0    36306.377 0.00016881161 9.509432e-05 7.3717292e-05 
    6600    44.452205  2380464        0        0      36211.9 0.00016881927 9.5083587e-05 7.3735683e-05 
    6700    45.280935  2386697        0        0     36111.43 0.00016878098 9.5077454e-05 7.3703526e-05 
    6800    46.117516  2393045        0        0    36014.078 0.00016880471 9.5094307e-05 7.3710403e-05 
    6900    46.983874  2399166        0        0    35918.921 0.00016878868 9.5090132e-05 7.3698546e-05 
    7000    47.828509  2405532        0        0    35823.338 0.0001688106 9.5123439e-05 7.3687158e-05 
    7100    48.677491  2411616        0        0    35728.506 0.0001688162 9.5134858e-05 7.3681337e-05 
    7200    49.529858  2417320        0        0     35631.22 0.00016887863 9.5155712e-05 7.3722914e-05 
    7300    50.384844  2424461        0        0    35551.574  0.000168867 9.5147865e-05 7.3719134e-05 
    7400     51.24211  2430947        0        0     35460.01 0.00016888053 9.5150472e-05 7.373006e-05 
    7500    52.102232  2437361        1        0    35376.917 0.00016886492 9.5140393e-05 7.372453e-05 
    7600    52.970084  2443273        1        0    35287.318 0.00016890326 9.5157318e-05 7.3745946e-05 
    7700     53.83574  2449301        0        0    35197.223 0.00016893053 9.5168972e-05 7.3761563e-05 
    7800    54.706012  2455585        1        0    35111.778 0.00016895547 9.519768e-05 7.3757791e-05 
    7900    55.584095  2461409        0        0    35028.242 0.0001689106 9.5190492e-05 7.3720112e-05 
    8000    56.460993  2467715        1        0    34949.211 0.00016890637 9.5197569e-05 7.3708804e-05 
Loop time of 56.4612 on 48 procs for 8000 steps with 2467715 particles

MPI task timing breakdown:
Section |  min time  |  avg time  |  max time  |%varavg| %total
---------------------------------------------------------------
Move    | 19.167     | 22.111     | 30.668     |  51.1 | 39.16
Coll    | 4.0375     | 4.3117     | 5.4098     |  14.9 |  7.64
Sort    | 10.67      | 12.196     | 16.882     |  38.0 | 21.60
Comm    | 1.1362     | 1.2302     | 1.2999     |   4.1 |  2.18
Modify  | 1.8774     | 7.1556     | 8.8154     |  56.0 | 12.67
Output  | 0.088782   | 0.088981   | 0.096811   |   0.4 |  0.16
Other   |            | 9.368      |            |       | 16.59

Particle moves    = 17566455432 (17.6B)
Cells touched     = 18940041893 (18.9B)
Particle comms    = 31063281 (31.1M)
Boundary collides = 0 (0K)
Boundary exits    = 7703120 (7.7M)
SurfColl checks   = 475703765 (476M)
SurfColl occurs   = 604782 (0.605M)
Surf reactions    = 0 (0K)
Collide attempts  = 468 (0.468K)
Collide occurs    = 77 (0.077K)
Gas reactions     = 0 (0K)
Particles stuck   = 0
Axisymm bad moves = 0

Particle-moves/CPUsec/proc: 6.48176e+06
Particle-moves/step: 2.19581e+06
Cell-touches/particle/step: 1.07819
Particle comm iterations/step: 1
Particle fraction communicated: 0.00176833
Particle fraction colliding with boundary: 0
Particle fraction exiting boundary: 0.000438513
Surface-checks/particle/step: 0.0270802
Surface-collisions/particle/step: 3.44282e-05
Surface-reactions/particle/step: 0
Collision-attempts/particle/step: 2.66417e-08
Collisions/particle/step: 4.38335e-09
Gas-reactions/particle/step: 0

Particles: 51410.7 ave 117538 max 39787 min
Histogram: 29 13 2 0 0 0 0 0 1 3
Cells:     31250 ave 31250 max 31250 min
Histogram: 48 0 0 0 0 0 0 0 0 0
GhostCell: 12513.1 ave 15490 max 10090 min
Histogram: 3 6 10 4 5 9 0 8 0 3
EmptyCell: 4478.35 ave 6193 max 2808 min
Histogram: 2 0 13 10 0 3 8 6 0 6
Surfs:     12 ave 12 max 12 min
Histogram: 48 0 0 0 0 0 0 0 0 0
GhostSurf: 0 ave 0 max 0 min
Histogram: 48 0 0 0 0 0 0 0 0 0
