SPARTA (24 Sep 2025)
Running on 48 MPI task(s)
Created orthogonal box = (-0.75 -0.5 -0.5) to (0.75 0.5 0.5)
Loaded NRLMSIS data: rho=6.00437e-11 nrho=1.248365e+15 T=1386.144 vx=7725.8
MEAN FREE PATH = 1317.01271066921 m
MEAN MOLEC VEL = 1006.59076586524 m/s
CELL SIZE MUST BE LESS THAN 439.004236889737 m
MEAN COLL TIME = 1.3083894223261 s
MEAN TRANSIT TIME = 0.436129807442034 s
TIMESTEP MUST BE < 0.145376602480678 s
Created 1500000 child grid cells
  CPU time = 0.028195 secs
  create/ghost percent = 13.7515 86.2485
Balance grid migrated 1428378 cells
  CPU time = 0.0619034 secs
  reassign/sort/migrate/ghost percent = 31.6776 0.970223 42.0033 25.3489
Reading surface file ...
  12 triangles
  -0.5 0.5 xlo xhi
  -0.1 0.1 ylo yhi
  -0.1 0.1 zlo zhi
  0.2 min triangle edge length
  0.02 min triangle area
  10168 = cells with surfs
  11684 = total surfs in all grid cells
  6 = max surfs in one grid cell
  20 = min surf-size/cell-size ratio
  10168 8 = cells overlapping surfs, overlap cells with unmarked corner pts
  2596 tiny edges removed
  1450632 39200 10168 = cells outside/inside/overlapping surfs
  10168 = surf cells with 1,2,etc splits
  1.46000000000047 1.46 = cell-wise and global flow volume
  CPU time = 0.0274381 secs
  read/check/sort/surf2grid/ghost/inout/particle percent = 7.92537 6.85524 9.77436 15.931 59.514 36.9127 0.0871599
  surf2grid time = 0.00437116 secs
  map/comm1/comm2/comm3/comm4/split percent = 19.6145 0 0 0 0 61.9155
0 = initial surface count in group ampt_xnorm
4 = final surface count in group ampt_xnorm
0 = initial surface count in group ampt_yznorm
8 = final surface count in group ampt_yznorm
particles per particle = 124836500
Creating particles ...
Created 9733333 particles
  CPU time = 0.042754 secs
Memory usage per proc in Mbytes:
  particles (ave,min,max) = 20.0521 18.75 20.3125
  grid      (ave,min,max) = 11.3458 7.70129 11.5763
  surf      (ave,min,max) = 0.00151062 0.00151062 0.00151062
  total     (ave,min,max) = 36.679 32.3927 37.2052
Step CPU Np Natt Ncoll c_Tbox c_drag c_drag_xnorm c_drag_walls 
       0            0  9733333        0        0    45401.717            0            0            0 
     100    1.4400195  9733663        0        0    45226.354 0.00016794159 9.4518925e-05 7.3422663e-05 
     200    3.0285982  9734721        0        0     45049.68 0.00016894242 9.5086462e-05 7.3855959e-05 
     300    4.6607183  9736743        0        0    44874.637 0.00016903688 9.4918385e-05 7.4118491e-05 
     400     6.410952  9752370        0        0    44706.762 0.00016924129 9.5139379e-05 7.4101915e-05 
     500    8.1728313  9774081        0        0    44536.917 0.00016904496 9.5005784e-05 7.4039174e-05 
     600    10.099316  9798101        0        0    44366.295 0.00016908871 9.5127679e-05 7.3961027e-05 
     700    11.928746  9824068        0        0    44194.844 0.00016906015 9.5033359e-05 7.402679e-05 
     800    13.841136  9850725        0        0    44024.668 0.0001692551 9.5217549e-05 7.4037546e-05 
     900    15.743745  9878533        0        0    43858.038 0.0001692924 9.5210201e-05 7.4082196e-05 
    1000    17.683146  9909424        0        0    43689.299 0.00016941823 9.5277601e-05 7.4140628e-05 
    1100     19.61969  9939497        0        0     43521.55 0.00016935943 9.528143e-05 7.4078002e-05 
    1200    21.602058  9970991        0        0    43358.201 0.00016918554 9.5161735e-05 7.4023804e-05 
    1300    23.621287 10004652        0        0    43196.355 0.00016918944 9.5193111e-05 7.3996328e-05 
    1400    25.649753 10040951        0        0    43034.476 0.00016926864 9.5248755e-05 7.4019884e-05 
    1500    27.706642 10077309        0        0     42875.37 0.00016916918 9.5212653e-05 7.3956527e-05 
    1600    29.813064 10113433        2        0    42714.149 0.00016914825 9.5221666e-05 7.3926584e-05 
    1700    31.915344 10152172        0        0    42556.976 0.00016917778 9.5260587e-05 7.3917198e-05 
    1800    34.041384 10188737        2        1    42397.757 0.00016918081 9.5276383e-05 7.3904427e-05 
    1900    36.214561 10226405        0        0    42234.529 0.00016933354 9.5390795e-05 7.3942747e-05 
    2000    38.396431 10264374        0        0    42079.641 0.00016938255 9.541659e-05 7.3965962e-05 
    2100    40.596965 10302531        0        0    41924.163 0.00016938586 9.544011e-05 7.3945754e-05 
    2200     42.82036 10339877        1        0    41770.437 0.00016936642 9.5391042e-05 7.3975378e-05 
    2300    45.088844 10376535        1        0    41615.847 0.00016937805 9.5428342e-05 7.3949707e-05 
    2400    47.381316 10414071        0        0    41462.203 0.00016944095 9.5440713e-05 7.4000234e-05 
    2500    49.698848 10452357        2        0    41311.116 0.00016939324 9.5423746e-05 7.3969497e-05 
    2600     52.36341 10491590        3        0      41164.7 0.00016938861 9.5436397e-05 7.3952214e-05 
    2700    54.826241 10528233        2        0    41015.077 0.00016939962 9.5455357e-05 7.3944262e-05 
    2800    57.220488 10568086        0        0    40870.816 0.0001693855 9.5436881e-05 7.3948621e-05 
    2900    59.644798 10606050        1        1    40724.101 0.00016935969 9.5434935e-05 7.3924757e-05 
    3000    62.133525 10642545        0        0    40579.113 0.00016934957 9.5429322e-05 7.3920251e-05 
    3100    64.613925 10680377        0        0    40434.831 0.00016936948 9.5434089e-05 7.3935392e-05 
    3200    67.133332 10718698        0        0    40291.513 0.00016937831 9.5425361e-05 7.3952948e-05 
    3300    69.675915 10755193        1        0    40149.875 0.00016939159 9.5436903e-05 7.3954687e-05 
    3400    72.245956 10793693        1        0    40010.356 0.00016936414 9.5424836e-05 7.3939305e-05 
    3500    74.830951 10830894        2        1    39871.941 0.00016936213 9.5412768e-05 7.3949358e-05 
    3600     77.46624 10868948        1        0     39735.09 0.00016931629 9.5400079e-05 7.3916207e-05 
    3700    80.108883 10908276        0        0    39597.549 0.0001693405 9.5418611e-05 7.3921887e-05 
    3800    82.784495 10946380        1        0    39463.925 0.00016935116 9.5403407e-05 7.3947749e-05 
    3900    85.476089 10982842        0        0    39329.176 0.0001693234 9.5392624e-05 7.3930775e-05 
    4000    88.202117 11020422        0        0    39197.267 0.00016932254 9.5379476e-05 7.3943067e-05 
    4100    90.988397 11058060        0        0    39065.566 0.00016934248 9.538493e-05 7.3957553e-05 
    4200    93.815216 11094956        1        0    38935.469 0.00016937621 9.541121e-05 7.3965001e-05 
    4300    96.647628 11131872        1        0    38806.748 0.00016937128 9.5410125e-05 7.3961154e-05 
    4400    99.482175 11169380        2        0    38681.055 0.00016937779 9.5419881e-05 7.3957908e-05 
    4500    102.34673 11205864        1        0    38557.265 0.00016936562 9.5418932e-05 7.3946689e-05 
    4600    105.23976 11241447        1        0    38432.369 0.00016934268 9.5405802e-05 7.3936883e-05 
    4700    108.18259 11279017        0        0    38307.446 0.00016937855 9.5434847e-05 7.3943704e-05 
    4800     111.1279 11315680        0        0    38185.578 0.00016939877 9.5451548e-05 7.3947222e-05 
    4900    114.09825 11351466        0        0    38065.558 0.00016938643 9.5441419e-05 7.3945007e-05 
    5000    117.13247 11387582        1        0    37945.965 0.00016936936 9.5432339e-05 7.3937023e-05 
    5100    120.17836 11422646        2        0    37825.807 0.00016939712 9.5438917e-05 7.3958199e-05 
    5200    123.25387 11459522        1        0    37712.455 0.00016937184 9.5414073e-05 7.3957767e-05 
    5300    126.34137 11494725        1        0    37596.663 0.0001693398 9.5385711e-05 7.3954088e-05 
    5400    129.46479 11529639        3        0    37481.864 0.00016932486 9.5356863e-05 7.3967995e-05 
    5500    132.60299 11564235        2        0    37374.141 0.00016928899 9.5323333e-05 7.3965659e-05 
    5600    135.75843 11597887        2        1    37262.419 0.00016929406 9.5323848e-05 7.397021e-05 
    5700     138.9464 11633197        0        0    37152.438 0.00016929561 9.5326521e-05 7.3969093e-05 
    5800    142.17727 11667689        1        0    37044.638 0.00016928106 9.5318785e-05 7.3962271e-05 
    5900    145.42514 11701688        1        0    36940.276 0.00016925885 9.5303192e-05 7.3955655e-05 
    6000    148.68599 11734632        0        0    36832.705 0.00016925757 9.5309878e-05 7.3947694e-05 
    6100    151.99157 11769637        1        0    36728.418 0.00016924249 9.5300375e-05 7.3942111e-05 
    6200    155.33648 11803373        2        0    36625.149 0.00016924554 9.5300294e-05 7.3945251e-05 
    6300    158.72833 11837215        1        0    36522.116 0.0001692279 9.5283719e-05 7.3944182e-05 
    6400    162.08098 11871547        0        0    36420.838 0.00016925271 9.5312411e-05 7.3940301e-05 
    6500    165.45742 11904655        0        0    36320.115 0.00016926148 9.5309399e-05 7.3952078e-05 
    6600    168.85723 11936175        0        0    36219.817 0.00016927427 9.5318718e-05 7.3955548e-05 
    6700     172.2798 11968231        1        0    36120.099 0.00016928585 9.5325172e-05 7.3960681e-05 
    6800    175.74123 12000627        0        0    36025.398 0.00016926767 9.5314185e-05 7.3953486e-05 
    6900    179.19893 12032274        0        0    35925.565 0.00016928761 9.5320621e-05 7.3966991e-05 
    7000    182.68274 12063942        1        0    35833.167 0.00016927225 9.5303691e-05 7.3968557e-05 
    7100    186.17477 12094411        0        0    35739.045 0.00016928048 9.5312663e-05 7.3967814e-05 
    7200    189.70366 12125150        1        0    35645.507 0.00016928799 9.5319116e-05 7.3968878e-05 
    7300    193.23999 12155448        2        1    35556.203 0.00016928625 9.5319836e-05 7.3966417e-05 
    7400    196.78257 12186289        2        0    35465.501 0.0001692699 9.5312915e-05 7.3956988e-05 
    7500    200.36999 12216309        2        0    35373.311 0.00016928646 9.5318766e-05 7.3967697e-05 
    7600    203.95927 12245295        1        0    35281.578 0.00016928842 9.5331079e-05 7.3957345e-05 
    7700    207.57814 12275907        0        0    35194.889 0.00016929575 9.5347286e-05 7.3948468e-05 
    7800    216.82838 12307196        2        0    35106.818 0.00016931222 9.5348028e-05 7.396419e-05 
    7900       226.91 12337415        3        0      35023.3 0.00016930843 9.5334303e-05 7.3974124e-05 
    8000    230.55974 12366973        3        1      34940.1 0.00016929393  9.53259e-05 7.3968029e-05 
Loop time of 230.56 on 48 procs for 8000 steps with 12366973 particles

MPI task timing breakdown:
Section |  min time  |  avg time  |  max time  |%varavg| %total
---------------------------------------------------------------
Move    | 70.71      | 92.644     | 123.32     | 110.2 | 40.18
Coll    | 10.949     | 14.85      | 32.681     | 133.2 |  6.44
Sort    | 33.582     | 38.601     | 54.125     |  72.2 | 16.74
Comm    | 3.9863     | 4.5841     | 5.0181     |  11.8 |  1.99
Modify  | 12.203     | 44.282     | 52.842     | 139.9 | 19.21
Output  | 0.44497    | 0.4581     | 0.47093    |   0.4 |  0.20
Other   |            | 35.14      |            |       | 15.24

Particle moves    = 88081894524 (88.1B)
Cells touched     = 94970104891 (95B)
Particle comms    = 155786881 (156M)
Boundary collides = 0 (0K)
Boundary exits    = 38616448 (38.6M)
SurfColl checks   = 2384181139 (2.38B)
SurfColl occurs   = 3031726 (3.03M)
Surf reactions    = 0 (0K)
Collide attempts  = 6151 (6.15K)
Collide occurs    = 982 (0.982K)
Gas reactions     = 0 (0K)
Particles stuck   = 0
Axisymm bad moves = 0

Particle-moves/CPUsec/proc: 7.95906e+06
Particle-moves/step: 1.10102e+07
Cell-touches/particle/step: 1.0782
Particle comm iterations/step: 1
Particle fraction communicated: 0.00176866
Particle fraction colliding with boundary: 0
Particle fraction exiting boundary: 0.000438415
Surface-checks/particle/step: 0.0270678
Surface-collisions/particle/step: 3.44194e-05
Surface-reactions/particle/step: 0
Collision-attempts/particle/step: 6.98327e-08
Collisions/particle/step: 1.11487e-08
Gas-reactions/particle/step: 0

Particles: 257645 ave 591827 max 199261 min
Histogram: 29 13 2 0 0 0 0 0 1 3
Cells:     31250 ave 31250 max 31250 min
Histogram: 48 0 0 0 0 0 0 0 0 0
GhostCell: 12513.1 ave 15490 max 10090 min
Histogram: 3 6 10 4 5 9 0 8 0 3
EmptyCell: 4478.35 ave 6193 max 2808 min
Histogram: 2 0 13 10 0 3 8 6 0 6
Surfs:     12 ave 12 max 12 min
Histogram: 48 0 0 0 0 0 0 0 0 0
GhostSurf: 0 ave 0 max 0 min
Histogram: 48 0 0 0 0 0 0 0 0 0
Using SLURM job id 53111886 for credits
Row: ['300', '0.000169', '439/0.01', '0.145/1e-07', '150x100x100', '10M', '6.67', 'himem', '48', '28.82 ms', '5000', '591.0']
Appended row for altitude=300 km to /storage/home/jxa5508/VLEO-DSMC/data/ampt_box_log.tsv
Updated table in /storage/home/jxa5508/VLEO-DSMC/README.md
