SPARTA (24 Sep 2025)
Running on 48 MPI task(s)
Created orthogonal box = (-0.75 -0.5 -0.5) to (0.75 0.5 0.5)
Loaded NRLMSIS data: rho=3.558043434783e-06 nrho=7.397509e+19 T=185.499913 vx=7850.3
MEAN FREE PATH = 0.0222252250555879 m
MEAN MOLEC VEL = 368.231283756939 m/s
CELL SIZE MUST BE LESS THAN 0.00740840835186263 m
MEAN COLL TIME = 6.03566998133115e-05 s
MEAN TRANSIT TIME = 2.01188999377705e-05 s
TIMESTEP MUST BE < 6.70629997925683e-06 s
Created 444889000 child grid cells
  CPU time = 7.71766 secs
  create/ghost percent = 17.6406 82.3594
Balance grid migrated 426407500 cells
  CPU time = 23.6786 secs
  reassign/sort/migrate/ghost percent = 29.9509 0.964058 50.832 18.2531
Reading surface file ...
  12 triangles
  -0.5 0.5 xlo xhi
  -0.1 0.1 ylo yhi
  -0.1 0.1 zlo zhi
  0.2 min triangle edge length
  0.02 min triangle area
  393426 = cells with surfs
  401184 = total surfs in all grid cells
  6 = max surfs in one grid cell
  133.333 = min surf-size/cell-size ratio
  393426 0 = cells overlapping surfs, overlap cells with unmarked corner pts
  40 tiny edges removed
  432714700 11780874 393426 = cells outside/inside/overlapping surfs
  393426 = surf cells with 1,2,etc splits
  1.45999999988518 1.46 = cell-wise and global flow volume
  CPU time = 6.65434 secs
  read/check/sort/surf2grid/ghost/inout/particle percent = 0.105674 0.0445255 17.1104 11.8935 70.8459 62.1745 0.000122792
  surf2grid time = 0.791434 secs
  map/comm1/comm2/comm3/comm4/split percent = 24.2302 0 0 0 0 51.8745
0 = initial surface count in group ampt_xnorm
4 = final surface count in group ampt_xnorm
0 = initial surface count in group ampt_yznorm
8 = final surface count in group ampt_yznorm
particles per particle = 7397509000
Creating particles ...
Using SLURM job id 53133071 for runtime/credits
Row: ['90', '', '', '0.00741/0.0015', '', '1000x667x667', '10000M', '22.48', 'himem', '48', '', '500', '00:01:36', '', '0.003085']
Appended row for altitude=90 km to /storage/home/jxa5508/VLEO-DSMC/data/ampt_box_log.tsv
Updated table in /storage/home/jxa5508/VLEO-DSMC/README.md
Saved /storage/home/jxa5508/VLEO-DSMC/outputs/Ethan_drag_theory_drag.png
Saved /storage/home/jxa5508/VLEO-DSMC/outputs/Ethan_drag_theory_Cd.png
