SPARTA (24 Sep 2025)
Running on 48 MPI task(s)
Created orthogonal box = (-0.75 -0.5 -0.5) to (0.75 0.5 0.5)
Loaded NRLMSIS data: rho=6.00437e-11 nrho=1.248365e+15 T=1386.144 vx=7725.8
MEAN FREE PATH = 1317.01271066921 m
MEAN MOLEC VEL = 1006.59076586524 m/s
CELL SIZE MUST BE LESS THAN 439.004236889737 m
MEAN COLL TIME = 1.3083894223261 s
MEAN TRANSIT TIME = 0.436129807442034 s
TIMESTEP MUST BE < 0.145376602480678 s
Created 1500000 child grid cells
  CPU time = 0.0294898 secs
  create/ghost percent = 13.6628 86.3372
Balance grid migrated 1428378 cells
  CPU time = 0.0619675 secs
  reassign/sort/migrate/ghost percent = 32.0314 0.978899 41.9801 25.0096
Reading surface file ...
  12 triangles
  -0.5 0.5 xlo xhi
  -0.1 0.1 ylo yhi
  -0.1 0.1 zlo zhi
  0.2 min triangle edge length
  0.02 min triangle area
  10168 = cells with surfs
  11684 = total surfs in all grid cells
  6 = max surfs in one grid cell
  20 = min surf-size/cell-size ratio
  10168 8 = cells overlapping surfs, overlap cells with unmarked corner pts
  2596 tiny edges removed
  1450632 39200 10168 = cells outside/inside/overlapping surfs
  10168 = surf cells with 1,2,etc splits
  1.46000000000047 1.46 = cell-wise and global flow volume
  CPU time = 0.0306318 secs
  read/check/sort/surf2grid/ghost/inout/particle percent = 17.2007 6.2345 8.76837 14.4085 53.3879 32.6011 0.0347645
  surf2grid time = 0.00441357 secs
  map/comm1/comm2/comm3/comm4/split percent = 19.435 0 0 0 0 61.7718
0 = initial surface count in group ampt_xnorm
4 = final surface count in group ampt_xnorm
0 = initial surface count in group ampt_yznorm
8 = final surface count in group ampt_yznorm
particles per particle = 124836500
Creating particles ...
Created 9733333 particles
  CPU time = 0.0428119 secs
Memory usage per proc in Mbytes:
  particles (ave,min,max) = 20.0521 18.75 20.3125
  grid      (ave,min,max) = 11.3458 7.70129 11.5763
  surf      (ave,min,max) = 0.00151062 0.00151062 0.00151062
  total     (ave,min,max) = 36.679 32.3927 37.2052
Step CPU Np Natt Ncoll c_Tbox c_drag c_drag_xnorm c_drag_walls 
       0            0  9733333        0        0    45401.717            0            0            0 
     100    1.4697233  9733668        0        0    45226.038 0.00016869201 9.4948706e-05 7.3743307e-05 
     200    3.0790392  9734622        0        0    45049.616 0.00016926183 9.5045375e-05 7.4216455e-05 
     300    4.7121055  9736721        0        0    44872.892 0.00016951041 9.517663e-05 7.4333784e-05 
     400    6.4660464  9752084        0        0    44704.903 0.0001696159 9.5269591e-05 7.434631e-05 
     500    8.3062911  9774772        0        0    44534.821 0.00016941087 9.5260497e-05 7.4150377e-05 
     600    10.140447  9797750        0        0    44363.354 0.00016944547 9.5264859e-05 7.4180606e-05 
     700    11.995127  9824575        0        0    44194.424 0.00016923028 9.5175635e-05 7.405465e-05 
     800    13.894989  9850909        0        0    44023.875 0.00016931779 9.5264439e-05 7.4053356e-05 
     900    15.819752  9879213        0        0    43858.098  0.000169246 9.5248454e-05 7.3997542e-05 
    1000    17.730324  9909609        0        0    43689.793 0.00016940176 9.5392246e-05 7.4009511e-05 
    1100    19.677541  9940268        0        0    43525.043 0.00016916207 9.5315202e-05 7.3846867e-05 
    1200    21.672108  9971280        0        0    43358.283 0.00016924455 9.5393415e-05 7.3851133e-05 
    1300    23.684819 10004231        0        0    43196.055 0.00016930586 9.5458427e-05 7.3847432e-05 
    1400     25.68206 10041058        0        0    43034.204 0.00016935226 9.5466195e-05 7.3886067e-05 
    1500    27.734274 10076530        3        0    42873.453 0.0001693253 9.545011e-05 7.387519e-05 
    1600    29.792108 10113718        3        0    42712.361 0.00016931592 9.5397992e-05 7.3917933e-05 
    1700     31.89266 10152276        2        0    42555.934 0.00016932293 9.5427591e-05 7.389534e-05 
    1800    34.029278 10189484        0        0    42396.727 0.00016930074 9.5422688e-05 7.3878048e-05 
    1900    36.165401 10226393        0        0    42236.891 0.00016932571 9.5445532e-05 7.3880178e-05 
    2000     38.32931 10264068        0        0    42082.728 0.00016930758 9.5444141e-05 7.3863435e-05 
    2100    40.522406 10301712        0        0    41928.138 0.00016929062 9.5421347e-05 7.3869272e-05 
    2200    42.742186 10339612        0        0    41775.387 0.00016924069 9.5348079e-05 7.3892607e-05 
    2300    44.977396 10375950        0        0    41620.509 0.00016925423 9.5339743e-05 7.3914492e-05 
    2400    47.249804 10413736        0        0    41469.389 0.00016920322 9.5312711e-05 7.389051e-05 
    2500    50.001122 10452397        0        0    41317.206 0.00016919714 9.5328047e-05 7.3869091e-05 
    2600    52.334643 10491527        1        1    41170.658 0.00016918691 9.5338636e-05 7.3848272e-05 
    2700    54.694497 10528040        0        0    41022.333 0.00016916715 9.5319614e-05 7.3847537e-05 
    2800    57.081165 10567922        0        0    40878.356 0.00016915527 9.5327657e-05 7.3827617e-05 
    2900     59.52124 10606150        1        0    40729.642 0.0001692107 9.5383404e-05 7.3827292e-05 
    3000    61.974919 10642518        0        0    40585.458 0.00016918453 9.5370408e-05 7.3814118e-05 
    3100    64.460023 10680100        0        0    40442.248 0.00016918121 9.5352702e-05 7.3828503e-05 
    3200    66.965801 10718243        0        0    40298.269 0.00016920788 9.5360988e-05 7.3846891e-05 
    3300    69.497036 10754644        0        0    40156.438 0.00016923235 9.5345032e-05 7.3887318e-05 
    3400    72.057708 10792908        0        0    40014.858 0.0001692521 9.5345023e-05 7.3907078e-05 
    3500    74.669465 10830080        0        0    39876.509  0.000169257 9.5345777e-05 7.3911224e-05 
    3600    77.292683 10867781        0        0    39740.375 0.00016918951 9.5284566e-05 7.3904945e-05 
    3700    79.953043 10907145        0        0    39603.917 0.0001691928 9.5309838e-05 7.3882958e-05 
    3800    82.632879 10944860        1        0    39469.623 0.00016921945 9.5321317e-05 7.3898134e-05 
    3900    85.363949 10981687        0        0    39335.121 0.00016919815 9.530915e-05 7.3888998e-05 
    4000    88.101588 11019009        3        1    39203.367 0.00016919065 9.5290775e-05 7.3899876e-05 
    4100    90.883021 11056822        1        0    39072.452 0.00016920679 9.5314338e-05 7.3892455e-05 
    4200    93.682142 11093494        1        0    38943.741 0.00016920058 9.5308258e-05 7.3892318e-05 
    4300    96.534179 11130073        1        0    38814.189 0.00016920568 9.5309339e-05 7.3896345e-05 
    4400    99.386669 11167286        1        0    38688.687 0.00016921062 9.5312802e-05 7.3897813e-05 
    4500     102.2702 11203956        2        1    38563.806 0.00016922408 9.5308436e-05 7.3915647e-05 
    4600    105.21477 11239916        3        0    38437.189 0.00016924366 9.5329563e-05 7.3914095e-05 
    4700     108.1651 11277499        1        0    38313.554 0.00016924837 9.5334103e-05 7.391427e-05 
    4800    111.14595 11314347        2        1    38192.538 0.00016926174 9.535371e-05 7.3908033e-05 
    4900    114.15596 11349761        1        1    38071.143 0.00016926571 9.5348961e-05 7.3916747e-05 
    5000    117.19412 11385972        2        0    37952.194 0.00016923806 9.5344754e-05 7.3893309e-05 
    5100    120.29209 11420897        0        0    37831.337 0.00016927555 9.536452e-05 7.3911025e-05 
    5200    123.39171 11457674        1        0    37718.675 0.00016925231 9.5355412e-05 7.3896901e-05 
    5300     126.5708 11493119        1        0    37601.706 0.00016923782 9.5357743e-05 7.3880079e-05 
    5400    129.71258 11527935        1        0    37487.632 0.00016919894 9.5327293e-05 7.3871649e-05 
    5500     132.8862 11563047        2        0    37378.613 0.00016918311 9.5314228e-05 7.386888e-05 
    5600    136.08277 11596647        0        0    37267.806 0.00016916435 9.5303924e-05 7.3860427e-05 
    5700    139.31475 11631932        0        0    37158.812 0.00016915868 9.5299782e-05  7.38589e-05 
    5800    142.60478 11666582        1        0    37049.244 0.00016917627 9.5310788e-05 7.3865485e-05 
    5900    145.89533 11700414        2        1    36945.464 0.00016914054 9.5298852e-05 7.3841686e-05 
    6000     149.2123 11732998        0        0    36837.675 0.00016914681 9.5295594e-05 7.3851215e-05 
    6100    152.58322 11768003        2        1    36733.149 0.00016914291 9.5299281e-05 7.3843632e-05 
    6200    155.95731 11801428        2        1    36628.967 0.00016915919 9.5312258e-05 7.3846936e-05 
    6300    159.41673 11835201        0        0     36523.77 0.00016918052 9.5325883e-05 7.3854638e-05 
    6400    162.84573 11869615        0        0    36423.515 0.00016918165 9.5330692e-05 7.3850961e-05 
    6500    166.30345 11902805        3        1    36323.939 0.00016916161 9.5318478e-05 7.3843127e-05 
    6600    169.75814 11934462        2        0    36222.464 0.00016919121 9.5345952e-05 7.3845255e-05 
    6700    173.23927 11966474        1        0      36123.9 0.00016918396 9.5327241e-05 7.3856715e-05 
    6800    176.74281 11998868        1        0    36028.025 0.0001691893 9.532582e-05 7.3863478e-05 
    6900     180.3033 12030283        2        0    35929.877 0.00016919452 9.5324772e-05 7.3869749e-05 
    7000    183.86142 12061784        0        0    35836.946 0.00016917819 9.5314878e-05 7.3863316e-05 
    7100    187.44061 12092106        0        0    35743.086 0.00016918395 9.5315593e-05 7.3868357e-05 
    7200    191.06202 12122915        2        1    35650.102 0.0001691839 9.5317137e-05 7.3866766e-05 
    7300    194.68062 12153537        1        0     35561.54 0.00016917611 9.5312457e-05 7.3863648e-05 
    7400    198.33391 12184357        2        0    35470.511 0.00016917129 9.5316301e-05 7.3854992e-05 
    7500    202.01491 12214212        0        0    35379.947 0.00016916626 9.5307723e-05 7.3858535e-05 
    7600    205.69912 12243070        1        1    35288.751 0.0001691825 9.5314455e-05 7.3868048e-05 
    7700     209.4009 12274149        0        0    35202.345 0.00016919095 9.5325509e-05 7.3865441e-05 
    7800    213.13514 12305285        2        1    35116.994 0.00016917589 9.5315718e-05 7.3860174e-05 
    7900    216.88702 12335516        1        0    35032.814 0.00016917759 9.531027e-05 7.3867317e-05 
    8000    220.69241 12364919        0        0    34947.602 0.00016920235 9.5328505e-05 7.3873849e-05 
Loop time of 220.693 on 48 procs for 8000 steps with 12364919 particles

MPI task timing breakdown:
Section |  min time  |  avg time  |  max time  |%varavg| %total
---------------------------------------------------------------
Move    | 70.483     | 92.949     | 124.02     | 107.5 | 42.12
Coll    | 11.237     | 15.049     | 35.054     | 135.9 |  6.82
Sort    | 33.982     | 38.812     | 54.163     |  71.5 | 17.59
Comm    | 1.8594     | 2.0073     | 2.1138     |   4.5 |  0.91
Modify  | 3.6943     | 38.085     | 47.3       | 153.1 | 17.26
Output  | 0.37058    | 0.37078    | 0.37827    |   0.2 |  0.17
Other   |            | 33.42      |            |       | 15.14

Particle moves    = 88073918720 (88.1B)
Cells touched     = 94962292337 (95B)
Particle comms    = 155781262 (156M)
Boundary collides = 0 (0K)
Boundary exits    = 38618502 (38.6M)
SurfColl checks   = 2379810026 (2.38B)
SurfColl occurs   = 3029901 (3.03M)
Surf reactions    = 0 (0K)
Collide attempts  = 6139 (6.14K)
Collide occurs    = 985 (0.985K)
Gas reactions     = 0 (0K)
Particles stuck   = 0
Axisymm bad moves = 0

Particle-moves/CPUsec/proc: 8.31416e+06
Particle-moves/step: 1.10092e+07
Cell-touches/particle/step: 1.07821
Particle comm iterations/step: 1
Particle fraction communicated: 0.00176876
Particle fraction colliding with boundary: 0
Particle fraction exiting boundary: 0.000438478
Surface-checks/particle/step: 0.0270206
Surface-collisions/particle/step: 3.44018e-05
Surface-reactions/particle/step: 0
Collision-attempts/particle/step: 6.97028e-08
Collisions/particle/step: 1.11838e-08
Gas-reactions/particle/step: 0

Particles: 257602 ave 590932 max 199287 min
Histogram: 29 13 2 0 0 0 0 0 1 3
Cells:     31250 ave 31250 max 31250 min
Histogram: 48 0 0 0 0 0 0 0 0 0
GhostCell: 12513.1 ave 15490 max 10090 min
Histogram: 3 6 10 4 5 9 0 8 0 3
EmptyCell: 4478.35 ave 6193 max 2808 min
Histogram: 2 0 13 10 0 3 8 6 0 6
Surfs:     12 ave 12 max 12 min
Histogram: 48 0 0 0 0 0 0 0 0 0
GhostSurf: 0 ave 0 max 0 min
Histogram: 48 0 0 0 0 0 0 0 0 0
