SPARTA (24 Sep 2025)
Running on 48 MPI task(s)
Created orthogonal box = (-0.75 -0.5 -0.5) to (0.75 0.5 0.5)
Loaded NRLMSIS data: rho=1.806179347826e-05 nrho=3.755218e+20 T=203.947765 vx=7856.3
MEAN FREE PATH = 0.00437820951672331 m
MEAN MOLEC VEL = 386.10756833286 m/s
CELL SIZE MUST BE LESS THAN 0.0014594031722411 m
MEAN COLL TIME = 1.13393517138957e-05 s
MEAN TRANSIT TIME = 3.77978390463189e-06 s
TIMESTEP MUST BE < 1.25992796821063e-06 s
Created 1500000 child grid cells
  CPU time = 0.0259977 secs
  create/ghost percent = 14.8983 85.1017
Balance grid migrated 1428378 cells
  CPU time = 0.0620387 secs
  reassign/sort/migrate/ghost percent = 31.9037 0.967772 41.9103 25.2183
Reading surface file ...
  12 triangles
  -0.5 0.5 xlo xhi
  -0.1 0.1 ylo yhi
  -0.1 0.1 zlo zhi
  0.2 min triangle edge length
  0.02 min triangle area
  10168 = cells with surfs
  11684 = total surfs in all grid cells
  6 = max surfs in one grid cell
  20 = min surf-size/cell-size ratio
  10168 8 = cells overlapping surfs, overlap cells with unmarked corner pts
  2596 tiny edges removed
  1450632 39200 10168 = cells outside/inside/overlapping surfs
  10168 = surf cells with 1,2,etc splits
  1.46000000000047 1.46 = cell-wise and global flow volume
  CPU time = 0.0260688 secs
  read/check/sort/surf2grid/ghost/inout/particle percent = 4.17041 6.78487 9.9196 16.7766 62.3485 38.5536 0.0368602
  surf2grid time = 0.00437345 secs
  map/comm1/comm2/comm3/comm4/split percent = 19.8559 0 0 0 0 61.1494
0 = initial surface count in group ampt_xnorm
4 = final surface count in group ampt_xnorm
0 = initial surface count in group ampt_yznorm
8 = final surface count in group ampt_yznorm
particles per particle = 37552180000000
Creating particles ...
Created 9733333 particles
  CPU time = 0.0429875 secs
Memory usage per proc in Mbytes:
  particles (ave,min,max) = 20.0521 18.75 20.3125
  grid      (ave,min,max) = 11.3458 7.70129 11.5763
  surf      (ave,min,max) = 0.00151062 0.00151062 0.00151062
  total     (ave,min,max) = 36.679 32.3927 37.2052
Step CPU Np Natt Ncoll c_Tbox c_drag c_drag_xnorm c_drag_walls 
       0            0  9733333        0        0    71671.672            0            0            0 
     100    1.4785963  9733032   105520    55181    71471.082    61.056102    47.427559    13.628544 
     200    3.0966084  9734291   117575    60641    71253.371    64.789377    46.977321    17.812056 
     300    4.8206352  9733864   127972    65236    71039.651     65.68231    46.443393    19.238916 
     400    6.6722195  9751659   136971    70137    70849.883    64.910534    46.071773    18.838762 
     500    8.6114124  9773380   144370    74067    70669.077    63.887675    45.658154    18.229521 
     600    10.628024  9797941   150844    77296    70499.572    62.745196    45.148044    17.597152 
     700    12.682344  9821488   156055    80190    70338.513    61.640987    44.623386    17.017601 
     800    14.768718  9845267   163069    84605    70181.901    60.732648    44.237011    16.495637 
     900    16.918679  9871134   168516    88160    70032.492    59.977954    43.957083    16.020871 
    1000    19.126191  9896574   174107    91941    69888.124    59.239821     43.64152    15.598301 
    1100    21.336268  9923066   180233    95738    69747.872    58.595007    43.354909    15.240098 
    1200    23.623465  9948805   186088    99258     69609.09     58.03925    43.105483    14.933767 
    1300    25.908956  9974468   192210   103469    69472.516    57.524782    42.862785    14.661998 
    1400    28.226667 10001595   198575   107727    69339.215    57.111524    42.685751    14.425773 
    1500    30.600346 10027598   204184   111417    69209.264    56.727453    42.513893     14.21356 
    1600    32.951549 10053398   210779   116472    69075.531    56.392765    42.362532    14.030232 
    1700    35.442035 10073217   218053   121272    68931.954    56.131663    42.241729    13.889934 
    1800    37.868796 10094811   224426   125614    68775.234    55.897708    42.126378    13.771331 
    1900    40.299243 10106011   230657   128994    68580.677    55.696153     42.03017    13.665982 
    2000    42.748712 10161595   237522   133120    68389.865    55.476536     41.90924    13.567296 
    2100    45.218258 10204331   245538   137754    68206.196    55.312085     41.81844    13.493645 
    2200     47.70305 10246789   251718   140949    68026.338    55.134947    41.718071    13.416876 
    2300    50.194819 10291772   257918   145007    67849.797    54.987193    41.641297    13.345897 
    2400    52.700629 10337948   264333   148029    67678.282    54.857011    41.566849    13.290162 
    2500    55.221611 10384256   270019   150566    67517.688    54.740218    41.501349    13.238868 
    2600    57.794194 10427765   275700   153615    67369.024    54.638731     41.44766    13.191071 
    2700    60.353122 10470875   281362   157019    67232.143    54.541864     41.39284    13.149024 
    2800    62.921877 10509882   286278   158653    67107.445    54.443159    41.341546    13.101613 
    2900    65.496796 10543422   291123   160794    66992.844    54.358618    41.297689    13.060929 
    3000    68.146139 10573938   296289   163659    66889.941    54.278383    41.254884    13.023499 
    3100    70.735214 10600442   300095   165136     66797.51    54.201371    41.220405    12.980966 
    3200     73.34166 10621661   303400   167345    66713.695    54.107135    41.165839    12.941296 
    3300    75.948279 10643905   306596   168153    66636.953    54.021176    41.113865    12.907312 
    3400    78.562916 10664044   309856   169559    66568.796    53.956074    41.083376    12.872698 
    3500     81.20647 10683225   312528   170844    66503.105     53.87784    41.038617    12.839223 
    3600    83.851625 10699894   314850   171581     66444.97    53.812905    41.002831    12.810074 
    3700    86.474894 10712722   317326   172591    66390.654    53.750696     40.97373    12.776966 
    3800     89.10476 10725485   318442   172728    66337.166    53.699517    40.951248    12.748269 
    3900    91.735742 10737963   321611   173733    66294.387    53.657323    40.939141    12.718182 
    4000    94.363433 10747312   322514   173957    66253.733    53.603523    40.909626    12.693898 
    4100    97.016974 10757260   323877   174639    66212.953    53.546646    40.879958    12.666689 
    4200    99.654668 10766324   324848   174628    66178.036    53.489216    40.849717    12.639499 
    4300    102.30087 10774794   327113   175634    66146.676    53.446147    40.834987     12.61116 
    4400    104.95359 10780189   327338   175918    66117.857    53.400077    40.808984    12.591093 
    4500    107.60337 10787691   328899   176108    66089.867    53.361332    40.793289    12.568043 
    4600    110.26126 10791759   329987   176654     66063.41    53.328126    40.784917    12.543209 
    4700    112.94599 10797480   331107   177182    66040.692    53.279788    40.760858     12.51893 
    4800    115.60588 10802368   331765   176728    66017.169    53.243436    40.745255    12.498181 
    4900    118.25302 10808242   332060   176858    65993.922     53.20559    40.726819    12.478771 
    5000    120.90215 10813424   333376   177177    65975.129    53.168906    40.712729    12.456177 
Loop time of 120.902 on 48 procs for 5000 steps with 10813424 particles

MPI task timing breakdown:
Section |  min time  |  avg time  |  max time  |%varavg| %total
---------------------------------------------------------------
Move    | 28.154     | 45.835     | 55.502     |  97.2 | 37.91
Coll    | 8.0149     | 17.78      | 37.247     | 152.7 | 14.71
Sort    | 13.294     | 21.883     | 25.372     |  56.4 | 18.10
Comm    | 1.1112     | 1.2229     | 1.2988     |   3.7 |  1.01
Modify  | 2.0269     | 22.764     | 40.995     | 170.8 | 18.83
Output  | 0.1864     | 0.18655    | 0.19236    |   0.2 |  0.15
Other   |            | 11.23      |            |       |  9.29

Particle moves    = 51674819925 (51.7B)
Cells touched     = 56007680881 (56B)
Particle comms    = 95569755 (95.6M)
Boundary collides = 0 (0K)
Boundary exits    = 25109836 (25.1M)
SurfColl checks   = 668954040 (669M)
SurfColl occurs   = 3835327 (3.84M)
Surf reactions    = 0 (0K)
Collide attempts  = 1254069151 (1.25B)
Collide occurs    = 680809497 (681M)
Gas reactions     = 0 (0K)
Particles stuck   = 0
Axisymm bad moves = 0

Particle-moves/CPUsec/proc: 8.90437e+06
Particle-moves/step: 1.0335e+07
Cell-touches/particle/step: 1.08385
Particle comm iterations/step: 1
Particle fraction communicated: 0.00184945
Particle fraction colliding with boundary: 0
Particle fraction exiting boundary: 0.00048592
Surface-checks/particle/step: 0.0129455
Surface-collisions/particle/step: 7.42204e-05
Surface-reactions/particle/step: 0
Collision-attempts/particle/step: 0.0242685
Collisions/particle/step: 0.0131749
Gas-reactions/particle/step: 0

Particles: 225280 ave 310290 max 69488 min
Histogram: 1 1 0 3 3 8 11 13 3 5
Cells:     31250 ave 31250 max 31250 min
Histogram: 48 0 0 0 0 0 0 0 0 0
GhostCell: 12513.1 ave 15490 max 10090 min
Histogram: 3 6 10 4 5 9 0 8 0 3
EmptyCell: 4478.35 ave 6193 max 2808 min
Histogram: 2 0 13 10 0 3 8 6 0 6
Surfs:     12 ave 12 max 12 min
Histogram: 48 0 0 0 0 0 0 0 0 0
GhostSurf: 0 ave 0 max 0 min
Histogram: 48 0 0 0 0 0 0 0 0 0
Using SLURM job id 53112374 for runtime/credits
Row: ['80', '53.2', '2.39', '0.00146/0.01', '1.26e-06/1e-07', '150x100x100', '10M', '6.67', 'himem', '48', '24.18 ms', '5000', '00:02:03', '0.006170']
Appended row for altitude=80 km to /storage/home/jxa5508/VLEO-DSMC/data/ampt_box_log.tsv
Updated table in /storage/home/jxa5508/VLEO-DSMC/README.md
Saved /storage/home/jxa5508/VLEO-DSMC/outputs/Ethan_drag_theory_drag.png
Saved /storage/home/jxa5508/VLEO-DSMC/outputs/Ethan_drag_theory_Cd.png
